gpu_depthstruct | device=NVIDIA GeForce RTX 4060 Laptop GPU 9GB | n=5 L=8192 Tmax=30000 batch=4096 gens=100 seed=1
  QUESTION: does a TM-appropriate structure term (head-track edge-of-chaos, the expEE gap closed)
  change WHAT depth-evolution finds — deep+structured machines vs plain deep counters?

  === condition: depth ===
    [depth] gen    0: fit=19.0 rt=19 track=0.000 tape=0.000 [17s]
    [depth] gen   10: fit=104.0 rt=104 track=0.000 tape=0.000 [185s]
    [depth] gen   20: fit=210.0 rt=210 track=0.000 tape=0.000 [358s]
    [depth] gen   30: fit=210.0 rt=210 track=0.000 tape=0.000 [516s]
    [depth] gen   40: fit=210.0 rt=210 track=0.000 tape=0.000 [663s]
    [depth] gen   50: fit=210.0 rt=210 track=0.000 tape=0.000 [805s]
    [depth] gen   60: fit=210.0 rt=210 track=0.000 tape=0.000 [939s]
    [depth] gen   70: fit=307.0 rt=307 track=0.000 tape=0.000 [1106s]
    [depth] gen   80: fit=307.0 rt=307 track=0.000 tape=0.000 [1265s]
    [depth] gen   90: fit=307.0 rt=307 track=0.000 tape=0.000 [1412s]
    [depth] gen   99: fit=307.0 rt=307 track=0.000 tape=0.000 [1546s]
    BEST: rt=307 track=0.0 tape=0.0 rerun_ok=True

  === condition: depthXtrack ===
    [depthXtrack] gen    0: fit=1.9 rt=19 track=0.000 tape=0.000 [18s]
    [depthXtrack] gen   10: fit=10.4 rt=104 track=0.000 tape=0.000 [180s]
    [depthXtrack] gen   20: fit=21.0 rt=210 track=0.000 tape=0.000 [315s]
    [depthXtrack] gen   30: fit=21.0 rt=210 track=0.000 tape=0.000 [447s]
    [depthXtrack] gen   40: fit=21.0 rt=210 track=0.000 tape=0.000 [588s]
    [depthXtrack] gen   50: fit=21.0 rt=210 track=0.000 tape=0.000 [724s]
    [depthXtrack] gen   60: fit=21.0 rt=210 track=0.000 tape=0.000 [875s]
    [depthXtrack] gen   70: fit=30.7 rt=307 track=0.000 tape=0.000 [1009s]
    [depthXtrack] gen   80: fit=30.7 rt=307 track=0.000 tape=0.000 [1150s]
    [depthXtrack] gen   90: fit=30.7 rt=307 track=0.000 tape=0.000 [1288s]
    [depthXtrack] gen   99: fit=30.7 rt=307 track=0.000 tape=0.000 [1414s]
    BEST: rt=307 track=0.0 tape=0.0 rerun_ok=True

  === condition: trackonly ===
    [trackonly] gen    0: fit=0.6 rt=30000 track=0.643 tape=0.000 [15s]
    [trackonly] gen   10: fit=1.0 rt=30000 track=0.970 tape=0.000 [154s]
    [trackonly] gen   20: fit=1.0 rt=30000 track=0.980 tape=0.000 [293s]
    [trackonly] gen   30: fit=1.0 rt=30000 track=0.993 tape=0.000 [432s]
    [trackonly] gen   40: fit=1.0 rt=30000 track=0.993 tape=0.000 [573s]
    [trackonly] gen   50: fit=1.0 rt=30000 track=0.994 tape=0.000 [717s]
    [trackonly] gen   60: fit=1.0 rt=30000 track=0.994 tape=0.000 [859s]
    [trackonly] gen   70: fit=1.0 rt=30000 track=0.998 tape=0.000 [1018s]
    [trackonly] gen   80: fit=1.0 rt=30000 track=1.000 tape=0.000 [1170s]
    [trackonly] gen   90: fit=1.0 rt=30000 track=1.000 tape=0.000 [1304s]
    [trackonly] gen   99: fit=1.0 rt=30000 track=1.000 tape=0.000 [1417s]
    BEST: rt=30000 track=1.0 tape=0.0 rerun_ok=True

  === SUMMARY (best per condition) ===
    depth        rt=    307  track=0.000  tape=0.000  rerun_ok=True
    depthXtrack  rt=    307  track=0.000  tape=0.000  rerun_ok=True
    trackonly    rt=  30000  track=1.000  tape=0.000  rerun_ok=True

  READ: depth-only finding high-rt/low-track machines while depthXtrack finds high-rt/
  mid-track machines = the structure term steers WHAT is found (then RENDER the position
  traces before any verdict). depthXtrack collapsing to shallow runtimes = structure taxes
  depth (the expEE landscape gate, now measured with an uncontaminated signal).
