device=cuda  SELF-DISCOVERY (expert iteration, exact filter, NO traces) ops=['mul', 'div']
  params: 14025
  it    1  wmax 1  hits   32 (loop   0)  body[mul:-,div:-]  loss 2.0588  eps 0.25  greedy[mul] w1:0.00  w2:0.00
      *** DISCOVERED mul loop body: [GETDIGIT MULDIGIT GETDIGIT* MULDIGIT SHL ADD_ACC SHL INC_J]  (it 2) ***
      *** DISCOVERED div loop body: [GETDIGIT COMBINE SUB_D* STOREQ INC_J]  (it 7) ***
  it   10  wmax 1  hits   81 (loop   0)  body[mul:Y,div:Y]  loss 1.3724  eps 0.06  greedy[mul] w1:0.23  w2:0.03
  it   20  wmax 1  hits  411 (loop   0)  body[mul:Y,div:Y]  loss 0.1601  eps 0.06  greedy[mul] w1:1.00  w2:1.00
  it   30  wmax 1  hits 1154 (loop   0)  body[mul:Y,div:Y]  loss 0.0222  eps 0.06  greedy[mul] w1:1.00  w2:1.00
  it   40  wmax 1  hits 1397 (loop   0)  body[mul:Y,div:Y]  loss 0.0091  eps 0.06  greedy[mul] w1:1.00  w2:1.00
  it   50  wmax 1  hits 1469 (loop   0)  body[mul:Y,div:Y]  loss 0.0051  eps 0.06  greedy[mul] w1:1.00  w2:1.00
  it   60  wmax 1  hits 1548 (loop   0)  body[mul:Y,div:Y]  loss 0.0032  eps 0.06  greedy[mul] w1:1.00  w2:1.00
  it   70  wmax 1  hits 1550 (loop   0)  body[mul:Y,div:Y]  loss 0.0023  eps 0.06  greedy[mul] w1:1.00  w2:1.00
  it   80  wmax 1  hits 1523 (loop   0)  body[mul:Y,div:Y]  loss 0.0017  eps 0.06  greedy[mul] w1:1.00  w2:1.00
  it   90  wmax 1  hits 1542 (loop   0)  body[mul:Y,div:Y]  loss 0.0013  eps 0.06  greedy[mul] w1:1.00  w2:1.00
  it  100  wmax 1  hits 1573 (loop   0)  body[mul:Y,div:Y]  loss 0.0011  eps 0.06  greedy[mul] w1:1.00  w2:1.00
  it  110  wmax 1  hits 1565 (loop   0)  body[mul:Y,div:Y]  loss 0.0009  eps 0.06  greedy[mul] w1:1.00  w2:1.00
  it  120  wmax 1  hits 1552 (loop   0)  body[mul:Y,div:Y]  loss 0.0008  eps 0.06  greedy[mul] w1:1.00  w2:1.00
  it  130  wmax 1  hits 1578 (loop   0)  body[mul:Y,div:Y]  loss 0.0006  eps 0.06  greedy[mul] w1:1.00  w2:1.00
  it  140  wmax 1  hits 1580 (loop   0)  body[mul:Y,div:Y]  loss 0.0006  eps 0.06  greedy[mul] w1:1.00  w2:1.00
  it  150  wmax 1  hits 1594 (loop   0)  body[mul:Y,div:Y]  loss 0.0005  eps 0.06  greedy[mul] w1:1.00  w2:1.00
  it  160  wmax 1  hits 1571 (loop   0)  body[mul:Y,div:Y]  loss 0.0004  eps 0.06  greedy[mul] w1:1.00  w2:1.00

  first exact-correct self-sample per op (iteration): {'first_hit': {'mul': 1, 'div': 1}, 'first_loop_hit': {'mul': None, 'div': None}, 'body': {'mul': ((1, False), (2, False), (1, True), (2, False), (3, False), (4, False), (3, False), (5, False)), 'div': ((1, False), (6, False), (7, True), (8, False), (5, False))}}

  LENGTH-GEN (greedy; model emits AND runs the discovered program, no traces shown):
    mul: w1:1.000  w2:1.000  w3:1.000  w4:1.000  w6:1.000  w8:1.000  w12:1.000  w16:1.000  w20:1.000
    div: w1:1.000  w2:1.000  w3:1.000  w4:1.000  w6:1.000  w8:1.000  w12:1.000  w16:1.000  w20:1.000

  example emitted programs (the discovered composition):
    47*83 (=3901, got 3901): GETDIGIT MULDIGIT MULDIGIT SHL ADD_ACC SHL INC_J GETDIGIT MULDIGIT MULDIGIT SHL ADD_ACC SHL INC_J HALT
    1234/7 (=176, got 176): GETDIGIT COMBINE STOREQ INC_J GETDIGIT COMBINE SUB_D STOREQ INC_J GETDIGIT COMBINE SUB_D SUB_D SUB_D SUB_D SUB_D SUB_D SUB_D STOREQ INC_J GETDIGIT COMBINE SUB_D SUB_D SUB_D SUB_D SUB_D SUB_D STOREQ INC_J HALT
    9999/3 (=3333, got 3333): GETDIGIT COMBINE SUB_D SUB_D SUB_D STOREQ INC_J GETDIGIT COMBINE SUB_D SUB_D SUB_D STOREQ INC_J GETDIGIT COMBINE SUB_D SUB_D SUB_D STOREQ INC_J GETDIGIT COMBINE SUB_D SUB_D SUB_D STOREQ INC_J HALT

saved runs/expJ_both.pt
