  STAGE 2 (CPU PSLQ, 18 procs): verifying 37,454 survivors against the constant battery
    chunk 1/72  hits so far 0  [65s]
    chunk 2/72  hits so far 4  [65s]
    chunk 3/72  hits so far 4  [66s]
    chunk 4/72  hits so far 6  [66s]
    chunk 5/72  hits so far 7  [67s]
    chunk 6/72  hits so far 7  [67s]
    chunk 7/72  hits so far 8  [67s]
    chunk 8/72  hits so far 10  [68s]
    chunk 9/72  hits so far 11  [68s]
    chunk 10/72  hits so far 11  [69s]
    chunk 11/72  hits so far 19  [69s]
    chunk 12/72  hits so far 21  [69s]
    chunk 13/72  hits so far 28  [69s]
    chunk 14/72  hits so far 29  [70s]
    chunk 15/72  hits so far 33  [70s]
    chunk 16/72  hits so far 38  [71s]
    chunk 17/72  hits so far 39  [71s]
    chunk 18/72  hits so far 42  [72s]
    chunk 19/72  hits so far 42  [132s]
    chunk 20/72  hits so far 42  [134s]
    chunk 21/72  hits so far 43  [134s]
    chunk 22/72  hits so far 43  [135s]
    chunk 23/72  hits so far 44  [135s]
    chunk 24/72  hits so far 44  [135s]
    chunk 25/72  hits so far 44  [137s]
    chunk 26/72  hits so far 44  [137s]
    chunk 27/72  hits so far 44  [137s]
    chunk 28/72  hits so far 44  [137s]
    chunk 29/72  hits so far 44  [138s]
    chunk 30/72  hits so far 44  [138s]
    chunk 31/72  hits so far 46  [138s]
    chunk 32/72  hits so far 46  [139s]
    chunk 33/72  hits so far 46  [139s]
    chunk 34/72  hits so far 46  [139s]
    chunk 35/72  hits so far 46  [139s]
    chunk 36/72  hits so far 46  [139s]
    chunk 37/72  hits so far 46  [196s]
    chunk 38/72  hits so far 46  [198s]
    chunk 39/72  hits so far 46  [199s]
    chunk 40/72  hits so far 46  [199s]
    chunk 41/72  hits so far 46  [200s]
    chunk 42/72  hits so far 46  [201s]
    chunk 43/72  hits so far 46  [202s]
    chunk 44/72  hits so far 46  [203s]
    chunk 45/72  hits so far 46  [203s]
    chunk 46/72  hits so far 46  [204s]
    chunk 47/72  hits so far 47  [205s]
    chunk 48/72  hits so far 49  [205s]
    chunk 49/72  hits so far 49  [206s]
    chunk 50/72  hits so far 49  [207s]
    chunk 51/72  hits so far 50  [207s]
    chunk 52/72  hits so far 50  [207s]
    chunk 53/72  hits so far 50  [207s]
    chunk 54/72  hits so far 50  [208s]
    chunk 55/72  hits so far 51  [261s]
    chunk 56/72  hits so far 51  [263s]
    chunk 57/72  hits so far 51  [265s]
    chunk 58/72  hits so far 51  [266s]
    chunk 59/72  hits so far 52  [266s]
    chunk 60/72  hits so far 54  [268s]
    chunk 61/72  hits so far 56  [268s]
    chunk 62/72  hits so far 58  [268s]
    chunk 63/72  hits so far 59  [269s]
    chunk 64/72  hits so far 61  [269s]
    chunk 65/72  hits so far 61  [270s]
    chunk 66/72  hits so far 66  [271s]
    chunk 67/72  hits so far 67  [271s]
    chunk 68/72  hits so far 74  [271s]
    chunk 69/72  hits so far 82  [272s]
    chunk 70/72  hits so far 83  [272s]
    chunk 71/72  hits so far 86  [272s]
    chunk 72/72  hits so far 90  [272s]

  STAGE 2 done: 90 constant-specific Mobius identities (rational trap filtered) [272s]
  POSITIVE CONTROL (4/pi AND RM 8/(7zeta3) recovered): OK
  per-constant: e:44  pi:21  log2:16  catalan:4  zeta3:3  pi^2:2
  TAIL constants (catalan/zeta3/gamma) hits: catalan:4, zeta3:3, gamma:0  <- any nonzero is notable (NOT claimed novel without a literature check)
    [TAIL] zeta3    A=[1, 5, 9, 6] B=[0, 0, 0, 0, 0, 0, -1] v=0.9507512829493799642092 rel=[-8, 0, 0, 7] height=8
    [TAIL] zeta3    A=[-1, -5, -9, -6] B=[0, 0, 0, 0, 0, 0, -1] v=-0.950751282949379964209 rel=[-8, 0, 0, -7] height=8
    [TAIL] zeta3    A=[1, 5, 9, 6] B=[0, 0, 0, 0, 0, 0, -1] v=0.9507512829493799642092 rel=[-8, 0, 0, 7] height=8
  wrote runs_pod/phase2/pcf_gen6/stage2_hits.json + stage2_summary.json
