gpu_weird_soup | device=cuda | primordial BFF soup


  soup: N=8192 L=32 K=160 epochs=2200 mut=0.001 alphabet=256
  WATCH: zlib drops + top-genotype rises = self-replicators emerged from random code (life from noise).

  ep     0: zlib=0.993 top-genotype=    1/8192 distinct=  8192  [1s]
  ep    50: zlib=0.896 top-genotype=    3/8192 distinct=  8190  [56s]
  ep   100: zlib=0.874 top-genotype=    1/8192 distinct=  8192  [102s]
  ep   150: zlib=0.876 top-genotype=    1/8192 distinct=  8192  [149s]
  ep   200: zlib=0.883 top-genotype=    3/8192 distinct=  8189  [195s]
  ep   250: zlib=0.876 top-genotype=    2/8192 distinct=  8190  [241s]
  ep   300: zlib=0.873 top-genotype=    4/8192 distinct=  8188  [287s]
  ep   350: zlib=0.870 top-genotype=    1/8192 distinct=  8192  [333s]
  ep   400: zlib=0.878 top-genotype=    2/8192 distinct=  8191  [379s]
  ep   450: zlib=0.881 top-genotype=    4/8192 distinct=  8185  [425s]
  ep   500: zlib=0.876 top-genotype=    4/8192 distinct=  8186  [471s]
  ep   550: zlib=0.871 top-genotype=    2/8192 distinct=  8191  [518s]
  ep   600: zlib=0.874 top-genotype=    1/8192 distinct=  8192  [564s]
  ep   650: zlib=0.885 top-genotype=    2/8192 distinct=  8191  [610s]
  ep   700: zlib=0.884 top-genotype=    1/8192 distinct=  8192  [656s]
  ep   750: zlib=0.880 top-genotype=    2/8192 distinct=  8191  [702s]
  ep   800: zlib=0.879 top-genotype=    3/8192 distinct=  8188  [748s]
  ep   850: zlib=0.877 top-genotype=    6/8192 distinct=  8185  [794s]
  ep   900: zlib=0.886 top-genotype=    2/8192 distinct=  8191  [840s]
  ep   950: zlib=0.854 top-genotype=    1/8192 distinct=  8192  [886s]
  ep  1000: zlib=0.823 top-genotype=    4/8192 distinct=  8183  [932s]
  ep  1050: zlib=0.334 top-genotype=    9/8192 distinct=  7998  [978s]
  ep  1100: zlib=0.300 top-genotype=   13/8192 distinct=  7668  [1024s]
  ep  1150: zlib=0.234 top-genotype=   68/8192 distinct=  6776  [1070s]
  ep  1200: zlib=0.221 top-genotype=   37/8192 distinct=  7059  [1116s]
  ep  1250: zlib=0.228 top-genotype=   61/8192 distinct=  6994  [1162s]
  ep  1300: zlib=0.234 top-genotype=   69/8192 distinct=  6960  [1208s]
  ep  1350: zlib=0.238 top-genotype=   21/8192 distinct=  7147  [1253s]
  ep  1400: zlib=0.226 top-genotype=   17/8192 distinct=  7152  [1299s]
  ep  1450: zlib=0.224 top-genotype=   20/8192 distinct=  7174  [1345s]
  ep  1500: zlib=0.222 top-genotype=   24/8192 distinct=  7211  [1391s]
  ep  1550: zlib=0.226 top-genotype=   14/8192 distinct=  7361  [1437s]
  ep  1600: zlib=0.238 top-genotype=   20/8192 distinct=  7523  [1483s]
  ep  1650: zlib=0.231 top-genotype=   16/8192 distinct=  7476  [1528s]
  ep  1700: zlib=0.233 top-genotype=   11/8192 distinct=  7614  [1574s]
  ep  1750: zlib=0.233 top-genotype=   28/8192 distinct=  7462  [1620s]
  ep  1800: zlib=0.232 top-genotype=   16/8192 distinct=  7546  [1666s]
  ep  1850: zlib=0.236 top-genotype=   20/8192 distinct=  7445  [1712s]
  ep  1900: zlib=0.232 top-genotype=   26/8192 distinct=  7333  [1757s]
  ep  1950: zlib=0.232 top-genotype=   48/8192 distinct=  7249  [1803s]
  ep  2000: zlib=0.229 top-genotype=   28/8192 distinct=  6995  [1849s]
  ep  2050: zlib=0.222 top-genotype=   26/8192 distinct=  7186  [1895s]
  ep  2100: zlib=0.220 top-genotype=   70/8192 distinct=  6953  [1941s]
  ep  2150: zlib=0.224 top-genotype=   55/8192 distinct=  7042  [1986s]
  ep  2199: zlib=0.224 top-genotype=   34/8192 distinct=  7107  [2031s]

  dominant genotype x34/8192: ...............+................
  contains a copy-op inside a loop (replicator signature)? False

  READ: a sharp zlib drop + a dominant genotype carrying a copy-loop = SURVIVAL-selection produced functional
  MEANING from NO target (the bridge expW lacked). Flat zlib ~1.0 = no emergence (soup stayed random).
