gpu_metabolism | device=cuda | merit=intrinsic N=8192 CL=29 K=120 B=12 gens=5000

  WATCH (logic): the LADDER climbing NOT->AND/OR->XOR/EQU = computation-coupling DRIVES complexity growth (what
  pure survival lacked). Plateau at trivial = it doesn't bootstrap. Then INSPECT best_code for the evolved procedure.

  gen     0: best_merit=0.45 mean=0.026 bestfn=-    | ladder[] [1s]
  gen   200: best_merit=0.50 mean=0.328 bestfn=-    | ladder[] [95s]
  gen   400: best_merit=0.50 mean=0.328 bestfn=-    | ladder[] [190s]
  gen   600: best_merit=0.50 mean=0.329 bestfn=-    | ladder[] [284s]
  gen   800: best_merit=0.51 mean=0.326 bestfn=-    | ladder[] [378s]
  gen  1000: best_merit=0.51 mean=0.328 bestfn=-    | ladder[] [473s]
  gen  1200: best_merit=0.50 mean=0.336 bestfn=-    | ladder[] [567s]
  gen  1400: best_merit=0.50 mean=0.347 bestfn=-    | ladder[] [662s]
  gen  1600: best_merit=0.50 mean=0.349 bestfn=-    | ladder[] [756s]
  gen  1800: best_merit=0.49 mean=0.349 bestfn=-    | ladder[] [851s]
  gen  2000: best_merit=0.50 mean=0.349 bestfn=-    | ladder[] [945s]
  gen  2200: best_merit=0.50 mean=0.346 bestfn=-    | ladder[] [1040s]
  gen  2400: best_merit=0.50 mean=0.349 bestfn=-    | ladder[] [1134s]
  gen  2600: best_merit=0.49 mean=0.351 bestfn=-    | ladder[] [1229s]
  gen  2800: best_merit=0.50 mean=0.352 bestfn=-    | ladder[] [1323s]
  gen  3000: best_merit=0.50 mean=0.350 bestfn=-    | ladder[] [1418s]
  gen  3200: best_merit=0.50 mean=0.348 bestfn=-    | ladder[] [1512s]
  gen  3400: best_merit=0.50 mean=0.346 bestfn=-    | ladder[] [1607s]
  gen  3600: best_merit=0.50 mean=0.347 bestfn=-    | ladder[] [1701s]
  gen  3800: best_merit=0.50 mean=0.349 bestfn=-    | ladder[] [1796s]
  gen  4000: best_merit=0.49 mean=0.353 bestfn=-    | ladder[] [1890s]
