gpu_exp1b_ca2d CENSUS | device=NVIDIA GeForce RTX 4090 25GB sm_89 | ALL 2^18 outer-totalistic Life-like rules | H=48 W=48 T=96 batch=1024

  census      0/262144 | structured-so-far 0
  census  20480/262144 | structured-so-far 263
  census  40960/262144 | structured-so-far 409
  census  61440/262144 | structured-so-far 634
  census  81920/262144 | structured-so-far 847
  census 102400/262144 | structured-so-far 1229
  census 122880/262144 | structured-so-far 1546
  census 143360/262144 | structured-so-far 1819
  census 163840/262144 | structured-so-far 1993
  census 184320/262144 | structured-so-far 2254
  census 204800/262144 | structured-so-far 2568
  census 225280/262144 | structured-so-far 2832
  census 245760/262144 | structured-so-far 3094

  CENSUS DONE: 3211/262144 Life-like rules are 'structured-but-not-named' (novelty>0).
    rank  Birth/Survive          novelty gen_bpc per damage
      0   B3578/S01234567      0.999  0.514    0  0.120
      1   B2348/S023458        0.997  0.523    0  0.118
      2   B378/S013456        0.996  0.470    0  0.121
      3   B358/S0147          0.996  0.501    0  0.115
      4   B12578/S01234567      0.996  0.515    0  0.115
      5   B23678/S0134567       0.995  0.517    0  0.115
      6   B23457/S04567         0.994  0.462    0  0.122
      7   B12348/S0123458       0.993  0.490    0  0.113
      8   B3678/S34567         0.993  0.539    0  0.117
      9   B128/S03458         0.993  0.506    0  0.112
     10   B12346/S0234678       0.992  0.515    0  0.128
     11   B2346/S0234678       0.991  0.545    0  0.123
     12   B378/S0138          0.990  0.504    0  0.129
     13   B1267/S1234568       0.990  0.484    0  0.128
     14   B3/S0137          0.990  0.488    0  0.129
     15   B37/S013           0.989  0.501    0  0.111
