gpu_weird_soup | device=cuda | primordial BFF soup


  soup: N=8192 L=32 K=160 epochs=2200 mut=0.001 alphabet=256
  WATCH: zlib drops + top-genotype rises = self-replicators emerged from random code (life from noise).

  ep     0: zlib=0.993 top-genotype=    1/8192 distinct=  8192  [1s]
  ep    50: zlib=0.904 top-genotype=    1/8192 distinct=  8192  [57s]
  ep   100: zlib=0.893 top-genotype=    3/8192 distinct=  8190  [103s]
  ep   150: zlib=0.880 top-genotype=    2/8192 distinct=  8190  [150s]
  ep   200: zlib=0.876 top-genotype=    6/8192 distinct=  8185  [196s]
  ep   250: zlib=0.881 top-genotype=    2/8192 distinct=  8189  [243s]
  ep   300: zlib=0.882 top-genotype=    4/8192 distinct=  8188  [290s]
  ep   350: zlib=0.880 top-genotype=    3/8192 distinct=  8190  [336s]
  ep   400: zlib=0.878 top-genotype=    4/8192 distinct=  8187  [383s]
  ep   450: zlib=0.888 top-genotype=    1/8192 distinct=  8192  [429s]
  ep   500: zlib=0.888 top-genotype=    3/8192 distinct=  8186  [476s]
  ep   550: zlib=0.886 top-genotype=    2/8192 distinct=  8191  [522s]
  ep   600: zlib=0.884 top-genotype=    3/8192 distinct=  8189  [569s]
  ep   650: zlib=0.881 top-genotype=    4/8192 distinct=  8187  [615s]
  ep   700: zlib=0.873 top-genotype=    2/8192 distinct=  8189  [662s]
  ep   750: zlib=0.871 top-genotype=    2/8192 distinct=  8191  [708s]
  ep   800: zlib=0.873 top-genotype=    2/8192 distinct=  8190  [755s]
  ep   850: zlib=0.883 top-genotype=    2/8192 distinct=  8191  [801s]
  ep   900: zlib=0.888 top-genotype=    4/8192 distinct=  8185  [848s]
  ep   950: zlib=0.882 top-genotype=    1/8192 distinct=  8192  [894s]
  ep  1000: zlib=0.879 top-genotype=    3/8192 distinct=  8190  [941s]
  ep  1050: zlib=0.884 top-genotype=    4/8192 distinct=  8189  [987s]
  ep  1100: zlib=0.884 top-genotype=    5/8192 distinct=  8185  [1034s]
  ep  1150: zlib=0.886 top-genotype=    6/8192 distinct=  8185  [1080s]
  ep  1200: zlib=0.885 top-genotype=    3/8192 distinct=  8188  [1127s]
  ep  1250: zlib=0.888 top-genotype=    2/8192 distinct=  8191  [1174s]
  ep  1300: zlib=0.892 top-genotype=    8/8192 distinct=  8180  [1220s]
  ep  1350: zlib=0.887 top-genotype=    4/8192 distinct=  8188  [1267s]
  ep  1400: zlib=0.891 top-genotype=    2/8192 distinct=  8191  [1313s]
  ep  1450: zlib=0.888 top-genotype=    2/8192 distinct=  8191  [1360s]
  ep  1500: zlib=0.885 top-genotype=    3/8192 distinct=  8189  [1406s]
  ep  1550: zlib=0.892 top-genotype=    2/8192 distinct=  8191  [1453s]
  ep  1600: zlib=0.891 top-genotype=    4/8192 distinct=  8186  [1499s]
  ep  1650: zlib=0.892 top-genotype=    1/8192 distinct=  8192  [1546s]
  ep  1700: zlib=0.884 top-genotype=    2/8192 distinct=  8191  [1592s]
  ep  1750: zlib=0.876 top-genotype=    4/8192 distinct=  8187  [1639s]
  ep  1800: zlib=0.876 top-genotype=    2/8192 distinct=  8191  [1685s]
  ep  1850: zlib=0.871 top-genotype=    2/8192 distinct=  8191  [1732s]
  ep  1900: zlib=0.874 top-genotype=    7/8192 distinct=  8182  [1778s]
  ep  1950: zlib=0.879 top-genotype=    2/8192 distinct=  8191  [1825s]
  ep  2000: zlib=0.882 top-genotype=    2/8192 distinct=  8190  [1872s]
  ep  2050: zlib=0.878 top-genotype=    2/8192 distinct=  8191  [1918s]
  ep  2100: zlib=0.877 top-genotype=    3/8192 distinct=  8186  [1965s]
  ep  2150: zlib=0.874 top-genotype=    4/8192 distinct=  8188  [2011s]
  ep  2199: zlib=0.874 top-genotype=    4/8192 distinct=  8184  [2048s]

  dominant genotype x4/8192: ................................
  contains a copy-op inside a loop (replicator signature)? False

  READ: a sharp zlib drop + a dominant genotype carrying a copy-loop = SURVIVAL-selection produced functional
  MEANING from NO target (the bridge expW lacked). Flat zlib ~1.0 = no emergence (soup stayed random).
