  g0 C+ zeta3-home                                   B=-1n^6           im=id conv= 100,034 near=   4 ver=  2 unv=0 multi=2 novel=0 pocket=0 fit=  1.60 [0.7s]
  g0 C+ catalan-home                                 B=-2n^4           im=id conv=   4,910 near=   2 ver=  2 unv=0 multi=0 novel=0 pocket=0 fit=  1.60 [0.4s]
  g0 C+ zeta2-home                                   B=+1n^4           im=id conv=  11,818 near=   0 ver=  0 unv=0 multi=0 novel=0 pocket=0 fit=  1.00 [0.1s]
  g0    prime-monomial                               B=-1n^2           im=pr conv=   2,130 near=   0 ver=  0 unv=0 multi=0 novel=0 pocket=0 fit=  1.00 [0.1s]
  g0    prime-cubic                                  B=-1n^6           im=pr conv=   2,916 near=   2 ver=  0 unv=0 multi=2 novel=0 pocket=0 fit=  1.00 [0.2s]
  g1 C+ zeta3-home                                   B=-1n^6           im=id conv= 100,034 near=   4 ver=  2 unv=0 multi=2 novel=0 pocket=0 fit=  1.60 [0.6s]
  g1 C+ catalan-home                                 B=-2n^4           im=id conv=   4,910 near=   2 ver=  2 unv=0 multi=0 novel=0 pocket=0 fit=  1.60 [0.4s]
  g1 C+ zeta2-home                                   B=+1n^4           im=id conv=  11,818 near=   0 ver=  0 unv=0 multi=0 novel=0 pocket=0 fit=  1.00 [0.1s]
  g1    prime-monomial                               B=-1n^2           im=pr conv=   2,130 near=   0 ver=  0 unv=0 multi=0 novel=0 pocket=0 fit=  1.00 [0.1s]
  g1 C-! zeta3-home>g1:B-shift                        B=-1(n-1)^6       im=id conv=       0 near=   0 ver=  0 unv=0 multi=0 novel=0 pocket=0 fit=  1.00 [0.0s]
  g1 C-! catalan-home>g1:B-shift                      B=-2(n-2)^4       im=id conv=   5,514 near= 400 ver=  0 unv=0 multi=0 novel=0 pocket=0 fit= -7.00 [3.6s]
  g1 C-! zeta2-home>g1:B-split                        B=+1n^3(n-2)^1    im=id conv=  10,978 near= 400 ver=  0 unv=0 multi=0 novel=0 pocket=0 fit= -7.00 [3.6s]
  g1    prime-monomial>g1:B-shift                    B=-1(n-2)^2       im=pr conv=       0 near=   0 ver=  0 unv=0 multi=0 novel=0 pocket=0 fit=  1.00 [0.1s]
  g2 C+ zeta3-home                                   B=-1n^6           im=id conv= 100,034 near=   4 ver=  2 unv=0 multi=2 novel=0 pocket=0 fit=  1.60 [0.6s]
  g2 C+ catalan-home                                 B=-2n^4           im=id conv=   4,910 near=   2 ver=  2 unv=0 multi=0 novel=0 pocket=0 fit=  1.60 [0.4s]
  g2 C+ zeta2-home                                   B=+1n^4           im=id conv=  11,818 near=   0 ver=  0 unv=0 multi=0 novel=0 pocket=0 fit=  1.00 [0.1s]
  g2    prime-monomial                               B=-1n^2           im=pr conv=   2,130 near=   0 ver=  0 unv=0 multi=0 novel=0 pocket=0 fit=  1.00 [0.1s]
  g2 C-! zeta3-home>g2:index-map                      B=-1n^6           im=pr conv=  96,026 near=   0 ver=  0 unv=0 multi=0 novel=0 pocket=0 fit=  1.00 [0.1s]
  g2 C-! catalan-home>g2:B-split                      B=-2n^1(n+2)^3    im=id conv=   4,554 near=   0 ver=  0 unv=0 multi=0 novel=0 pocket=0 fit=  1.00 [0.1s]
  g2 C-! zeta2-home>g2:B-shift                        B=+1(n-1)^4       im=id conv=       0 near=   0 ver=  0 unv=0 multi=0 novel=0 pocket=0 fit=  1.00 [0.1s]
  g2    prime-monomial>g2:B-split                    B=-1n^1(n-2)^1    im=pr conv=       0 near=   0 ver=  0 unv=0 multi=0 novel=0 pocket=0 fit=  1.00 [0.1s]
  g3 C+ zeta3-home                                   B=-1n^6           im=id conv= 100,034 near=   4 ver=  2 unv=0 multi=2 novel=0 pocket=0 fit=  1.60 [0.6s]
  g3 C+ catalan-home                                 B=-2n^4           im=id conv=   4,910 near=   2 ver=  2 unv=0 multi=0 novel=0 pocket=0 fit=  1.60 [0.4s]
  g3 C+ zeta2-home                                   B=+1n^4           im=id conv=  11,818 near=   0 ver=  0 unv=0 multi=0 novel=0 pocket=0 fit=  1.00 [0.1s]
  g3    prime-monomial                               B=-1n^2           im=pr conv=   2,130 near=   0 ver=  0 unv=0 multi=0 novel=0 pocket=0 fit=  1.00 [0.1s]
  g3 C+ zeta3-home>g3:A-budget                       B=-1n^6           im=id conv= 227,008 near=   4 ver=  2 unv=0 multi=2 novel=0 pocket=0 fit=  1.60 [0.6s]
  g3 C-! catalan-home>g3:index-map                    B=-2n^4           im=pr conv=   5,054 near=   0 ver=  0 unv=0 multi=0 novel=0 pocket=0 fit=  1.00 [0.1s]
  g3 C+ zeta2-home>g3:A-factored                     B=+1n^4           im=id conv=  26,704 near=   0 ver=  0 unv=0 multi=0 novel=0 pocket=0 fit=  1.00 [0.1s]
  g3    prime-monomial>g3:A-factored                 B=-1n^2           im=pr conv=  27,120 near=  12 ver=  0 unv=0 multi=12 novel=0 pocket=0 fit=  1.00 [0.7s]
  g4 C+ zeta3-home                                   B=-1n^6           im=id conv= 100,034 near=   4 ver=  2 unv=0 multi=2 novel=0 pocket=0 fit=  1.60 [0.6s]
  g4 C+ catalan-home                                 B=-2n^4           im=id conv=   4,910 near=   2 ver=  2 unv=0 multi=0 novel=0 pocket=0 fit=  1.60 [0.4s]
  g4 C+ zeta3-home>g3:A-budget                       B=-1n^6           im=id conv= 227,008 near=   4 ver=  2 unv=0 multi=2 novel=0 pocket=0 fit=  1.60 [0.6s]
  g4 C+ zeta2-home                                   B=+1n^4           im=id conv=  11,818 near=   0 ver=  0 unv=0 multi=0 novel=0 pocket=0 fit=  1.00 [0.1s]
  g4 C-! zeta3-home>g4:B-split                        B=-1n^5(n+2)^1    im=id conv=  98,490 near=   4 ver=  0 unv=0 multi=4 novel=0 pocket=0 fit=  1.00 [0.3s]
  g4 C-! catalan-home>g4:B-split                      B=-2n^1(n-2)^3    im=id conv=   5,514 near= 400 ver=  0 unv=0 multi=0 novel=0 pocket=0 fit= -7.00 [3.7s]
  g4 C+ zeta3-home>g3:A-budget>g4:A-factored         B=-1n^6           im=id conv=  16,752 near=   4 ver=  4 unv=0 multi=0 novel=0 pocket=0 fit=  2.60 [0.6s]
  g4 C-! zeta2-home>g4:B-split                        B=+1n^2(n-1)^2    im=id conv=       0 near=   0 ver=  0 unv=0 multi=0 novel=0 pocket=0 fit=  1.00 [0.1s]
  g5 C+ zeta3-home>g3:A-budget>g4:A-factored         B=-1n^6           im=id conv=  16,752 near=   4 ver=  4 unv=0 multi=0 novel=0 pocket=0 fit=  2.60 [0.6s]
  g5 C+ zeta3-home                                   B=-1n^6           im=id conv= 100,034 near=   4 ver=  2 unv=0 multi=2 novel=0 pocket=0 fit=  1.60 [0.6s]
  g5 C+ catalan-home                                 B=-2n^4           im=id conv=   4,910 near=   2 ver=  2 unv=0 multi=0 novel=0 pocket=0 fit=  1.60 [0.4s]
  g5 C+ zeta3-home>g3:A-budget                       B=-1n^6           im=id conv= 227,008 near=   4 ver=  2 unv=0 multi=2 novel=0 pocket=0 fit=  1.60 [0.6s]
  g5 C-! zeta3-home>g3:A-budget>g4:A-factored>g5:B-sh B=-1(n+1)^6       im=id conv=  15,912 near=   0 ver=  0 unv=0 multi=0 novel=0 pocket=0 fit=  1.00 [0.1s]
  g5 C+ zeta3-home>g5:A-factored                     B=-1n^6           im=id conv=  16,752 near=   4 ver=  4 unv=0 multi=0 novel=0 pocket=0 fit=  2.60 [0.6s]
  g5 C+ catalan-home>g5:A-factored                   B=-2n^4           im=id conv=  24,996 near=   4 ver=  4 unv=0 multi=0 novel=0 pocket=0 fit=  2.60 [0.6s]
  g5 C-! zeta3-home>g3:A-budget>g5:B-split            B=-1n^5(n-1)^1    im=id conv=       0 near=   0 ver=  0 unv=0 multi=0 novel=0 pocket=0 fit=  1.00 [0.0s]
  g6 C+ zeta3-home>g3:A-budget>g4:A-factored         B=-1n^6           im=id conv=  16,752 near=   4 ver=  4 unv=0 multi=0 novel=0 pocket=0 fit=  2.60 [0.6s]
  g6 C+ zeta3-home>g5:A-factored                     B=-1n^6           im=id conv=  16,752 near=   4 ver=  4 unv=0 multi=0 novel=0 pocket=0 fit=  2.60 [0.6s]
  g6 C+ catalan-home>g5:A-factored                   B=-2n^4           im=id conv=  24,996 near=   4 ver=  4 unv=0 multi=0 novel=0 pocket=0 fit=  2.60 [0.6s]
  g6 C+ zeta3-home                                   B=-1n^6           im=id conv= 100,034 near=   4 ver=  2 unv=0 multi=2 novel=0 pocket=0 fit=  1.60 [0.6s]
  g6 C-! zeta3-home>g3:A-budget>g4:A-factored>g6:B-sh B=-1(n-2)^6       im=id conv=  20,880 near= 400 ver=  0 unv=0 multi=0 novel=0 pocket=0 fit= -7.00 [3.6s]
  g6 C+ zeta3-home>g5:A-factored>g6:A-factored       B=-1n^6           im=id conv=  16,752 near=   4 ver=  4 unv=0 multi=0 novel=0 pocket=0 fit=  2.60 [0.6s]
  g6 C+ catalan-home>g5:A-factored>g6:A-factored     B=-2n^4           im=id conv=  24,996 near=   4 ver=  4 unv=0 multi=0 novel=0 pocket=0 fit=  2.60 [0.6s]
  g6 C-! zeta3-home>g6:B-shift                        B=-1(n+2)^6       im=id conv=  96,026 near=   0 ver=  0 unv=0 multi=0 novel=0 pocket=0 fit=  1.00 [0.1s]
  g7 C+ zeta3-home>g3:A-budget>g4:A-factored         B=-1n^6           im=id conv=  16,752 near=   4 ver=  4 unv=0 multi=0 novel=0 pocket=0 fit=  2.60 [0.6s]
  g7 C+ zeta3-home>g5:A-factored                     B=-1n^6           im=id conv=  16,752 near=   4 ver=  4 unv=0 multi=0 novel=0 pocket=0 fit=  2.60 [0.6s]
  g7 C+ catalan-home>g5:A-factored                   B=-2n^4           im=id conv=  24,996 near=   4 ver=  4 unv=0 multi=0 novel=0 pocket=0 fit=  2.60 [0.6s]
  g7 C+ zeta3-home>g5:A-factored>g6:A-factored       B=-1n^6           im=id conv=  16,752 near=   4 ver=  4 unv=0 multi=0 novel=0 pocket=0 fit=  2.60 [0.6s]
  g7 C+ zeta3-home>g3:A-budget>g4:A-factored>g7:A-bu B=-1n^6           im=id conv=  16,752 near=   4 ver=  4 unv=0 multi=0 novel=0 pocket=0 fit=  2.60 [0.6s]
  g7 C-! zeta3-home>g5:A-factored>g7:B-shift          B=-1(n+2)^6       im=id conv=  15,876 near=   0 ver=  0 unv=0 multi=0 novel=0 pocket=0 fit=  1.00 [0.1s]
  g7 C-! catalan-home>g5:A-factored>g7:B-shift        B=-2(n-1)^4       im=id conv=       4 near=   0 ver=  0 unv=0 multi=0 novel=0 pocket=0 fit=  1.00 [0.1s]
  g7 C+ zeta3-home>g5:A-factored>g6:A-factored>g7:A- B=-1n^6           im=id conv=  16,752 near=   4 ver=  4 unv=0 multi=0 novel=0 pocket=0 fit=  2.60 [0.6s]
  g8 C+ zeta3-home>g3:A-budget>g4:A-factored         B=-1n^6           im=id conv=  16,752 near=   4 ver=  4 unv=0 multi=0 novel=0 pocket=0 fit=  2.60 [0.6s]
  g8 C+ zeta3-home>g5:A-factored                     B=-1n^6           im=id conv=  16,752 near=   4 ver=  4 unv=0 multi=0 novel=0 pocket=0 fit=  2.60 [0.6s]
  g8 C+ catalan-home>g5:A-factored                   B=-2n^4           im=id conv=  24,996 near=   4 ver=  4 unv=0 multi=0 novel=0 pocket=0 fit=  2.60 [0.6s]
  g8 C+ zeta3-home>g5:A-factored>g6:A-factored       B=-1n^6           im=id conv=  16,752 near=   4 ver=  4 unv=0 multi=0 novel=0 pocket=0 fit=  2.60 [0.6s]
  g8 C+ zeta3-home>g3:A-budget>g4:A-factored>g8:A-fa B=-1n^6           im=id conv=  16,752 near=   4 ver=  4 unv=0 multi=0 novel=0 pocket=0 fit=  2.60 [0.6s]
  g8 C-! zeta3-home>g5:A-factored>g8:B-split          B=-1n^5(n+1)^1    im=id conv=  16,544 near=   0 ver=  0 unv=0 multi=0 novel=0 pocket=0 fit=  1.00 [0.1s]
  g8 C-! catalan-home>g5:A-factored>g8:B-shift        B=-2(n+1)^4       im=id conv=  24,704 near=   4 ver=  0 unv=0 multi=0 novel=0 pocket=0 fit=  0.92 [0.1s]
  g8 C+ zeta3-home>g5:A-factored>g6:A-factored>g8:A- B=-1n^6           im=id conv=  16,752 near=   4 ver=  4 unv=0 multi=0 novel=0 pocket=0 fit=  2.60 [0.6s]
  g9 C+ zeta3-home>g3:A-budget>g4:A-factored         B=-1n^6           im=id conv=  16,752 near=   4 ver=  4 unv=0 multi=0 novel=0 pocket=0 fit=  2.60 [0.6s]
  g9 C+ zeta3-home>g5:A-factored                     B=-1n^6           im=id conv=  16,752 near=   4 ver=  4 unv=0 multi=0 novel=0 pocket=0 fit=  2.60 [0.6s]
  g9 C+ catalan-home>g5:A-factored                   B=-2n^4           im=id conv=  24,996 near=   4 ver=  4 unv=0 multi=0 novel=0 pocket=0 fit=  2.60 [0.6s]
  g9 C+ zeta3-home>g5:A-factored>g6:A-factored       B=-1n^6           im=id conv=  16,752 near=   4 ver=  4 unv=0 multi=0 novel=0 pocket=0 fit=  2.60 [0.6s]
  g9 C-! zeta3-home>g3:A-budget>g4:A-factored>g9:B-sp B=-1n^1(n-2)^5    im=id conv=  20,880 near= 400 ver=  0 unv=0 multi=0 novel=0 pocket=0 fit= -7.00 [3.6s]
  g9 C-! zeta3-home>g5:A-factored>g9:B-shift          B=-1(n-1)^6       im=id conv=       0 near=   0 ver=  0 unv=0 multi=0 novel=0 pocket=0 fit=  1.00 [0.0s]
  g9 C+ catalan-home>g5:A-factored>g9:A-budget       B=-2n^4           im=id conv=  24,996 near=   4 ver=  4 unv=0 multi=0 novel=0 pocket=0 fit=  2.60 [0.6s]
  g9 C-! zeta3-home>g5:A-factored>g6:A-factored>g9:B- B=-1n^4(n+2)^2    im=id conv=  16,096 near=   0 ver=  0 unv=0 multi=0 novel=0 pocket=0 fit=  1.00 [0.1s]
  g10 C+ zeta3-home>g3:A-budget>g4:A-factored         B=-1n^6           im=id conv=  16,752 near=   4 ver=  4 unv=0 multi=0 novel=0 pocket=0 fit=  2.60 [0.6s]
  g10 C+ zeta3-home>g5:A-factored                     B=-1n^6           im=id conv=  16,752 near=   4 ver=  4 unv=0 multi=0 novel=0 pocket=0 fit=  2.60 [0.6s]
  g10 C+ catalan-home>g5:A-factored                   B=-2n^4           im=id conv=  24,996 near=   4 ver=  4 unv=0 multi=0 novel=0 pocket=0 fit=  2.60 [0.6s]
  g10 C+ zeta3-home>g5:A-factored>g6:A-factored       B=-1n^6           im=id conv=  16,752 near=   4 ver=  4 unv=0 multi=0 novel=0 pocket=0 fit=  2.60 [0.6s]
  g10 C-! zeta3-home>g3:A-budget>g4:A-factored>g10:B-s B=-1n^1(n+1)^5    im=id conv=  15,980 near=   0 ver=  0 unv=0 multi=0 novel=0 pocket=0 fit=  1.00 [0.1s]
  g10 C-! zeta3-home>g5:A-factored>g10:B-shift         B=-1(n+1)^6       im=id conv=  15,912 near=   0 ver=  0 unv=0 multi=0 novel=0 pocket=0 fit=  1.00 [0.1s]
  g10 C+ catalan-home>g5:A-factored>g10:A-factored    B=-2n^4           im=id conv=  24,996 near=   4 ver=  4 unv=0 multi=0 novel=0 pocket=0 fit=  2.60 [0.6s]
  g10 C+ zeta3-home>g5:A-factored>g6:A-factored>g10:A B=-1n^6           im=id conv=  16,752 near=   4 ver=  4 unv=0 multi=0 novel=0 pocket=0 fit=  2.60 [0.6s]
  g11 C+ zeta3-home>g3:A-budget>g4:A-factored         B=-1n^6           im=id conv=  16,752 near=   4 ver=  4 unv=0 multi=0 novel=0 pocket=0 fit=  2.60 [0.6s]
  g11 C+ zeta3-home>g5:A-factored                     B=-1n^6           im=id conv=  16,752 near=   4 ver=  4 unv=0 multi=0 novel=0 pocket=0 fit=  2.60 [0.6s]
  g11 C+ catalan-home>g5:A-factored                   B=-2n^4           im=id conv=  24,996 near=   4 ver=  4 unv=0 multi=0 novel=0 pocket=0 fit=  2.60 [0.6s]
  g11 C+ zeta3-home>g5:A-factored>g6:A-factored       B=-1n^6           im=id conv=  16,752 near=   4 ver=  4 unv=0 multi=0 novel=0 pocket=0 fit=  2.60 [0.6s]
  g11 C-! zeta3-home>g3:A-budget>g4:A-factored>g11:B-s B=-1(n-2)^6       im=id conv=  20,880 near= 400 ver=  0 unv=0 multi=0 novel=0 pocket=0 fit= -7.00 [3.6s]
  g11 C-! zeta3-home>g5:A-factored>g11:index-map       B=-1n^6           im=pr conv=  15,876 near=   0 ver=  0 unv=0 multi=0 novel=0 pocket=0 fit=  1.00 [0.1s]
  g11 C-! catalan-home>g5:A-factored>g11:B-shift       B=-2(n-2)^4       im=id conv=  18,816 near= 400 ver=  0 unv=0 multi=0 novel=0 pocket=0 fit= -7.00 [3.7s]
  g11 C-! zeta3-home>g5:A-factored>g6:A-factored>g11:B B=-1n^3(n+2)^3    im=id conv=  15,928 near=   0 ver=  0 unv=0 multi=0 novel=0 pocket=0 fit=  1.00 [0.1s]
  g12 C+ zeta3-home>g3:A-budget>g4:A-factored         B=-1n^6           im=id conv=  16,752 near=   4 ver=  4 unv=0 multi=0 novel=0 pocket=0 fit=  2.60 [0.6s]
  g12 C+ zeta3-home>g5:A-factored                     B=-1n^6           im=id conv=  16,752 near=   4 ver=  4 unv=0 multi=0 novel=0 pocket=0 fit=  2.60 [0.6s]
  g12 C+ catalan-home>g5:A-factored                   B=-2n^4           im=id conv=  24,996 near=   4 ver=  4 unv=0 multi=0 novel=0 pocket=0 fit=  2.60 [0.6s]
  g12 C+ zeta3-home>g5:A-factored>g6:A-factored       B=-1n^6           im=id conv=  16,752 near=   4 ver=  4 unv=0 multi=0 novel=0 pocket=0 fit=  2.60 [0.6s]
  g12 C-! zeta3-home>g3:A-budget>g4:A-factored>g12:B-s B=-1n^4(n+1)^2    im=id conv=  16,360 near=   4 ver=  4 unv=0 multi=0 novel=0 pocket=0 fit=  2.60 [0.6s]
  g12 C-! zeta3-home>g5:A-factored>g12:B-split         B=-1n^4(n+1)^2    im=id conv=  16,360 near=   4 ver=  4 unv=0 multi=0 novel=0 pocket=0 fit=  2.60 [0.6s]
  g12 C-! catalan-home>g5:A-factored>g12:B-split       B=-2n^1(n+2)^3    im=id conv=  24,524 near=   4 ver=  0 unv=0 multi=4 novel=0 pocket=0 fit=  1.00 [0.3s]
  g12 C-! zeta3-home>g5:A-factored>g6:A-factored>g12:B B=-1n^3(n-1)^3    im=id conv=       0 near=   0 ver=  0 unv=0 multi=0 novel=0 pocket=0 fit=  1.00 [0.0s]
  g13 C+ zeta3-home>g3:A-budget>g4:A-factored         B=-1n^6           im=id conv=  16,752 near=   4 ver=  4 unv=0 multi=0 novel=0 pocket=0 fit=  2.60 [0.6s]
  g13 C+ zeta3-home>g5:A-factored                     B=-1n^6           im=id conv=  16,752 near=   4 ver=  4 unv=0 multi=0 novel=0 pocket=0 fit=  2.60 [0.6s]
  g13 C+ catalan-home>g5:A-factored                   B=-2n^4           im=id conv=  24,996 near=   4 ver=  4 unv=0 multi=0 novel=0 pocket=0 fit=  2.60 [0.6s]
  g13 C+ zeta3-home>g5:A-factored>g6:A-factored       B=-1n^6           im=id conv=  16,752 near=   4 ver=  4 unv=0 multi=0 novel=0 pocket=0 fit=  2.60 [0.6s]
  g13 C+ zeta3-home>g3:A-budget>g4:A-factored>g13:A-b B=-1n^6           im=id conv=  16,752 near=   4 ver=  4 unv=0 multi=0 novel=0 pocket=0 fit=  2.60 [0.6s]
  g13 C-! zeta3-home>g5:A-factored>g13:B-shift         B=-1(n+2)^6       im=id conv=  15,876 near=   0 ver=  0 unv=0 multi=0 novel=0 pocket=0 fit=  1.00 [0.1s]
  g13 C-! catalan-home>g5:A-factored>g13:B-split       B=-2n^2(n+2)^2    im=id conv=  24,700 near=   0 ver=  0 unv=0 multi=0 novel=0 pocket=0 fit=  1.00 [0.1s]
  g13 C-! zeta3-home>g5:A-factored>g6:A-factored>g13:B B=-1(n-1)^6       im=id conv=       0 near=   0 ver=  0 unv=0 multi=0 novel=0 pocket=0 fit=  1.00 [0.0s]
  g14 C+ zeta3-home>g3:A-budget>g4:A-factored         B=-1n^6           im=id conv=  16,752 near=   4 ver=  4 unv=0 multi=0 novel=0 pocket=0 fit=  2.60 [0.6s]
  g14 C+ zeta3-home>g5:A-factored                     B=-1n^6           im=id conv=  16,752 near=   4 ver=  4 unv=0 multi=0 novel=0 pocket=0 fit=  2.60 [0.6s]
  g14 C+ catalan-home>g5:A-factored                   B=-2n^4           im=id conv=  24,996 near=   4 ver=  4 unv=0 multi=0 novel=0 pocket=0 fit=  2.60 [0.6s]
  g14 C+ zeta3-home>g5:A-factored>g6:A-factored       B=-1n^6           im=id conv=  16,752 near=   4 ver=  4 unv=0 multi=0 novel=0 pocket=0 fit=  2.60 [0.6s]
  g14 C+ zeta3-home>g3:A-budget>g4:A-factored>g14:A-b B=-1n^6           im=id conv=  16,752 near=   4 ver=  4 unv=0 multi=0 novel=0 pocket=0 fit=  2.60 [0.6s]
  g14 C-! zeta3-home>g5:A-factored>g14:index-map       B=-1n^6           im=pr conv=  15,876 near=   0 ver=  0 unv=0 multi=0 novel=0 pocket=0 fit=  1.00 [0.1s]
  g14 C-! catalan-home>g5:A-factored>g14:B-split       B=-2n^2(n+1)^2    im=id conv=  24,768 near=   4 ver=  4 unv=0 multi=0 novel=0 pocket=0 fit=  2.60 [0.6s]
  g14 C+ zeta3-home>g5:A-factored>g6:A-factored>g14:A B=-1n^6           im=id conv=  16,752 near=   4 ver=  4 unv=0 multi=0 novel=0 pocket=0 fit=  2.60 [0.6s]
  g15 C+ zeta3-home>g3:A-budget>g4:A-factored         B=-1n^6           im=id conv=  16,752 near=   4 ver=  4 unv=0 multi=0 novel=0 pocket=0 fit=  2.60 [0.6s]
  g15 C+ zeta3-home>g5:A-factored                     B=-1n^6           im=id conv=  16,752 near=   4 ver=  4 unv=0 multi=0 novel=0 pocket=0 fit=  2.60 [0.6s]
  g15 C+ catalan-home>g5:A-factored                   B=-2n^4           im=id conv=  24,996 near=   4 ver=  4 unv=0 multi=0 novel=0 pocket=0 fit=  2.60 [0.6s]
  g15 C+ zeta3-home>g5:A-factored>g6:A-factored       B=-1n^6           im=id conv=  16,752 near=   4 ver=  4 unv=0 multi=0 novel=0 pocket=0 fit=  2.60 [0.6s]
  g15 C-! zeta3-home>g3:A-budget>g4:A-factored>g15:B-s B=-1(n-1)^6       im=id conv=       0 near=   0 ver=  0 unv=0 multi=0 novel=0 pocket=0 fit=  1.00 [0.0s]
  g15 C-! zeta3-home>g5:A-factored>g15:B-split         B=-1n^2(n-1)^4    im=id conv=       0 near=   0 ver=  0 unv=0 multi=0 novel=0 pocket=0 fit=  1.00 [0.0s]
  g15 C-! catalan-home>g5:A-factored>g15:B-split       B=-2n^1(n-2)^3    im=id conv=  18,816 near= 400 ver=  0 unv=0 multi=0 novel=0 pocket=0 fit= -7.00 [3.7s]
  g15 C-! zeta3-home>g5:A-factored>g6:A-factored>g15:B B=-1(n-1)^6       im=id conv=       0 near=   0 ver=  0 unv=0 multi=0 novel=0 pocket=0 fit=  1.00 [0.1s]
  g16 C+ zeta3-home>g3:A-budget>g4:A-factored         B=-1n^6           im=id conv=  16,752 near=   4 ver=  4 unv=0 multi=0 novel=0 pocket=0 fit=  2.60 [0.6s]
  g16 C+ zeta3-home>g5:A-factored                     B=-1n^6           im=id conv=  16,752 near=   4 ver=  4 unv=0 multi=0 novel=0 pocket=0 fit=  2.60 [0.6s]
  g16 C+ catalan-home>g5:A-factored                   B=-2n^4           im=id conv=  24,996 near=   4 ver=  4 unv=0 multi=0 novel=0 pocket=0 fit=  2.60 [0.6s]
  g16 C+ zeta3-home>g5:A-factored>g6:A-factored       B=-1n^6           im=id conv=  16,752 near=   4 ver=  4 unv=0 multi=0 novel=0 pocket=0 fit=  2.60 [0.6s]
  g16 C-! zeta3-home>g3:A-budget>g4:A-factored>g16:B-s B=-1n^1(n-1)^5    im=id conv=       0 near=   0 ver=  0 unv=0 multi=0 novel=0 pocket=0 fit=  1.00 [0.0s]
  g16 C-! zeta3-home>g5:A-factored>g16:B-shift         B=-1(n+1)^6       im=id conv=  15,912 near=   0 ver=  0 unv=0 multi=0 novel=0 pocket=0 fit=  1.00 [0.1s]
  g16 C+ catalan-home>g5:A-factored>g16:A-factored    B=-2n^4           im=id conv=  24,996 near=   4 ver=  4 unv=0 multi=0 novel=0 pocket=0 fit=  2.60 [0.6s]
  g16 C-! zeta3-home>g5:A-factored>g6:A-factored>g16:B B=-1(n-1)^6       im=id conv=       0 near=   0 ver=  0 unv=0 multi=0 novel=0 pocket=0 fit=  1.00 [0.0s]
  g17 C+ zeta3-home>g3:A-budget>g4:A-factored         B=-1n^6           im=id conv=  16,752 near=   4 ver=  4 unv=0 multi=0 novel=0 pocket=0 fit=  2.60 [0.6s]
  g17 C+ zeta3-home>g5:A-factored                     B=-1n^6           im=id conv=  16,752 near=   4 ver=  4 unv=0 multi=0 novel=0 pocket=0 fit=  2.60 [0.6s]
  g17 C+ catalan-home>g5:A-factored                   B=-2n^4           im=id conv=  24,996 near=   4 ver=  4 unv=0 multi=0 novel=0 pocket=0 fit=  2.60 [0.6s]
  g17 C+ zeta3-home>g5:A-factored>g6:A-factored       B=-1n^6           im=id conv=  16,752 near=   4 ver=  4 unv=0 multi=0 novel=0 pocket=0 fit=  2.60 [0.6s]
  g17 C+ zeta3-home>g3:A-budget>g4:A-factored>g17:A-f B=-1n^6           im=id conv=  16,752 near=   4 ver=  4 unv=0 multi=0 novel=0 pocket=0 fit=  2.60 [0.6s]
  g17 C-! zeta3-home>g5:A-factored>g17:B-shift         B=-1(n-2)^6       im=id conv=  20,880 near= 400 ver=  0 unv=0 multi=0 novel=0 pocket=0 fit= -7.00 [3.6s]
  g17 C-! catalan-home>g5:A-factored>g17:B-shift       B=-2(n+2)^4       im=id conv=  24,436 near=   0 ver=  0 unv=0 multi=0 novel=0 pocket=0 fit=  1.00 [0.1s]
  g17 C-! zeta3-home>g5:A-factored>g6:A-factored>g17:B B=-1(n+2)^6       im=id conv=  15,876 near=   0 ver=  0 unv=0 multi=0 novel=0 pocket=0 fit=  1.00 [0.1s]
  g18 C+ zeta3-home>g3:A-budget>g4:A-factored         B=-1n^6           im=id conv=  16,752 near=   4 ver=  4 unv=0 multi=0 novel=0 pocket=0 fit=  2.60 [0.6s]
  g18 C+ zeta3-home>g5:A-factored                     B=-1n^6           im=id conv=  16,752 near=   4 ver=  4 unv=0 multi=0 novel=0 pocket=0 fit=  2.60 [0.6s]
  g18 C+ catalan-home>g5:A-factored                   B=-2n^4           im=id conv=  24,996 near=   4 ver=  4 unv=0 multi=0 novel=0 pocket=0 fit=  2.60 [0.6s]
  g18 C+ zeta3-home>g5:A-factored>g6:A-factored       B=-1n^6           im=id conv=  16,752 near=   4 ver=  4 unv=0 multi=0 novel=0 pocket=0 fit=  2.60 [0.6s]
  g18 C-! zeta3-home>g3:A-budget>g4:A-factored>g18:B-s B=-1n^4(n-2)^2    im=id conv=  20,880 near= 400 ver=  0 unv=0 multi=0 novel=0 pocket=0 fit= -7.00 [3.7s]
  g18 C-! zeta3-home>g5:A-factored>g18:B-split         B=-1n^2(n+2)^4    im=id conv=  15,876 near=   0 ver=  0 unv=0 multi=0 novel=0 pocket=0 fit=  1.00 [0.1s]
  g18 C-! catalan-home>g5:A-factored>g18:B-split       B=-2n^2(n-2)^2    im=id conv=  18,816 near= 400 ver=  0 unv=0 multi=0 novel=0 pocket=0 fit= -7.00 [3.7s]
  g18 C-! zeta3-home>g5:A-factored>g6:A-factored>g18:B B=-1n^5(n-1)^1    im=id conv=       0 near=   0 ver=  0 unv=0 multi=0 novel=0 pocket=0 fit=  1.00 [0.0s]
  g19 C+ zeta3-home>g3:A-budget>g4:A-factored         B=-1n^6           im=id conv=  16,752 near=   4 ver=  4 unv=0 multi=0 novel=0 pocket=0 fit=  2.60 [0.6s]
  g19 C+ zeta3-home>g5:A-factored                     B=-1n^6           im=id conv=  16,752 near=   4 ver=  4 unv=0 multi=0 novel=0 pocket=0 fit=  2.60 [0.6s]
  g19 C+ catalan-home>g5:A-factored                   B=-2n^4           im=id conv=  24,996 near=   4 ver=  4 unv=0 multi=0 novel=0 pocket=0 fit=  2.60 [0.6s]
  g19 C+ zeta3-home>g5:A-factored>g6:A-factored       B=-1n^6           im=id conv=  16,752 near=   4 ver=  4 unv=0 multi=0 novel=0 pocket=0 fit=  2.60 [0.6s]
  g19 C-! zeta3-home>g3:A-budget>g4:A-factored>g19:B-s B=-1(n+1)^6       im=id conv=  15,912 near=   0 ver=  0 unv=0 multi=0 novel=0 pocket=0 fit=  1.00 [0.1s]
  g19 C+ zeta3-home>g5:A-factored>g19:A-factored      B=-1n^6           im=id conv=  16,752 near=   4 ver=  4 unv=0 multi=0 novel=0 pocket=0 fit=  2.60 [0.6s]
  g19 C-! catalan-home>g5:A-factored>g19:B-split       B=-2n^1(n+2)^3    im=id conv=  24,524 near=   4 ver=  0 unv=0 multi=4 novel=0 pocket=0 fit=  1.00 [0.3s]
  g19 C-! zeta3-home>g5:A-factored>g6:A-factored>g19:B B=-1n^3(n+1)^3    im=id conv=  16,212 near=   0 ver=  0 unv=0 multi=0 novel=0 pocket=0 fit=  1.00 [0.1s]

FOUNDRY done. Pockets, novel hits and latent constants are in foundry_log.json
