  g0 zeta3-home                                     B=-1n^6            im=id conv= 100,034 near=   4 ver=  0 novel=0 pocket=0 fit=  1.00 [0.4s]
  g0 catalan-home                                   B=-2n^4            im=id conv=   4,910 near=   2 ver=  2 novel=2 pocket=2 fit=  9.00 [0.3s]
  g0 zeta2-home                                     B=+1n^4            im=id conv=  11,818 near=   0 ver=  0 novel=0 pocket=0 fit=  1.00 [0.1s]
  g0 prime-monomial                                 B=-1n^2            im=pr conv=   2,130 near=   0 ver=  0 novel=0 pocket=0 fit=  1.00 [0.1s]
  g0 prime-cubic                                    B=-1n^6            im=pr conv=   2,916 near=   2 ver=  0 novel=0 pocket=0 fit=  1.00 [0.2s]
  g1 catalan-home                                   B=-2n^4            im=id conv=   4,910 near=   2 ver=  2 novel=0 pocket=0 fit=  1.60 [0.3s]
  g1 zeta3-home                                     B=-1n^6            im=id conv= 100,034 near=   4 ver=  0 novel=0 pocket=0 fit=  1.00 [0.2s]
  g1 zeta2-home                                     B=+1n^4            im=id conv=  11,818 near=   0 ver=  0 novel=0 pocket=0 fit=  1.00 [0.1s]
  g1 catalan-home>g1:B-shift                        B=-2(n-1)^4        im=id conv=       2 near=   0 ver=  0 novel=0 pocket=0 fit=  1.00 [0.1s]
  g1 zeta3-home>g1:B-shift                          B=-1(n-2)^6        im=id conv= 116,622 near= 400 ver=  0 novel=0 pocket=0 fit= -7.00 [3.6s]
  g1 zeta2-home>g1:B-split                          B=+1n^3(n-2)^1     im=id conv=  10,978 near= 400 ver=  0 novel=0 pocket=0 fit= -7.00 [3.6s]
  g2 catalan-home                                   B=-2n^4            im=id conv=   4,910 near=   2 ver=  2 novel=0 pocket=0 fit=  1.60 [0.3s]
  g2 zeta3-home                                     B=-1n^6            im=id conv= 100,034 near=   4 ver=  0 novel=0 pocket=0 fit=  1.00 [0.3s]
  g2 zeta2-home                                     B=+1n^4            im=id conv=  11,818 near=   0 ver=  0 novel=0 pocket=0 fit=  1.00 [0.1s]
  g2 catalan-home>g2:B-shift                        B=-2(n-2)^4        im=id conv=   5,514 near= 400 ver=  0 novel=0 pocket=0 fit= -7.00 [3.7s]
  g2 zeta3-home>g2:index-map                        B=-1n^6            im=pr conv=  96,026 near=   0 ver=  0 novel=0 pocket=0 fit=  1.00 [0.1s]
  g2 zeta2-home>g2:B-split                          B=+1n^1(n+2)^3     im=id conv=  11,686 near=   0 ver=  0 novel=0 pocket=0 fit=  1.00 [0.1s]
  g3 catalan-home                                   B=-2n^4            im=id conv=   4,910 near=   2 ver=  2 novel=0 pocket=0 fit=  1.60 [0.3s]
  g3 zeta3-home                                     B=-1n^6            im=id conv= 100,034 near=   4 ver=  0 novel=0 pocket=0 fit=  1.00 [0.2s]
  g3 zeta2-home                                     B=+1n^4            im=id conv=  11,818 near=   0 ver=  0 novel=0 pocket=0 fit=  1.00 [0.1s]
  g3 catalan-home>g3:B-shift                        B=-2(n-1)^4        im=id conv=       2 near=   0 ver=  0 novel=0 pocket=0 fit=  1.00 [0.1s]
  g3 zeta3-home>g3:B-split                          B=-1n^4(n-2)^2     im=id conv= 116,622 near= 400 ver=  0 novel=0 pocket=0 fit= -7.00 [3.6s]
  g3 zeta2-home>g3:A-budget                         B=+1n^4            im=id conv=  19,272 near=   0 ver=  0 novel=0 pocket=0 fit=  1.00 [0.1s]
  g4 catalan-home                                   B=-2n^4            im=id conv=   4,910 near=   2 ver=  2 novel=0 pocket=0 fit=  1.60 [0.3s]
  g4 zeta3-home                                     B=-1n^6            im=id conv= 100,034 near=   4 ver=  0 novel=0 pocket=0 fit=  1.00 [0.2s]
  g4 zeta2-home                                     B=+1n^4            im=id conv=  11,818 near=   0 ver=  0 novel=0 pocket=0 fit=  1.00 [0.1s]
  g4 catalan-home>g4:index-map                      B=-2n^4            im=pr conv=   5,054 near=   0 ver=  0 novel=0 pocket=0 fit=  1.00 [0.1s]
  g4 zeta3-home>g4:A-factored                       B=-1n^6            im=id conv=  16,752 near=   4 ver=  0 novel=0 pocket=0 fit=  1.00 [0.2s]
  g4 zeta2-home>g4:A-factored                       B=+1n^4            im=id conv=  26,704 near=   0 ver=  0 novel=0 pocket=0 fit=  1.00 [0.1s]
  g5 catalan-home                                   B=-2n^4            im=id conv=   4,910 near=   2 ver=  2 novel=0 pocket=0 fit=  1.60 [0.3s]
  g5 zeta3-home                                     B=-1n^6            im=id conv= 100,034 near=   4 ver=  0 novel=0 pocket=0 fit=  1.00 [0.2s]
  g5 zeta2-home                                     B=+1n^4            im=id conv=  11,818 near=   0 ver=  0 novel=0 pocket=0 fit=  1.00 [0.1s]
  g5 catalan-home>g5:B-split                        B=-2n^3(n+2)^1     im=id conv=   4,788 near=   4 ver=  2 novel=2 pocket=2 fit=  9.00 [0.4s]
  g5 zeta3-home>g5:B-split                          B=-1n^2(n-2)^4     im=id conv= 116,622 near= 400 ver=  0 novel=0 pocket=0 fit= -7.00 [3.6s]
  g5 zeta2-home>g5:A-factored                       B=+1n^4            im=id conv=  26,704 near=   0 ver=  0 novel=0 pocket=0 fit=  1.00 [0.1s]
  g6 catalan-home>g5:B-split                        B=-2n^3(n+2)^1     im=id conv=   4,788 near=   4 ver=  2 novel=0 pocket=0 fit=  1.60 [0.4s]
  g6 catalan-home                                   B=-2n^4            im=id conv=   4,910 near=   2 ver=  2 novel=0 pocket=0 fit=  1.60 [0.3s]
  g6 zeta3-home                                     B=-1n^6            im=id conv= 100,034 near=   4 ver=  0 novel=0 pocket=0 fit=  1.00 [0.2s]
  g6 catalan-home>g5:B-split>g6:B-shift             B=-2n^3(n+3)^1     im=id conv=   4,736 near=   4 ver=  0 novel=0 pocket=0 fit=  1.00 [0.3s]
  g6 catalan-home>g6:B-split                        B=-2n^1(n+1)^3     im=id conv=   4,724 near=  14 ver=  2 novel=2 pocket=2 fit=  8.84 [0.6s]
  g6 zeta3-home>g6:A-factored                       B=-1n^6            im=id conv=  16,752 near=   4 ver=  0 novel=0 pocket=0 fit=  1.00 [0.2s]
  g7 catalan-home>g6:B-split                        B=-2n^1(n+1)^3     im=id conv=   4,724 near=  14 ver=  2 novel=0 pocket=0 fit=  1.44 [0.6s]
  g7 catalan-home>g5:B-split                        B=-2n^3(n+2)^1     im=id conv=   4,788 near=   4 ver=  2 novel=0 pocket=0 fit=  1.60 [0.4s]
  g7 catalan-home                                   B=-2n^4            im=id conv=   4,910 near=   2 ver=  2 novel=0 pocket=0 fit=  1.60 [0.3s]
  g7 catalan-home>g6:B-split>g7:A-factored          B=-2n^1(n+1)^3     im=id conv=  24,752 near=  88 ver=  0 novel=0 pocket=0 fit= -0.52 [1.4s]
  g7 catalan-home>g5:B-split>g7:B-shift             B=-2n^3(n+1)^1     im=id conv=   4,838 near=   8 ver=  2 novel=0 pocket=0 fit=  1.60 [0.6s]
  g7 catalan-home>g7:B-shift                        B=-2(n-2)^4        im=id conv=   5,514 near= 400 ver=  0 novel=0 pocket=0 fit= -7.00 [3.7s]
  g8 catalan-home>g5:B-split                        B=-2n^3(n+2)^1     im=id conv=   4,788 near=   4 ver=  2 novel=0 pocket=0 fit=  1.60 [0.4s]
  g8 catalan-home                                   B=-2n^4            im=id conv=   4,910 near=   2 ver=  2 novel=0 pocket=0 fit=  1.60 [0.3s]
  g8 catalan-home>g5:B-split>g7:B-shift             B=-2n^3(n+1)^1     im=id conv=   4,838 near=   8 ver=  2 novel=0 pocket=0 fit=  1.60 [0.6s]
  g8 catalan-home>g5:B-split>g8:A-factored          B=-2n^3(n+2)^1     im=id conv=  24,892 near=   0 ver=  0 novel=0 pocket=0 fit=  1.00 [0.1s]
  g8 catalan-home>g8:A-factored                     B=-2n^4            im=id conv=  24,996 near=   4 ver=  4 novel=0 pocket=0 fit=  2.60 [0.5s]
  g8 catalan-home>g5:B-split>g7:B-shift>g8:B-shift  B=-2n^3(n+2)^1     im=id conv=   4,788 near=   4 ver=  2 novel=0 pocket=0 fit=  1.60 [0.4s]
  g9 catalan-home>g8:A-factored                     B=-2n^4            im=id conv=  24,996 near=   4 ver=  4 novel=0 pocket=0 fit=  2.60 [0.5s]
  g9 catalan-home>g5:B-split                        B=-2n^3(n+2)^1     im=id conv=   4,788 near=   4 ver=  2 novel=0 pocket=0 fit=  1.60 [0.4s]
  g9 catalan-home                                   B=-2n^4            im=id conv=   4,910 near=   2 ver=  2 novel=0 pocket=0 fit=  1.60 [0.3s]
  g9 catalan-home>g8:A-factored>g9:A-budget         B=-2n^4            im=id conv=  24,996 near=   4 ver=  4 novel=0 pocket=0 fit=  2.60 [0.5s]
  g9 catalan-home>g5:B-split>g9:B-shift             B=-2n^3(n+3)^1     im=id conv=   4,736 near=   4 ver=  0 novel=0 pocket=0 fit=  1.00 [0.3s]
  g9 catalan-home>g9:B-shift                        B=-2(n-1)^4        im=id conv=       2 near=   0 ver=  0 novel=0 pocket=0 fit=  1.00 [0.1s]
  g10 catalan-home>g8:A-factored                     B=-2n^4            im=id conv=  24,996 near=   4 ver=  4 novel=0 pocket=0 fit=  2.60 [0.5s]
  g10 catalan-home>g8:A-factored>g9:A-budget         B=-2n^4            im=id conv=  24,996 near=   4 ver=  4 novel=0 pocket=0 fit=  2.60 [0.5s]
  g10 catalan-home>g5:B-split                        B=-2n^3(n+2)^1     im=id conv=   4,788 near=   4 ver=  2 novel=0 pocket=0 fit=  1.60 [0.4s]
  g10 catalan-home>g8:A-factored>g10:A-budget        B=-2n^4            im=id conv=  24,996 near=   4 ver=  4 novel=0 pocket=0 fit=  2.60 [0.5s]
  g10 catalan-home>g8:A-factored>g9:A-budget>g10:A-f B=-2n^4            im=id conv=  24,996 near=   4 ver=  4 novel=0 pocket=0 fit=  2.60 [0.5s]
  g10 catalan-home>g5:B-split>g10:B-shift            B=-2n^3(n+3)^1     im=id conv=   4,736 near=   4 ver=  0 novel=0 pocket=0 fit=  1.00 [0.3s]
  g11 catalan-home>g8:A-factored                     B=-2n^4            im=id conv=  24,996 near=   4 ver=  4 novel=0 pocket=0 fit=  2.60 [0.5s]
  g11 catalan-home>g8:A-factored>g9:A-budget         B=-2n^4            im=id conv=  24,996 near=   4 ver=  4 novel=0 pocket=0 fit=  2.60 [0.5s]
  g11 catalan-home>g8:A-factored>g10:A-budget        B=-2n^4            im=id conv=  24,996 near=   4 ver=  4 novel=0 pocket=0 fit=  2.60 [0.5s]
  g11 catalan-home>g8:A-factored>g11:B-shift         B=-2(n+1)^4        im=id conv=  24,704 near=   4 ver=  0 novel=0 pocket=0 fit=  0.92 [0.1s]
  g11 catalan-home>g8:A-factored>g9:A-budget>g11:A-b B=-2n^4            im=id conv=  24,996 near=   4 ver=  4 novel=0 pocket=0 fit=  2.60 [0.5s]
  g11 catalan-home>g8:A-factored>g10:A-budget>g11:B- B=-2n^1(n-2)^3     im=id conv=  18,816 near= 400 ver=  0 novel=0 pocket=0 fit= -7.00 [3.7s]
  g12 catalan-home>g8:A-factored                     B=-2n^4            im=id conv=  24,996 near=   4 ver=  4 novel=0 pocket=0 fit=  2.60 [0.5s]
  g12 catalan-home>g8:A-factored>g9:A-budget         B=-2n^4            im=id conv=  24,996 near=   4 ver=  4 novel=0 pocket=0 fit=  2.60 [0.5s]
  g12 catalan-home>g8:A-factored>g10:A-budget        B=-2n^4            im=id conv=  24,996 near=   4 ver=  4 novel=0 pocket=0 fit=  2.60 [0.5s]
  g12 catalan-home>g8:A-factored>g12:B-shift         B=-2(n-1)^4        im=id conv=       4 near=   0 ver=  0 novel=0 pocket=0 fit=  1.00 [0.1s]
  g12 catalan-home>g8:A-factored>g9:A-budget>g12:A-b B=-2n^4            im=id conv=  24,996 near=   4 ver=  4 novel=0 pocket=0 fit=  2.60 [0.5s]
  g12 catalan-home>g8:A-factored>g10:A-budget>g12:B- B=-2n^2(n+2)^2     im=id conv=  24,700 near=   0 ver=  0 novel=0 pocket=0 fit=  1.00 [0.1s]
  g13 catalan-home>g8:A-factored                     B=-2n^4            im=id conv=  24,996 near=   4 ver=  4 novel=0 pocket=0 fit=  2.60 [0.5s]
  g13 catalan-home>g8:A-factored>g9:A-budget         B=-2n^4            im=id conv=  24,996 near=   4 ver=  4 novel=0 pocket=0 fit=  2.60 [0.5s]
  g13 catalan-home>g8:A-factored>g10:A-budget        B=-2n^4            im=id conv=  24,996 near=   4 ver=  4 novel=0 pocket=0 fit=  2.60 [0.5s]
  g13 catalan-home>g8:A-factored>g13:B-split         B=-2n^3(n-2)^1     im=id conv=  18,816 near= 400 ver=  0 novel=0 pocket=0 fit= -7.00 [3.7s]
  g13 catalan-home>g8:A-factored>g9:A-budget>g13:A-b B=-2n^4            im=id conv=  24,996 near=   4 ver=  4 novel=0 pocket=0 fit=  2.60 [0.5s]
  g13 catalan-home>g8:A-factored>g10:A-budget>g13:A- B=-2n^4            im=id conv=  24,996 near=   4 ver=  4 novel=0 pocket=0 fit=  2.60 [0.5s]

FOUNDRY done. Pockets, novel hits and latent constants are in foundry_log.json
