  STAGE 1-gen6 (GPU float64): A 130,321 (deg3,|c|<=9) x B 78,124 (deg6,|c|<=2) = 10,181,197,804 PCFs, 90 terms, near_thresh=1e-11
    Mobius table: 4,851,483 values (incl. pi/e/log2 + tails); streaming prefilter on
    b 0/78,124  done 390,963/10,181,197,804  conv 264,478  NEAR 4  topdelta 0.00  [2s]
    b 600/78,124  done 78,583,563/10,181,197,804  conv 52,642,724  NEAR 246  topdelta 0.00  [14s]
    b 1,200/78,124  done 156,776,163/10,181,197,804  conv 104,254,610  NEAR 488  topdelta 0.00  [26s]
    b 1,800/78,124  done 234,968,763/10,181,197,804  conv 154,662,646  NEAR 738  topdelta 0.00  [37s]
    b 2,400/78,124  done 313,161,363/10,181,197,804  conv 203,507,090  NEAR 1,022  topdelta 0.00  [50s]
    b 3,000/78,124  done 391,353,963/10,181,197,804  conv 250,873,144  NEAR 1,222  topdelta 0.00  [62s]
    b 3,600/78,124  done 469,546,563/10,181,197,804  conv 301,848,716  NEAR 1,484  topdelta 0.00  [74s]
    b 4,200/78,124  done 547,739,163/10,181,197,804  conv 352,881,584  NEAR 1,710  topdelta 0.00  [85s]
    b 4,800/78,124  done 625,931,763/10,181,197,804  conv 402,339,890  NEAR 1,958  topdelta 0.00  [97s]
    b 5,400/78,124  done 704,124,363/10,181,197,804  conv 450,133,524  NEAR 2,144  topdelta 0.00  [109s]
    b 6,000/78,124  done 782,316,963/10,181,197,804  conv 496,614,694  NEAR 2,402  topdelta 0.00  [121s]
    b 6,600/78,124  done 860,509,563/10,181,197,804  conv 546,267,068  NEAR 2,620  topdelta 0.00  [134s]
    b 7,200/78,124  done 938,702,163/10,181,197,804  conv 596,377,120  NEAR 2,876  topdelta 0.00  [146s]
    b 7,800/78,124  done 1,016,894,763/10,181,197,804  conv 644,806,606  NEAR 3,112  topdelta 0.00  [158s]
    b 8,400/78,124  done 1,095,087,363/10,181,197,804  conv 691,732,440  NEAR 3,378  topdelta 0.00  [170s]
    b 9,000/78,124  done 1,173,279,963/10,181,197,804  conv 737,778,162  NEAR 3,558  topdelta 0.00  [182s]
    b 9,600/78,124  done 1,251,472,563/10,181,197,804  conv 786,429,450  NEAR 3,784  topdelta 0.00  [194s]
    b 10,200/78,124  done 1,329,665,163/10,181,197,804  conv 835,514,706  NEAR 4,084  topdelta 0.00  [206s]
    b 10,800/78,124  done 1,407,857,763/10,181,197,804  conv 883,089,186  NEAR 4,294  topdelta 0.00  [218s]
    b 11,400/78,124  done 1,486,050,363/10,181,197,804  conv 929,598,678  NEAR 4,496  topdelta 0.00  [231s]
    b 12,000/78,124  done 1,564,242,963/10,181,197,804  conv 975,939,706  NEAR 4,678  topdelta 0.00  [243s]
    b 12,600/78,124  done 1,642,435,563/10,181,197,804  conv 1,024,216,036  NEAR 4,950  topdelta 0.00  [255s]
    b 13,200/78,124  done 1,720,628,163/10,181,197,804  conv 1,072,425,004  NEAR 5,178  topdelta 0.00  [267s]
    b 13,800/78,124  done 1,798,820,763/10,181,197,804  conv 1,119,567,958  NEAR 5,404  topdelta 0.00  [279s]
    b 14,400/78,124  done 1,877,013,363/10,181,197,804  conv 1,166,362,552  NEAR 5,632  topdelta 0.00  [291s]
    b 15,000/78,124  done 1,955,205,963/10,181,197,804  conv 1,213,714,620  NEAR 5,868  topdelta 0.00  [303s]
    b 15,600/78,124  done 2,033,398,563/10,181,197,804  conv 1,261,992,538  NEAR 6,128  topdelta 0.00  [315s]
    b 16,200/78,124  done 2,111,591,163/10,181,197,804  conv 1,319,588,822  NEAR 6,360  topdelta 0.00  [327s]
    b 16,800/78,124  done 2,189,783,763/10,181,197,804  conv 1,375,702,944  NEAR 6,648  topdelta 0.00  [339s]
    b 17,400/78,124  done 2,267,976,363/10,181,197,804  conv 1,430,067,802  NEAR 6,874  topdelta 0.00  [351s]
    b 18,000/78,124  done 2,346,168,963/10,181,197,804  conv 1,482,781,070  NEAR 7,146  topdelta 0.00  [363s]
    b 18,600/78,124  done 2,424,361,563/10,181,197,804  conv 1,534,137,140  NEAR 7,408  topdelta 0.00  [375s]
    b 19,200/78,124  done 2,502,554,163/10,181,197,804  conv 1,590,281,762  NEAR 7,674  topdelta 0.00  [387s]
    b 19,800/78,124  done 2,580,746,763/10,181,197,804  conv 1,645,428,894  NEAR 7,918  topdelta 0.00  [399s]
    b 20,400/78,124  done 2,658,939,363/10,181,197,804  conv 1,698,715,436  NEAR 8,156  topdelta 0.00  [412s]
    b 21,000/78,124  done 2,737,131,963/10,181,197,804  conv 1,750,536,994  NEAR 8,422  topdelta 0.00  [424s]
    b 21,600/78,124  done 2,815,324,563/10,181,197,804  conv 1,801,487,068  NEAR 8,708  topdelta 0.00  [436s]
    b 22,200/78,124  done 2,893,517,163/10,181,197,804  conv 1,856,600,652  NEAR 8,924  topdelta 0.00  [448s]
    b 22,800/78,124  done 2,971,709,763/10,181,197,804  conv 1,910,669,682  NEAR 9,186  topdelta 0.00  [460s]
    b 23,400/78,124  done 3,049,902,363/10,181,197,804  conv 1,963,064,140  NEAR 9,414  topdelta 0.00  [472s]
    b 24,000/78,124  done 3,128,094,963/10,181,197,804  conv 2,014,483,022  NEAR 9,682  topdelta 0.00  [484s]
    b 24,600/78,124  done 3,206,287,563/10,181,197,804  conv 2,065,826,694  NEAR 9,936  topdelta 0.00  [497s]
    b 25,200/78,124  done 3,284,480,163/10,181,197,804  conv 2,120,607,232  NEAR 10,222  topdelta 0.00  [509s]
    b 25,800/78,124  done 3,362,672,763/10,181,197,804  conv 2,173,786,604  NEAR 10,436  topdelta 0.00  [521s]
    b 26,400/78,124  done 3,440,865,363/10,181,197,804  conv 2,225,783,518  NEAR 10,612  topdelta 0.00  [534s]
    b 27,000/78,124  done 3,519,057,963/10,181,197,804  conv 2,277,609,302  NEAR 10,856  topdelta 0.00  [546s]
    b 27,600/78,124  done 3,597,250,563/10,181,197,804  conv 2,330,237,502  NEAR 418,166  topdelta 0.00  [558s]
    b 28,200/78,124  done 3,675,443,163/10,181,197,804  conv 2,385,521,156  NEAR 897,060  topdelta 0.00  [571s]
    b 28,800/78,124  done 3,753,635,763/10,181,197,804  conv 2,438,312,520  NEAR 897,320  topdelta 0.00  [583s]
    b 29,400/78,124  done 3,831,828,363/10,181,197,804  conv 2,490,804,994  NEAR 1,274,636  topdelta 0.00  [595s]
    b 30,000/78,124  done 3,910,020,963/10,181,197,804  conv 2,544,024,192  NEAR 1,757,634  topdelta 0.00  [607s]
    b 30,600/78,124  done 3,988,213,563/10,181,197,804  conv 2,598,272,294  NEAR 2,106,582  topdelta 0.00  [619s]
    b 31,200/78,124  done 4,066,406,163/10,181,197,804  conv 2,654,082,494  NEAR 2,106,816  topdelta 0.00  [631s]
    b 31,800/78,124  done 4,144,598,763/10,181,197,804  conv 2,724,307,444  NEAR 2,107,192  topdelta 0.00  [644s]
    b 32,400/78,124  done 4,222,791,363/10,181,197,804  conv 2,792,458,154  NEAR 2,107,524  topdelta 0.00  [656s]
    b 33,000/78,124  done 4,300,983,963/10,181,197,804  conv 2,858,509,964  NEAR 2,107,840  topdelta 0.00  [668s]
    b 33,600/78,124  done 4,379,176,563/10,181,197,804  conv 2,922,833,414  NEAR 2,108,128  topdelta 0.00  [681s]
    b 34,200/78,124  done 4,457,369,163/10,181,197,804  conv 2,986,292,682  NEAR 2,108,432  topdelta 0.00  [693s]
    b 34,800/78,124  done 4,535,561,763/10,181,197,804  conv 3,055,310,734  NEAR 2,108,826  topdelta 0.00  [705s]
    b 35,400/78,124  done 4,613,754,363/10,181,197,804  conv 3,121,647,386  NEAR 2,109,182  topdelta 0.00  [717s]
    b 36,000/78,124  done 4,691,946,963/10,181,197,804  conv 3,186,201,128  NEAR 2,109,504  topdelta 0.00  [729s]
    b 36,600/78,124  done 4,770,139,563/10,181,197,804  conv 3,249,750,244  NEAR 2,109,832  topdelta 0.00  [741s]
    b 37,200/78,124  done 4,848,332,163/10,181,197,804  conv 3,313,275,908  NEAR 2,800,576  topdelta 0.00  [753s]
    b 37,800/78,124  done 4,926,524,763/10,181,197,804  conv 3,382,999,278  NEAR 2,970,286  topdelta 0.03  [766s]
    b 38,400/78,124  done 5,004,717,363/10,181,197,804  conv 3,450,321,862  NEAR 2,970,636  topdelta 0.08  [778s]
    b 39,000/78,124  done 5,082,909,963/10,181,197,804  conv 3,516,513,158  NEAR 3,457,708  topdelta 0.89  [790s]
    b 39,600/78,124  done 5,161,102,563/10,181,197,804  conv 3,583,030,668  NEAR 4,164,534  topdelta 15.50  [802s]
    b 40,200/78,124  done 5,239,295,163/10,181,197,804  conv 3,650,878,544  NEAR 4,164,898  topdelta 15.50  [814s]
    b 40,800/78,124  done 5,317,487,763/10,181,197,804  conv 3,722,448,776  NEAR 4,165,228  topdelta 15.50  [827s]
    b 41,400/78,124  done 5,395,680,363/10,181,197,804  conv 3,788,523,662  NEAR 5,012,232  topdelta 15.50  [839s]
    b 42,000/78,124  done 5,473,872,963/10,181,197,804  conv 3,854,749,114  NEAR 5,049,260  topdelta 15.50  [852s]
    b 42,600/78,124  done 5,552,065,563/10,181,197,804  conv 3,921,867,802  NEAR 5,049,578  topdelta 15.50  [864s]
    b 43,200/78,124  done 5,630,258,163/10,181,197,804  conv 3,990,768,370  NEAR 5,049,900  topdelta 15.50  [876s]
    b 43,800/78,124  done 5,708,450,763/10,181,197,804  conv 4,062,720,280  NEAR 5,050,248  topdelta 15.50  [889s]
    b 44,400/78,124  done 5,786,643,363/10,181,197,804  conv 4,128,930,988  NEAR 5,050,562  topdelta 15.50  [901s]
    b 45,000/78,124  done 5,864,835,963/10,181,197,804  conv 4,195,884,172  NEAR 5,050,856  topdelta 15.50  [913s]
    b 45,600/78,124  done 5,943,028,563/10,181,197,804  conv 4,264,098,922  NEAR 5,051,236  topdelta 15.50  [926s]
    b 46,200/78,124  done 6,021,221,163/10,181,197,804  conv 4,334,343,790  NEAR 5,051,596  topdelta 15.50  [938s]
    b 46,800/78,124  done 6,099,413,763/10,181,197,804  conv 4,406,745,586  NEAR 5,051,946  topdelta 15.50  [950s]
    b 47,400/78,124  done 6,177,606,363/10,181,197,804  conv 4,477,387,856  NEAR 5,052,304  topdelta 15.50  [962s]
    b 48,000/78,124  done 6,255,798,963/10,181,197,804  conv 4,544,114,086  NEAR 5,192,246  topdelta 15.50  [975s]
    b 48,600/78,124  done 6,333,991,563/10,181,197,804  conv 4,608,933,338  NEAR 5,888,114  topdelta 15.50  [987s]
    b 49,200/78,124  done 6,412,184,163/10,181,197,804  conv 4,672,885,230  NEAR 6,282,688  topdelta 15.50  [1000s]
    b 49,800/78,124  done 6,490,376,763/10,181,197,804  conv 4,737,166,842  NEAR 6,282,986  topdelta 15.50  [1012s]
    b 50,400/78,124  done 6,568,569,363/10,181,197,804  conv 4,805,715,966  NEAR 6,743,628  topdelta 15.50  [1025s]
    b 51,000/78,124  done 6,646,761,963/10,181,197,804  conv 4,870,522,348  NEAR 7,212,534  topdelta 15.50  [1037s]
    b 51,600/78,124  done 6,724,954,563/10,181,197,804  conv 4,934,357,734  NEAR 7,212,876  topdelta 15.50  [1049s]
    b 52,200/78,124  done 6,803,147,163/10,181,197,804  conv 4,998,253,364  NEAR 7,213,164  topdelta 15.50  [1061s]
    b 52,800/78,124  done 6,881,339,763/10,181,197,804  conv 5,063,338,196  NEAR 7,213,454  topdelta 15.50  [1073s]
    b 53,400/78,124  done 6,959,532,363/10,181,197,804  conv 5,131,882,960  NEAR 7,213,756  topdelta 15.50  [1085s]
    b 54,000/78,124  done 7,037,724,963/10,181,197,804  conv 5,195,712,322  NEAR 7,214,026  topdelta 15.50  [1097s]
    b 54,600/78,124  done 7,115,917,563/10,181,197,804  conv 5,259,376,250  NEAR 7,214,306  topdelta 15.50  [1109s]
    b 55,200/78,124  done 7,194,110,163/10,181,197,804  conv 5,324,116,898  NEAR 7,214,638  topdelta 15.50  [1122s]
    b 55,800/78,124  done 7,272,302,763/10,181,197,804  conv 5,390,678,432  NEAR 7,214,962  topdelta 15.50  [1134s]
    b 56,400/78,124  done 7,350,495,363/10,181,197,804  conv 5,459,933,584  NEAR 7,215,262  topdelta 15.50  [1147s]
    b 57,000/78,124  done 7,428,687,963/10,181,197,804  conv 5,523,636,000  NEAR 7,215,604  topdelta 15.50  [1159s]
    b 57,600/78,124  done 7,506,880,563/10,181,197,804  conv 5,588,176,606  NEAR 7,215,918  topdelta 15.50  [1172s]
    b 58,200/78,124  done 7,585,073,163/10,181,197,804  conv 5,654,420,110  NEAR 7,216,236  topdelta 15.50  [1184s]
    b 58,800/78,124  done 7,663,265,763/10,181,197,804  conv 5,722,736,568  NEAR 7,216,616  topdelta 15.50  [1197s]
    b 59,400/78,124  done 7,741,458,363/10,181,197,804  conv 5,793,620,348  NEAR 7,216,986  topdelta 15.50  [1210s]
    b 60,000/78,124  done 7,819,650,963/10,181,197,804  conv 5,858,222,268  NEAR 7,217,288  topdelta 15.50  [1222s]
    b 60,600/78,124  done 7,897,843,563/10,181,197,804  conv 5,924,040,052  NEAR 7,217,578  topdelta 15.50  [1235s]
    b 61,200/78,124  done 7,976,036,163/10,181,197,804  conv 5,991,812,264  NEAR 7,217,940  topdelta 15.50  [1247s]
    b 61,800/78,124  done 8,054,228,763/10,181,197,804  conv 6,061,662,976  NEAR 7,218,284  topdelta 15.50  [1260s]
    b 62,400/78,124  done 8,132,421,363/10,181,197,804  conv 6,133,346,422  NEAR 7,218,634  topdelta 15.50  [1273s]
    b 63,000/78,124  done 8,210,613,963/10,181,197,804  conv 6,201,288,744  NEAR 7,218,968  topdelta 15.50  [1285s]
    b 63,600/78,124  done 8,288,806,563/10,181,197,804  conv 6,265,466,852  NEAR 7,219,254  topdelta 15.50  [1298s]
    b 64,200/78,124  done 8,366,999,163/10,181,197,804  conv 6,328,777,780  NEAR 7,219,542  topdelta 15.50  [1311s]
    b 64,800/78,124  done 8,445,191,763/10,181,197,804  conv 6,392,350,098  NEAR 7,219,826  topdelta 15.50  [1324s]
    b 65,400/78,124  done 8,523,384,363/10,181,197,804  conv 6,457,422,988  NEAR 7,220,136  topdelta 15.50  [1336s]
    b 66,000/78,124  done 8,601,576,963/10,181,197,804  conv 6,524,705,434  NEAR 7,220,428  topdelta 15.50  [1349s]
    b 66,600/78,124  done 8,679,769,563/10,181,197,804  conv 6,587,897,826  NEAR 7,220,728  topdelta 15.50  [1362s]
    b 67,200/78,124  done 8,757,962,163/10,181,197,804  conv 6,651,229,660  NEAR 7,221,006  topdelta 15.50  [1375s]
    b 67,800/78,124  done 8,836,154,763/10,181,197,804  conv 6,715,812,818  NEAR 7,221,320  topdelta 15.50  [1388s]
    b 68,400/78,124  done 8,914,347,363/10,181,197,804  conv 6,782,510,414  NEAR 7,221,656  topdelta 15.50  [1401s]
    b 69,000/78,124  done 8,992,539,963/10,181,197,804  conv 6,850,682,364  NEAR 7,221,992  topdelta 15.50  [1413s]
    b 69,600/78,124  done 9,070,732,563/10,181,197,804  conv 6,913,894,712  NEAR 7,222,328  topdelta 15.50  [1426s]
    b 70,200/78,124  done 9,148,925,163/10,181,197,804  conv 6,978,230,576  NEAR 7,222,648  topdelta 15.50  [1438s]
    b 70,800/78,124  done 9,227,117,763/10,181,197,804  conv 7,044,431,122  NEAR 7,222,976  topdelta 15.50  [1451s]
    b 71,400/78,124  done 9,305,310,363/10,181,197,804  conv 7,112,990,932  NEAR 7,223,318  topdelta 15.50  [1464s]
    b 72,000/78,124  done 9,383,502,963/10,181,197,804  conv 7,182,913,086  NEAR 7,223,660  topdelta 15.50  [1476s]
    b 72,600/78,124  done 9,461,695,563/10,181,197,804  conv 7,247,122,218  NEAR 7,223,920  topdelta 15.50  [1489s]
    b 73,200/78,124  done 9,539,888,163/10,181,197,804  conv 7,313,069,966  NEAR 7,224,236  topdelta 15.50  [1501s]
    b 73,800/78,124  done 9,618,080,763/10,181,197,804  conv 7,381,129,010  NEAR 7,224,548  topdelta 15.50  [1514s]
    b 74,400/78,124  done 9,696,273,363/10,181,197,804  conv 7,451,424,244  NEAR 7,224,872  topdelta 15.50  [1527s]
    b 75,000/78,124  done 9,774,465,963/10,181,197,804  conv 7,523,585,340  NEAR 7,225,276  topdelta 15.50  [1539s]
    b 75,600/78,124  done 9,852,658,563/10,181,197,804  conv 7,589,158,168  NEAR 7,225,624  topdelta 15.50  [1552s]
    b 76,200/78,124  done 9,930,851,163/10,181,197,804  conv 7,656,716,334  NEAR 7,225,962  topdelta 15.50  [1565s]
    b 76,800/78,124  done 10,009,043,763/10,181,197,804  conv 7,726,386,274  NEAR 7,226,312  topdelta 15.50  [1577s]
    b 77,400/78,124  done 10,087,236,363/10,181,197,804  conv 7,797,922,246  NEAR 7,226,676  topdelta 15.50  [1590s]
    b 78,000/78,124  done 10,165,428,963/10,181,197,804  conv 7,870,707,020  NEAR 7,227,028  topdelta 15.50  [1603s]
  STAGE 1-gen6 done: 7,885,638,248 convergent; 37,452 distinct NEAR; 20,000 top-delta saved [1608s]
