
gpu_avida_loop | device=cuda | maxit=4 (reachable depth ~P*maxit=96) N=6144 gens=600

  HEADLINE: top_named_sim as a function of reachable depth. DROP with depth -> named region is
  shallow (depth was the gate). FLAT-HIGH -> naming-density extends deep (recognition is the ceiling).

  gen     0: best=3.38 edge=0.99 top_named_sim=0.758 named_in_top5=3 | ~a^(b<<1)@0.758 | fm=['a+b', '(a|b)+(a&b)', 'a&b'] [1s]
  gen    10: best=4.75 edge=0.99 top_named_sim=0.548 named_in_top5=0 | ~3a@0.548 | fm=['a+b', '(a|b)+(a&b)', 'a&b'] [6s]
  gen    20: best=4.97 edge=0.99 top_named_sim=0.552 named_in_top5=0 | ~3a@0.552 | fm=['a+b', '(a|b)+(a&b)', 'a&b'] [11s]
  gen    30: best=4.98 edge=1.00 top_named_sim=0.720 named_in_top5=0 | ~a|b@0.72 | fm=['a+b', '(a|b)+(a&b)', 'a&b'] [16s]
  gen    40: best=5.10 edge=1.00 top_named_sim=0.597 named_in_top5=0 | ~(a+b)^a^b@0.597 | fm=['a+b', '(a|b)+(a&b)', 'a&b'] [21s]
  gen    50: best=5.19 edge=1.00 top_named_sim=0.616 named_in_top5=0 | ~0@0.616 | fm=['a+b', '(a|b)+(a&b)', 'a&b'] [26s]
  gen    60: best=5.19 edge=1.00 top_named_sim=0.616 named_in_top5=0 | ~0@0.616 | fm=['a+b', '(a|b)+(a&b)', 'a&b'] [31s]
  gen    70: best=5.20 edge=1.00 top_named_sim=0.576 named_in_top5=0 | ~a|b@0.576 | fm=['a+b', '(a|b)+(a&b)', 'a&b'] [36s]
  gen    80: best=5.20 edge=1.00 top_named_sim=0.607 named_in_top5=0 | ~0@0.607 | fm=['a+b', '(a|b)+(a&b)', 'a&b'] [42s]
  gen    90: best=5.20 edge=1.00 top_named_sim=0.607 named_in_top5=0 | ~0@0.607 | fm=['a+b', '(a|b)+(a&b)', 'a&b'] [47s]
  gen   100: best=5.20 edge=1.00 top_named_sim=0.607 named_in_top5=0 | ~0@0.607 | fm=['a+b', '(a|b)+(a&b)', 'a&b'] [52s]
  gen   110: best=5.20 edge=1.00 top_named_sim=0.607 named_in_top5=0 | ~0@0.607 | fm=['a+b', '(a|b)+(a&b)', 'a&b'] [57s]
  gen   120: best=5.20 edge=1.00 top_named_sim=0.607 named_in_top5=0 | ~0@0.607 | fm=['a+b', '(a|b)+(a&b)', 'a&b'] [62s]
  gen   130: best=5.20 edge=1.00 top_named_sim=0.575 named_in_top5=0 | ~a|b@0.575 | fm=['a+b', '(a|b)+(a&b)', 'a&b'] [67s]
  gen   140: best=5.20 edge=1.00 top_named_sim=0.597 named_in_top5=0 | ~(a+b)^a^b@0.597 | fm=['a+b', '(a|b)+(a&b)', 'a&b'] [73s]
  gen   150: best=5.20 edge=1.00 top_named_sim=0.577 named_in_top5=0 | ~a+(a|b)@0.577 | fm=['a+b', '(a|b)+(a&b)', 'a&b'] [78s]
  gen   160: best=5.19 edge=1.00 top_named_sim=0.574 named_in_top5=0 | ~0@0.574 | fm=['a+b', '(a|b)+(a&b)', 'a&b'] [83s]
  gen   170: best=5.20 edge=1.00 top_named_sim=0.607 named_in_top5=0 | ~0@0.607 | fm=['a+b', '(a|b)+(a&b)', 'a&b'] [88s]
  gen   180: best=5.20 edge=1.00 top_named_sim=0.607 named_in_top5=0 | ~0@0.607 | fm=['a+b', '(a|b)+(a&b)', 'a&b'] [93s]
  gen   190: best=5.20 edge=1.00 top_named_sim=0.575 named_in_top5=0 | ~a|b@0.575 | fm=['a+b', '(a|b)+(a&b)', 'a&b'] [99s]
  gen   200: best=5.20 edge=1.00 top_named_sim=0.607 named_in_top5=0 | ~0@0.607 | fm=['a+b', '(a|b)+(a&b)', 'a&b'] [104s]
  gen   210: best=5.20 edge=1.00 top_named_sim=0.607 named_in_top5=0 | ~0xFFFF@0.607 | fm=['a+b', '(a|b)+(a&b)', 'a&b'] [109s]
  gen   220: best=5.20 edge=1.00 top_named_sim=0.640 named_in_top5=0 | ~0@0.64 | fm=['a+b', '(a|b)+(a&b)', 'a&b'] [114s]
  gen   230: best=5.20 edge=1.00 top_named_sim=0.620 named_in_top5=0 | ~0@0.62 | fm=['a+b', '(a|b)+(a&b)', 'a&b'] [119s]
  gen   240: best=5.20 edge=1.00 top_named_sim=0.602 named_in_top5=0 | ~(a^b)<<2@0.602 | fm=['a+b', '(a|b)+(a&b)', 'a&b'] [124s]
  gen   250: best=5.20 edge=1.00 top_named_sim=0.602 named_in_top5=0 | ~(a^b)<<2@0.602 | fm=['a+b', '(a|b)+(a&b)', 'a&b'] [130s]
  gen   260: best=5.20 edge=1.00 top_named_sim=0.607 named_in_top5=0 | ~0xFFFF@0.607 | fm=['a+b', '(a|b)+(a&b)', 'a&b'] [135s]
  gen   270: best=5.20 edge=1.00 top_named_sim=0.577 named_in_top5=0 | ~0xFFFF@0.577 | fm=['a+b', '(a|b)+(a&b)', 'a&b'] [140s]
  gen   280: best=5.19 edge=1.00 top_named_sim=0.581 named_in_top5=0 | ~b<<1@0.581 | fm=['a+b', '(a|b)+(a&b)', 'a&b'] [145s]
  gen   290: best=5.20 edge=1.00 top_named_sim=0.607 named_in_top5=0 | ~0@0.607 | fm=['a+b', '(a|b)+(a&b)', 'a&b'] [150s]
  gen   300: best=5.20 edge=1.00 top_named_sim=0.640 named_in_top5=0 | ~0@0.64 | fm=['a+b', '(a|b)+(a&b)', 'a&b'] [155s]
  gen   310: best=5.20 edge=1.00 top_named_sim=0.578 named_in_top5=0 | ~0xFFFF@0.578 | fm=['a+b', '(a|b)+(a&b)', 'a&b'] [161s]
  gen   320: best=5.19 edge=1.00 top_named_sim=0.575 named_in_top5=0 | ~a|b@0.575 | fm=['a+b', '(a|b)+(a&b)', 'a&b'] [166s]
  gen   330: best=5.20 edge=1.00 top_named_sim=0.584 named_in_top5=0 | ~~a|b@0.584 | fm=['a+b', '(a|b)+(a&b)', 'a&b'] [171s]
  gen   340: best=5.20 edge=1.00 top_named_sim=0.558 named_in_top5=0 | ~0xFFFF@0.558 | fm=['a+b', '(a|b)+(a&b)', 'a&b'] [176s]
  gen   350: best=5.20 edge=1.00 top_named_sim=0.607 named_in_top5=0 | ~0@0.607 | fm=['a+b', '(a|b)+(a&b)', 'a&b'] [181s]
  gen   360: best=5.20 edge=1.00 top_named_sim=0.575 named_in_top5=0 | ~a|b@0.575 | fm=['a+b', '(a|b)+(a&b)', 'a&b'] [186s]
  gen   370: best=5.20 edge=1.00 top_named_sim=0.584 named_in_top5=0 | ~~a|b@0.584 | fm=['a+b', '(a|b)+(a&b)', 'a&b'] [192s]
  gen   380: best=5.20 edge=1.00 top_named_sim=0.607 named_in_top5=0 | ~0@0.607 | fm=['a+b', '(a|b)+(a&b)', 'a&b'] [197s]
  gen   390: best=5.20 edge=1.00 top_named_sim=0.584 named_in_top5=0 | ~~a|b@0.584 | fm=['a+b', '(a|b)+(a&b)', 'a&b'] [202s]
  gen   400: best=5.20 edge=1.00 top_named_sim=0.607 named_in_top5=0 | ~0xFFFF@0.607 | fm=['a+b', '(a|b)+(a&b)', 'a&b'] [207s]
  gen   410: best=5.20 edge=1.00 top_named_sim=0.607 named_in_top5=0 | ~0xFFFF@0.607 | fm=['a+b', '(a|b)+(a&b)', 'a&b'] [212s]
  gen   420: best=5.20 edge=1.00 top_named_sim=0.584 named_in_top5=0 | ~~a|b@0.584 | fm=['a+b', '(a|b)+(a&b)', 'a&b'] [217s]
  gen   430: best=5.20 edge=1.00 top_named_sim=0.584 named_in_top5=0 | ~~a|b@0.584 | fm=['a+b', '(a|b)+(a&b)', 'a&b'] [223s]
  gen   440: best=5.20 edge=1.00 top_named_sim=0.584 named_in_top5=0 | ~~a|b@0.584 | fm=['a+b', '(a|b)+(a&b)', 'a&b'] [228s]
  gen   450: best=5.20 edge=1.00 top_named_sim=0.607 named_in_top5=0 | ~0xFFFF@0.607 | fm=['a+b', '(a|b)+(a&b)', 'a&b'] [233s]
  gen   460: best=5.20 edge=1.00 top_named_sim=0.620 named_in_top5=0 | ~0@0.62 | fm=['a+b', '(a|b)+(a&b)', 'a&b'] [238s]
  gen   470: best=5.20 edge=1.00 top_named_sim=0.583 named_in_top5=0 | ~0xFFFF@0.583 | fm=['a+b', '(a|b)+(a&b)', 'a&b'] [243s]
  gen   480: best=5.20 edge=1.00 top_named_sim=0.607 named_in_top5=0 | ~0xFFFF@0.607 | fm=['a+b', '(a|b)+(a&b)', 'a&b'] [248s]
  gen   490: best=5.20 edge=1.00 top_named_sim=0.602 named_in_top5=0 | ~(a^b)<<2@0.602 | fm=['a+b', '(a|b)+(a&b)', 'a&b'] [254s]
  gen   500: best=5.20 edge=1.00 top_named_sim=0.607 named_in_top5=0 | ~0@0.607 | fm=['a+b', '(a|b)+(a&b)', 'a&b'] [259s]
  gen   510: best=5.20 edge=1.00 top_named_sim=0.589 named_in_top5=0 | ~a|b@0.589 | fm=['a+b', '(a|b)+(a&b)', 'a&b'] [264s]
  gen   520: best=5.20 edge=1.00 top_named_sim=0.558 named_in_top5=0 | ~0xFFFF@0.558 | fm=['a+b', '(a|b)+(a&b)', 'a&b'] [269s]
  gen   530: best=5.20 edge=1.00 top_named_sim=0.599 named_in_top5=0 | ~a*a@0.599 | fm=['a+b', '(a|b)+(a&b)', 'a&b'] [274s]
  gen   540: best=5.19 edge=1.00 top_named_sim=0.683 named_in_top5=0 | ~2a-b@0.683 | fm=['a+b', '(a|b)+(a&b)', 'a&b'] [280s]
  gen   550: best=5.20 edge=1.00 top_named_sim=0.558 named_in_top5=0 | ~0xFFFF@0.558 | fm=['a+b', '(a|b)+(a&b)', 'a&b'] [285s]
  gen   560: best=5.20 edge=1.00 top_named_sim=0.577 named_in_top5=0 | ~0xFFFF@0.577 | fm=['a+b', '(a|b)+(a&b)', 'a&b'] [290s]
  gen   570: best=5.20 edge=1.00 top_named_sim=0.602 named_in_top5=0 | ~(a^b)<<2@0.602 | fm=['a+b', '(a|b)+(a&b)', 'a&b'] [295s]
  gen   580: best=5.20 edge=1.00 top_named_sim=0.589 named_in_top5=0 | ~a<<4@0.589 | fm=['a+b', '(a|b)+(a&b)', 'a&b'] [300s]
  gen   590: best=5.20 edge=1.00 top_named_sim=0.554 named_in_top5=0 | ~0xFFFF@0.554 | fm=['a+b', '(a|b)+(a&b)', 'a&b'] [305s]
  gen   600: best=5.20 edge=1.00 top_named_sim=0.584 named_in_top5=0 | ~~a|b@0.584 | fm=['a+b', '(a|b)+(a&b)', 'a&b'] [311s]
