  STAGE 2 (CPU PSLQ, 60 procs): verifying 462,129 survivors against the constant battery
    chunk 1/240  hits so far 1  [1042s]
    chunk 2/240  hits so far 1  [1044s]
    chunk 3/240  hits so far 1  [1057s]
    chunk 4/240  hits so far 1  [1067s]
    chunk 5/240  hits so far 1  [1068s]
    chunk 6/240  hits so far 1  [1074s]
    chunk 7/240  hits so far 1  [1080s]
    chunk 8/240  hits so far 1  [1081s]
    chunk 9/240  hits so far 1  [1082s]
    chunk 10/240  hits so far 1  [1084s]
    chunk 11/240  hits so far 1  [1090s]
    chunk 12/240  hits so far 1  [1092s]
    chunk 13/240  hits so far 1  [1094s]
    chunk 14/240  hits so far 1  [1096s]
    chunk 15/240  hits so far 1  [1096s]
    chunk 16/240  hits so far 1  [1098s]
    chunk 17/240  hits so far 1  [1099s]
    chunk 18/240  hits so far 1  [1099s]
    chunk 19/240  hits so far 1  [1099s]
    chunk 20/240  hits so far 1  [1101s]
    chunk 21/240  hits so far 1  [1101s]
    chunk 22/240  hits so far 1  [1101s]
    chunk 23/240  hits so far 1  [1103s]
    chunk 24/240  hits so far 1  [1103s]
    chunk 25/240  hits so far 1  [1104s]
    chunk 26/240  hits so far 1  [1105s]
    chunk 27/240  hits so far 1  [1108s]
    chunk 28/240  hits so far 1  [1110s]
    chunk 29/240  hits so far 1  [1112s]
    chunk 30/240  hits so far 1  [1114s]
    chunk 31/240  hits so far 1  [1115s]
    chunk 32/240  hits so far 1  [1116s]
    chunk 33/240  hits so far 1  [1117s]
    chunk 34/240  hits so far 1  [1117s]
    chunk 35/240  hits so far 1  [1117s]
    chunk 36/240  hits so far 1  [1117s]
    chunk 37/240  hits so far 1  [1117s]
    chunk 38/240  hits so far 1  [1118s]
    chunk 39/240  hits so far 1  [1121s]
    chunk 40/240  hits so far 1  [1122s]
    chunk 41/240  hits so far 1  [1122s]
    chunk 42/240  hits so far 1  [1122s]
    chunk 43/240  hits so far 1  [1123s]
    chunk 44/240  hits so far 1  [1123s]
    chunk 45/240  hits so far 1  [1123s]
    chunk 46/240  hits so far 1  [1124s]
    chunk 47/240  hits so far 1  [1126s]
    chunk 48/240  hits so far 1  [1127s]
    chunk 49/240  hits so far 1  [1129s]
    chunk 50/240  hits so far 1  [1129s]
    chunk 51/240  hits so far 1  [1130s]
    chunk 52/240  hits so far 1  [1131s]
    chunk 53/240  hits so far 1  [1131s]
    chunk 54/240  hits so far 1  [1133s]
    chunk 55/240  hits so far 1  [1133s]
    chunk 56/240  hits so far 1  [1139s]
    chunk 57/240  hits so far 1  [1140s]
    chunk 58/240  hits so far 1  [1142s]
    chunk 59/240  hits so far 1  [1142s]
    chunk 60/240  hits so far 1  [1151s]
    chunk 61/240  hits so far 1  [2069s]
    chunk 62/240  hits so far 1  [2074s]
    chunk 63/240  hits so far 1  [2078s]
    chunk 64/240  hits so far 1  [2102s]
    chunk 65/240  hits so far 1  [2107s]
    chunk 66/240  hits so far 1  [2111s]
    chunk 67/240  hits so far 1  [2112s]
    chunk 68/240  hits so far 1  [2114s]
    chunk 69/240  hits so far 1  [2121s]
    chunk 70/240  hits so far 1  [2130s]
    chunk 71/240  hits so far 1  [2133s]
    chunk 72/240  hits so far 1  [2133s]
    chunk 73/240  hits so far 1  [2135s]
    chunk 74/240  hits so far 1  [2136s]
    chunk 75/240  hits so far 1  [2138s]
    chunk 76/240  hits so far 1  [2138s]
    chunk 77/240  hits so far 1  [2140s]
    chunk 78/240  hits so far 1  [2140s]
    chunk 79/240  hits so far 1  [2142s]
    chunk 80/240  hits so far 1  [2143s]
    chunk 81/240  hits so far 1  [2143s]
    chunk 82/240  hits so far 1  [2144s]
    chunk 83/240  hits so far 1  [2144s]
    chunk 84/240  hits so far 1  [2144s]
    chunk 85/240  hits so far 1  [2145s]
    chunk 86/240  hits so far 1  [2147s]
    chunk 87/240  hits so far 1  [2148s]
    chunk 88/240  hits so far 1  [2150s]
    chunk 89/240  hits so far 1  [2150s]
    chunk 90/240  hits so far 1  [2150s]
    chunk 91/240  hits so far 1  [2150s]
    chunk 92/240  hits so far 1  [2151s]
    chunk 93/240  hits so far 1  [2152s]
    chunk 94/240  hits so far 1  [2153s]
    chunk 95/240  hits so far 1  [2153s]
    chunk 96/240  hits so far 1  [2153s]
    chunk 97/240  hits so far 1  [2154s]
    chunk 98/240  hits so far 1  [2154s]
    chunk 99/240  hits so far 1  [2156s]
    chunk 100/240  hits so far 1  [2158s]
    chunk 101/240  hits so far 1  [2160s]
    chunk 102/240  hits so far 1  [2160s]
    chunk 103/240  hits so far 2  [2161s]
    chunk 104/240  hits so far 2  [2162s]
    chunk 105/240  hits so far 2  [2162s]
    chunk 106/240  hits so far 2  [2164s]
    chunk 107/240  hits so far 2  [2164s]
    chunk 108/240  hits so far 2  [2165s]
    chunk 109/240  hits so far 2  [2167s]
    chunk 110/240  hits so far 2  [2171s]
    chunk 111/240  hits so far 2  [2171s]
    chunk 112/240  hits so far 2  [2173s]
    chunk 113/240  hits so far 2  [2174s]
    chunk 114/240  hits so far 2  [2175s]
    chunk 115/240  hits so far 2  [2177s]
    chunk 116/240  hits so far 2  [2178s]
    chunk 117/240  hits so far 2  [2183s]
    chunk 118/240  hits so far 2  [2184s]
    chunk 119/240  hits so far 2  [2187s]
    chunk 120/240  hits so far 2  [2195s]
    chunk 121/240  hits so far 2  [3025s]
    chunk 122/240  hits so far 2  [3037s]
    chunk 123/240  hits so far 2  [3040s]
    chunk 124/240  hits so far 2  [3063s]
    chunk 125/240  hits so far 2  [3066s]
    chunk 126/240  hits so far 2  [3077s]
    chunk 127/240  hits so far 2  [3078s]
    chunk 128/240  hits so far 2  [3081s]
    chunk 129/240  hits so far 2  [3087s]
    chunk 130/240  hits so far 2  [3103s]
    chunk 131/240  hits so far 2  [3104s]
    chunk 132/240  hits so far 2  [3109s]
    chunk 133/240  hits so far 2  [3113s]
    chunk 134/240  hits so far 2  [3116s]
    chunk 135/240  hits so far 2  [3125s]
    chunk 136/240  hits so far 2  [3129s]
    chunk 137/240  hits so far 2  [3131s]
    chunk 138/240  hits so far 2  [3134s]
    chunk 139/240  hits so far 2  [3134s]
    chunk 140/240  hits so far 2  [3138s]
    chunk 141/240  hits so far 2  [3138s]
    chunk 142/240  hits so far 2  [3138s]
    chunk 143/240  hits so far 2  [3139s]
    chunk 144/240  hits so far 2  [3141s]
    chunk 145/240  hits so far 2  [3144s]
    chunk 146/240  hits so far 2  [3155s]
    chunk 147/240  hits so far 2  [3160s]
    chunk 148/240  hits so far 2  [3164s]
    chunk 149/240  hits so far 2  [3168s]
    chunk 150/240  hits so far 2  [3175s]
    chunk 151/240  hits so far 2  [3176s]
    chunk 152/240  hits so far 2  [3177s]
    chunk 153/240  hits so far 2  [3178s]
    chunk 154/240  hits so far 2  [3183s]
    chunk 155/240  hits so far 2  [3184s]
    chunk 156/240  hits so far 2  [3184s]
    chunk 157/240  hits so far 2  [3184s]
    chunk 158/240  hits so far 2  [3184s]
    chunk 159/240  hits so far 2  [3187s]
    chunk 160/240  hits so far 2  [3187s]
    chunk 161/240  hits so far 2  [3190s]
    chunk 162/240  hits so far 2  [3190s]
    chunk 163/240  hits so far 3  [3192s]
    chunk 164/240  hits so far 3  [3193s]
    chunk 165/240  hits so far 3  [3195s]
    chunk 166/240  hits so far 3  [3195s]
    chunk 167/240  hits so far 3  [3197s]
    chunk 168/240  hits so far 3  [3198s]
    chunk 169/240  hits so far 3  [3198s]
    chunk 170/240  hits so far 3  [3199s]
    chunk 171/240  hits so far 3  [3200s]
    chunk 172/240  hits so far 3  [3200s]
    chunk 173/240  hits so far 3  [3203s]
    chunk 174/240  hits so far 3  [3203s]
    chunk 175/240  hits so far 3  [3203s]
    chunk 176/240  hits so far 3  [3212s]
    chunk 177/240  hits so far 3  [3214s]
    chunk 178/240  hits so far 3  [3214s]
    chunk 179/240  hits so far 3  [3219s]
    chunk 180/240  hits so far 3  [3221s]
    chunk 181/240  hits so far 3  [4042s]
    chunk 182/240  hits so far 3  [4070s]
    chunk 183/240  hits so far 3  [4077s]
    chunk 184/240  hits so far 3  [4102s]
    chunk 185/240  hits so far 3  [4103s]
    chunk 186/240  hits so far 3  [4106s]
    chunk 187/240  hits so far 3  [4120s]
    chunk 188/240  hits so far 3  [4132s]
    chunk 189/240  hits so far 3  [4134s]
    chunk 190/240  hits so far 3  [4139s]
    chunk 191/240  hits so far 3  [4140s]
    chunk 192/240  hits so far 3  [4146s]
    chunk 193/240  hits so far 3  [4161s]
    chunk 194/240  hits so far 3  [4167s]
    chunk 195/240  hits so far 3  [4171s]
    chunk 196/240  hits so far 3  [4184s]
    chunk 197/240  hits so far 3  [4188s]
    chunk 198/240  hits so far 3  [4191s]
    chunk 199/240  hits so far 3  [4191s]
    chunk 200/240  hits so far 3  [4191s]
    chunk 201/240  hits so far 3  [4199s]
    chunk 202/240  hits so far 3  [4200s]
    chunk 203/240  hits so far 3  [4204s]
    chunk 204/240  hits so far 3  [4204s]
    chunk 205/240  hits so far 3  [4206s]
    chunk 206/240  hits so far 3  [4207s]
    chunk 207/240  hits so far 3  [4209s]
    chunk 208/240  hits so far 3  [4210s]
    chunk 209/240  hits so far 3  [4211s]
    chunk 210/240  hits so far 3  [4211s]
    chunk 211/240  hits so far 3  [4213s]
    chunk 212/240  hits so far 3  [4214s]
    chunk 213/240  hits so far 3  [4215s]
    chunk 214/240  hits so far 3  [4218s]
    chunk 215/240  hits so far 3  [4219s]
    chunk 216/240  hits so far 3  [4220s]
    chunk 217/240  hits so far 3  [4221s]
    chunk 218/240  hits so far 3  [4221s]
    chunk 219/240  hits so far 3  [4221s]
    chunk 220/240  hits so far 3  [4222s]
    chunk 221/240  hits so far 3  [4223s]
    chunk 222/240  hits so far 3  [4224s]
    chunk 223/240  hits so far 3  [4224s]
    chunk 224/240  hits so far 3  [4224s]
    chunk 225/240  hits so far 3  [4225s]
    chunk 226/240  hits so far 3  [4226s]
    chunk 227/240  hits so far 3  [4226s]
    chunk 228/240  hits so far 3  [4227s]
    chunk 229/240  hits so far 3  [4227s]
    chunk 230/240  hits so far 3  [4227s]
    chunk 231/240  hits so far 3  [4227s]
    chunk 232/240  hits so far 3  [4227s]
    chunk 233/240  hits so far 3  [4227s]
    chunk 234/240  hits so far 3  [4227s]
    chunk 235/240  hits so far 3  [4227s]
    chunk 236/240  hits so far 3  [4227s]
    chunk 237/240  hits so far 3  [4227s]
    chunk 238/240  hits so far 3  [4228s]
    chunk 239/240  hits so far 3  [4229s]
    chunk 240/240  hits so far 3  [4229s]

  STAGE 2 done: 3 constant-specific Mobius identities (rational trap filtered) [4229s]
  POSITIVE CONTROL (Apery 6/zeta(3) recovered): OK
  per-constant: zeta3:3
  TAIL constants (catalan/zeta3/gamma) hits: catalan:0, zeta3:3, gamma:0  <- any nonzero is notable (NOT claimed novel without a literature check)
    [TAIL] zeta3    A=[5, 27, 51, 34] B=[0, 0, 0] v=4.9914442354842448120987 rel=[-6, 0, 0, 1] height=6
    [TAIL] zeta3    A=[-1, -5, -9, -6] B=[0, 0, 0] v=-0.950751282949379964209 rel=[-8, 0, 0, -7] height=8
    [TAIL] zeta3    A=[1, 5, 9, 6] B=[0, 0, 0] v=0.9507512829493799642092 rel=[-8, 0, 0, 7] height=8
  wrote runs/pcf_n6big/stage2_hits.json + stage2_summary.json
