  STAGE 2 (CPU PSLQ, 60 procs): verifying 400,001 survivors against the constant battery
    chunk 1/240  hits so far 1  [741s]
    chunk 2/240  hits so far 1  [766s]
    chunk 3/240  hits so far 2  [767s]
    chunk 4/240  hits so far 2  [771s]
    chunk 5/240  hits so far 3  [772s]
    chunk 6/240  hits so far 3  [773s]
    chunk 7/240  hits so far 3  [775s]
    chunk 8/240  hits so far 3  [775s]
    chunk 9/240  hits so far 3  [778s]
    chunk 10/240  hits so far 4  [782s]
    chunk 11/240  hits so far 4  [784s]
    chunk 12/240  hits so far 4  [784s]
    chunk 13/240  hits so far 4  [788s]
    chunk 14/240  hits so far 4  [789s]
    chunk 15/240  hits so far 4  [790s]
    chunk 16/240  hits so far 5  [794s]
    chunk 17/240  hits so far 5  [795s]
    chunk 18/240  hits so far 5  [795s]
    chunk 19/240  hits so far 5  [796s]
    chunk 20/240  hits so far 5  [797s]
    chunk 21/240  hits so far 5  [798s]
    chunk 22/240  hits so far 5  [798s]
    chunk 23/240  hits so far 5  [799s]
    chunk 24/240  hits so far 5  [799s]
    chunk 25/240  hits so far 5  [799s]
    chunk 26/240  hits so far 5  [800s]
    chunk 27/240  hits so far 5  [800s]
    chunk 28/240  hits so far 5  [801s]
    chunk 29/240  hits so far 5  [803s]
    chunk 30/240  hits so far 5  [804s]
    chunk 31/240  hits so far 6  [805s]
    chunk 32/240  hits so far 6  [807s]
    chunk 33/240  hits so far 6  [809s]
    chunk 34/240  hits so far 6  [810s]
    chunk 35/240  hits so far 6  [811s]
    chunk 36/240  hits so far 6  [811s]
    chunk 37/240  hits so far 7  [811s]
    chunk 38/240  hits so far 8  [811s]
    chunk 39/240  hits so far 8  [813s]
    chunk 40/240  hits so far 8  [813s]
    chunk 41/240  hits so far 8  [815s]
    chunk 42/240  hits so far 8  [815s]
    chunk 43/240  hits so far 8  [816s]
    chunk 44/240  hits so far 8  [817s]
    chunk 45/240  hits so far 8  [818s]
    chunk 46/240  hits so far 8  [820s]
    chunk 47/240  hits so far 8  [820s]
    chunk 48/240  hits so far 9  [820s]
    chunk 49/240  hits so far 9  [820s]
    chunk 50/240  hits so far 9  [821s]
    chunk 51/240  hits so far 9  [822s]
    chunk 52/240  hits so far 9  [822s]
    chunk 53/240  hits so far 9  [822s]
    chunk 54/240  hits so far 9  [824s]
    chunk 55/240  hits so far 9  [824s]
    chunk 56/240  hits so far 9  [829s]
    chunk 57/240  hits so far 10  [829s]
    chunk 58/240  hits so far 10  [830s]
    chunk 59/240  hits so far 10  [832s]
    chunk 60/240  hits so far 10  [836s]
    chunk 61/240  hits so far 10  [1509s]
    chunk 62/240  hits so far 10  [1549s]
    chunk 63/240  hits so far 10  [1550s]
    chunk 64/240  hits so far 13  [1559s]
    chunk 65/240  hits so far 13  [1559s]
    chunk 66/240  hits so far 13  [1564s]
    chunk 67/240  hits so far 13  [1567s]
    chunk 68/240  hits so far 14  [1570s]
    chunk 69/240  hits so far 14  [1571s]
    chunk 70/240  hits so far 14  [1572s]
    chunk 71/240  hits so far 14  [1573s]
    chunk 72/240  hits so far 14  [1576s]
    chunk 73/240  hits so far 14  [1576s]
    chunk 74/240  hits so far 14  [1579s]
    chunk 75/240  hits so far 14  [1581s]
    chunk 76/240  hits so far 14  [1582s]
    chunk 77/240  hits so far 14  [1583s]
    chunk 78/240  hits so far 14  [1584s]
    chunk 79/240  hits so far 14  [1588s]
    chunk 80/240  hits so far 14  [1589s]
    chunk 81/240  hits so far 14  [1592s]
    chunk 82/240  hits so far 14  [1596s]
    chunk 83/240  hits so far 14  [1597s]
    chunk 84/240  hits so far 14  [1597s]
    chunk 85/240  hits so far 14  [1597s]
    chunk 86/240  hits so far 14  [1599s]
    chunk 87/240  hits so far 14  [1599s]
    chunk 88/240  hits so far 14  [1599s]
    chunk 89/240  hits so far 14  [1601s]
    chunk 90/240  hits so far 14  [1605s]
    chunk 91/240  hits so far 14  [1608s]
    chunk 92/240  hits so far 14  [1608s]
    chunk 93/240  hits so far 14  [1609s]
    chunk 94/240  hits so far 14  [1609s]
    chunk 95/240  hits so far 14  [1609s]
    chunk 96/240  hits so far 14  [1610s]
    chunk 97/240  hits so far 14  [1612s]
    chunk 98/240  hits so far 14  [1612s]
    chunk 99/240  hits so far 14  [1613s]
    chunk 100/240  hits so far 14  [1614s]
    chunk 101/240  hits so far 15  [1614s]
    chunk 102/240  hits so far 15  [1615s]
    chunk 103/240  hits so far 15  [1616s]
    chunk 104/240  hits so far 15  [1616s]
    chunk 105/240  hits so far 15  [1616s]
    chunk 106/240  hits so far 15  [1620s]
    chunk 107/240  hits so far 15  [1621s]
    chunk 108/240  hits so far 16  [1622s]
    chunk 109/240  hits so far 16  [1622s]
    chunk 110/240  hits so far 16  [1624s]
    chunk 111/240  hits so far 16  [1624s]
    chunk 112/240  hits so far 16  [1625s]
    chunk 113/240  hits so far 16  [1627s]
    chunk 114/240  hits so far 16  [1628s]
    chunk 115/240  hits so far 16  [1629s]
    chunk 116/240  hits so far 16  [1629s]
    chunk 117/240  hits so far 16  [1630s]
    chunk 118/240  hits so far 16  [1634s]
    chunk 119/240  hits so far 17  [1639s]
    chunk 120/240  hits so far 17  [1650s]
    chunk 121/240  hits so far 17  [2238s]
    chunk 122/240  hits so far 18  [2289s]
    chunk 123/240  hits so far 18  [2301s]
    chunk 124/240  hits so far 18  [2324s]
    chunk 125/240  hits so far 18  [2326s]
    chunk 126/240  hits so far 18  [2331s]
    chunk 127/240  hits so far 18  [2336s]
    chunk 128/240  hits so far 18  [2338s]
    chunk 129/240  hits so far 18  [2340s]
    chunk 130/240  hits so far 18  [2340s]
    chunk 131/240  hits so far 18  [2343s]
    chunk 132/240  hits so far 18  [2343s]
    chunk 133/240  hits so far 18  [2343s]
    chunk 134/240  hits so far 18  [2351s]
    chunk 135/240  hits so far 18  [2352s]
    chunk 136/240  hits so far 18  [2352s]
    chunk 137/240  hits so far 18  [2352s]
    chunk 138/240  hits so far 19  [2361s]
    chunk 139/240  hits so far 19  [2361s]
    chunk 140/240  hits so far 19  [2367s]
    chunk 141/240  hits so far 19  [2369s]
    chunk 142/240  hits so far 19  [2372s]
    chunk 143/240  hits so far 19  [2374s]
    chunk 144/240  hits so far 19  [2376s]
    chunk 145/240  hits so far 19  [2380s]
    chunk 146/240  hits so far 19  [2380s]
    chunk 147/240  hits so far 20  [2389s]
    chunk 148/240  hits so far 20  [2394s]
    chunk 149/240  hits so far 20  [2394s]
    chunk 150/240  hits so far 20  [2394s]
    chunk 151/240  hits so far 20  [2395s]
    chunk 152/240  hits so far 20  [2398s]
    chunk 153/240  hits so far 20  [2401s]
    chunk 154/240  hits so far 20  [2401s]
    chunk 155/240  hits so far 21  [2402s]
    chunk 156/240  hits so far 22  [2404s]
    chunk 157/240  hits so far 22  [2404s]
    chunk 158/240  hits so far 22  [2405s]
    chunk 159/240  hits so far 22  [2405s]
    chunk 160/240  hits so far 22  [2408s]
    chunk 161/240  hits so far 22  [2410s]
    chunk 162/240  hits so far 22  [2414s]
    chunk 163/240  hits so far 22  [2415s]
    chunk 164/240  hits so far 22  [2417s]
    chunk 165/240  hits so far 22  [2420s]
    chunk 166/240  hits so far 22  [2421s]
    chunk 167/240  hits so far 22  [2425s]
    chunk 168/240  hits so far 22  [2428s]
    chunk 169/240  hits so far 23  [2429s]
    chunk 170/240  hits so far 23  [2431s]
    chunk 171/240  hits so far 23  [2435s]
    chunk 172/240  hits so far 23  [2435s]
    chunk 173/240  hits so far 23  [2438s]
    chunk 174/240  hits so far 23  [2440s]
    chunk 175/240  hits so far 23  [2442s]
    chunk 176/240  hits so far 23  [2443s]
    chunk 177/240  hits so far 23  [2450s]
    chunk 178/240  hits so far 23  [2452s]
    chunk 179/240  hits so far 23  [2462s]
    chunk 180/240  hits so far 23  [2479s]
    chunk 181/240  hits so far 23  [3016s]
    chunk 182/240  hits so far 24  [3061s]
    chunk 183/240  hits so far 24  [3076s]
    chunk 184/240  hits so far 24  [3085s]
    chunk 185/240  hits so far 24  [3098s]
    chunk 186/240  hits so far 24  [3111s]
    chunk 187/240  hits so far 24  [3114s]
    chunk 188/240  hits so far 25  [3114s]
    chunk 189/240  hits so far 25  [3116s]
    chunk 190/240  hits so far 25  [3116s]
    chunk 191/240  hits so far 25  [3117s]
    chunk 192/240  hits so far 25  [3119s]
    chunk 193/240  hits so far 25  [3120s]
    chunk 194/240  hits so far 25  [3121s]
    chunk 195/240  hits so far 26  [3122s]
    chunk 196/240  hits so far 26  [3123s]
    chunk 197/240  hits so far 27  [3123s]
    chunk 198/240  hits so far 27  [3124s]
    chunk 199/240  hits so far 28  [3131s]
    chunk 200/240  hits so far 28  [3132s]
    chunk 201/240  hits so far 29  [3135s]
    chunk 202/240  hits so far 30  [3136s]
    chunk 203/240  hits so far 31  [3139s]
    chunk 204/240  hits so far 31  [3142s]
    chunk 205/240  hits so far 31  [3143s]
    chunk 206/240  hits so far 31  [3144s]
    chunk 207/240  hits so far 31  [3148s]
    chunk 208/240  hits so far 33  [3149s]
    chunk 209/240  hits so far 33  [3150s]
    chunk 210/240  hits so far 33  [3151s]
    chunk 211/240  hits so far 33  [3151s]
    chunk 212/240  hits so far 33  [3152s]
    chunk 213/240  hits so far 33  [3152s]
    chunk 214/240  hits so far 33  [3152s]
    chunk 215/240  hits so far 34  [3152s]
    chunk 216/240  hits so far 34  [3154s]
    chunk 217/240  hits so far 34  [3154s]
    chunk 218/240  hits so far 34  [3154s]
    chunk 219/240  hits so far 34  [3155s]
    chunk 220/240  hits so far 35  [3155s]
    chunk 221/240  hits so far 35  [3155s]
    chunk 222/240  hits so far 35  [3155s]
    chunk 223/240  hits so far 36  [3156s]
    chunk 224/240  hits so far 36  [3157s]
    chunk 225/240  hits so far 36  [3157s]
    chunk 226/240  hits so far 36  [3158s]
    chunk 227/240  hits so far 37  [3159s]
    chunk 228/240  hits so far 37  [3159s]
    chunk 229/240  hits so far 37  [3159s]
    chunk 230/240  hits so far 37  [3160s]
    chunk 231/240  hits so far 37  [3161s]
    chunk 232/240  hits so far 37  [3161s]
    chunk 233/240  hits so far 37  [3161s]
    chunk 234/240  hits so far 37  [3162s]
    chunk 235/240  hits so far 37  [3162s]
    chunk 236/240  hits so far 37  [3162s]
    chunk 237/240  hits so far 37  [3162s]
    chunk 238/240  hits so far 37  [3163s]
    chunk 239/240  hits so far 37  [3164s]
    chunk 240/240  hits so far 37  [3165s]

  STAGE 2 done: 37 constant-specific Mobius identities (rational trap filtered) [3165s]
  POSITIVE CONTROL (4/pi recovered): OK
  per-constant: pi:16  e:14  sqrt3:4  sqrt2:1  log2:1  phi:1
  TAIL constants (catalan/zeta3/gamma) hits: catalan:0, zeta3:0, gamma:0  <- any nonzero is notable (NOT claimed novel without a literature check)
  wrote runs/pcf_main/stage2_hits.json + stage2_summary.json
