device=cuda  arch=both  op=mul  smoke=False
hidden=96 mem=40x12 steps=40000 seeds=3 train_w=[1, 2, 3, 4, 5, 6] test_w=[4, 6, 8, 10, 12, 16, 20]

  [baseline] seed 0  params=35338
    step      1  loss 2.2998  (0s)
    step    500  loss 1.8713  (9s)
    step   1000  loss 1.9809  (18s)
    step   1500  loss 1.0988  (27s)
    step   2000  loss 0.0063  (36s)
    step   2500  loss 1.8809  (45s)
    step   3000  loss 1.6255  (54s)
    step   3500  loss 1.7411  (63s)
    step   4000  loss 1.5919  (71s)
    step   4500  loss 0.0011  (80s)
    step   5000  loss 1.2878  (89s)
    step   5500  loss 1.8297  (97s)
    step   6000  loss 1.8345  (106s)
    step   6500  loss 1.5061  (115s)
    step   7000  loss 1.6547  (124s)
    step   7500  loss 1.6728  (132s)
    step   8000  loss 1.7561  (141s)
    step   8500  loss 1.7411  (150s)
    step   9000  loss 1.6508  (159s)
    step   9500  loss 1.4292  (169s)
    step  10000  loss 0.5031  (178s)
    step  10500  loss 0.0007  (187s)
    step  11000  loss 1.7546  (196s)
    step  11500  loss 0.0004  (205s)
    step  12000  loss 1.3920  (214s)
    step  12500  loss 0.0005  (222s)
    step  13000  loss 0.0005  (232s)
    step  13500  loss 1.0154  (241s)
    step  14000  loss 1.6631  (250s)
    step  14500  loss 0.9895  (259s)
    step  15000  loss 1.5496  (268s)
    step  15500  loss 1.3357  (277s)
    step  16000  loss 1.6514  (286s)
    step  16500  loss 1.2888  (295s)
    step  17000  loss 0.9339  (304s)
    step  17500  loss 1.3502  (313s)
    step  18000  loss 0.0008  (322s)
    step  18500  loss 1.5180  (331s)
    step  19000  loss 1.4759  (340s)
    step  19500  loss 1.6437  (349s)
    step  20000  loss 0.1925  (357s)
    step  20500  loss 1.6461  (366s)
    step  21000  loss 0.1726  (376s)
    step  21500  loss 1.2531  (385s)
    step  22000  loss 0.1913  (394s)
    step  22500  loss 1.4600  (402s)
    step  23000  loss 1.6006  (411s)
    step  23500  loss 0.1219  (420s)
    step  24000  loss 0.1320  (429s)
    step  24500  loss 0.0003  (437s)
    step  25000  loss 0.0003  (447s)
    step  25500  loss 0.2574  (456s)
    step  26000  loss 0.0002  (465s)
    step  26500  loss 0.0002  (474s)
    step  27000  loss 0.1613  (483s)
    step  27500  loss 0.0002  (492s)
    step  28000  loss 0.9226  (500s)
    step  28500  loss 0.0993  (509s)
    step  29000  loss 1.2844  (518s)
    step  29500  loss 1.2252  (527s)
    step  30000  loss 1.5949  (536s)
    step  30500  loss 1.2458  (545s)
    step  31000  loss 1.5956  (554s)
    step  31500  loss 0.0002  (563s)
    step  32000  loss 1.5787  (572s)
    step  32500  loss 0.8586  (582s)
    step  33000  loss 1.2186  (590s)
    step  33500  loss 1.2110  (599s)
    step  34000  loss 1.2417  (608s)
    step  34500  loss 1.2950  (617s)
    step  35000  loss 0.0002  (626s)
    step  35500  loss 0.0828  (635s)
    step  36000  loss 0.0001  (644s)
    step  36500  loss 1.2359  (653s)
    step  37000  loss 1.4299  (662s)
    step  37500  loss 0.8800  (671s)
    step  38000  loss 0.0002  (680s)
    step  38500  loss 0.1042  (689s)
    step  39000  loss 1.6407  (697s)
    step  39500  loss 0.0001  (706s)
    step  40000  loss 0.0001  (715s)
  [baseline] seed 0 len-gen: w4:0.000  w6:0.000  w8:0.000  w10:0.000  w12:0.000  w16:0.000  w20:0.000

  [baseline] seed 1  params=35338
    step      1  loss 2.3053  (0s)
    step    500  loss 1.8629  (9s)
    step   1000  loss 1.9827  (18s)
    step   1500  loss 1.0807  (27s)
    step   2000  loss 0.0070  (36s)
    step   2500  loss 1.8607  (45s)
    step   3000  loss 1.6009  (54s)
    step   3500  loss 1.7221  (63s)
    step   4000  loss 1.5719  (71s)
    step   4500  loss 0.0010  (80s)
    step   5000  loss 1.2879  (89s)
    step   5500  loss 1.8453  (98s)
    step   6000  loss 1.7824  (107s)
    step   6500  loss 1.4976  (115s)
    step   7000  loss 1.6548  (125s)
    step   7500  loss 1.6430  (134s)
    step   8000  loss 1.7456  (143s)
    step   8500  loss 1.7650  (151s)
    step   9000  loss 1.6276  (160s)
    step   9500  loss 1.4428  (170s)
    step  10000  loss 0.4850  (178s)
    step  10500  loss 0.0004  (187s)
    step  11000  loss 1.7363  (197s)
    step  11500  loss 0.0005  (205s)
    step  12000  loss 1.3997  (214s)
    step  12500  loss 0.0003  (223s)
    step  13000  loss 0.0004  (232s)
    step  13500  loss 1.0559  (241s)
    step  14000  loss 1.6816  (250s)
    step  14500  loss 1.0070  (259s)
    step  15000  loss 1.5674  (268s)
    step  15500  loss 1.3260  (277s)
    step  16000  loss 1.6538  (286s)
    step  16500  loss 1.3231  (295s)
    step  17000  loss 0.9624  (304s)
    step  17500  loss 1.3088  (313s)
    step  18000  loss 0.0003  (322s)
    step  18500  loss 1.5264  (331s)
    step  19000  loss 1.4906  (340s)
    step  19500  loss 1.6351  (349s)
    step  20000  loss 0.2183  (357s)
    step  20500  loss 1.6339  (366s)
    step  21000  loss 0.1836  (376s)
    step  21500  loss 1.2571  (384s)
    step  22000  loss 0.1953  (393s)
    step  22500  loss 1.4599  (402s)
    step  23000  loss 1.6253  (411s)
    step  23500  loss 0.1512  (420s)
    step  24000  loss 0.1886  (428s)
    step  24500  loss 0.0002  (437s)
    step  25000  loss 0.0002  (446s)
    step  25500  loss 0.1805  (455s)
    step  26000  loss 0.0002  (464s)
    step  26500  loss 0.0002  (473s)
    step  27000  loss 0.1396  (482s)
    step  27500  loss 0.0002  (490s)
    step  28000  loss 0.8963  (499s)
    step  28500  loss 0.0910  (508s)
    step  29000  loss 1.2697  (517s)
    step  29500  loss 1.2356  (526s)
    step  30000  loss 1.5825  (535s)
    step  30500  loss 1.2108  (543s)
    step  31000  loss 1.5816  (552s)
    step  31500  loss 0.0001  (561s)
    step  32000  loss 1.5724  (571s)
    step  32500  loss 0.8412  (580s)
    step  33000  loss 1.2159  (588s)
    step  33500  loss 1.2068  (597s)
    step  34000  loss 1.2483  (606s)
    step  34500  loss 1.2133  (616s)
    step  35000  loss 0.0001  (625s)
    step  35500  loss 0.0731  (634s)
    step  36000  loss 0.0002  (643s)
    step  36500  loss 1.2294  (651s)
    step  37000  loss 1.4557  (661s)
    step  37500  loss 0.8371  (669s)
    step  38000  loss 0.0002  (678s)
    step  38500  loss 0.0756  (687s)
    step  39000  loss 1.5863  (696s)
    step  39500  loss 0.0003  (705s)
    step  40000  loss 0.0001  (714s)
  [baseline] seed 1 len-gen: w4:0.000  w6:0.000  w8:0.000  w10:0.000  w12:0.000  w16:0.000  w20:0.000

  [baseline] seed 2  params=35338
    step      1  loss 2.3104  (0s)
    step    500  loss 1.8532  (10s)
    step   1000  loss 1.9731  (19s)
    step   1500  loss 1.0393  (27s)
    step   2000  loss 0.0043  (36s)
    step   2500  loss 1.8502  (45s)
    step   3000  loss 1.5943  (54s)
    step   3500  loss 1.7383  (63s)
    step   4000  loss 1.5581  (72s)
    step   4500  loss 0.0008  (81s)
    step   5000  loss 1.2594  (89s)
    step   5500  loss 1.7931  (98s)
    step   6000  loss 1.7800  (107s)
    step   6500  loss 1.4800  (116s)
    step   7000  loss 1.6155  (125s)
    step   7500  loss 1.6421  (135s)
    step   8000  loss 1.7303  (144s)
    step   8500  loss 1.7304  (153s)
    step   9000  loss 1.6092  (162s)
    step   9500  loss 1.4018  (171s)
    step  10000  loss 0.4601  (182s)
    step  10500  loss 0.0006  (193s)
    step  11000  loss 1.7084  (205s)
    step  11500  loss 0.0006  (217s)
    step  12000  loss 1.3741  (228s)
    step  12500  loss 0.0005  (240s)
    step  13000  loss 0.0005  (251s)
    step  13500  loss 0.9974  (263s)
    step  14000  loss 1.6617  (274s)
    step  14500  loss 0.9579  (286s)
    step  15000  loss 1.5364  (297s)
    step  15500  loss 1.2944  (309s)
    step  16000  loss 1.6310  (323s)
    step  16500  loss 1.2865  (338s)
    step  17000  loss 0.9229  (352s)
    step  17500  loss 1.2860  (366s)
    step  18000  loss 0.0002  (377s)
    step  18500  loss 1.4988  (388s)
    step  19000  loss 1.4737  (400s)
    step  19500  loss 1.6165  (411s)
    step  20000  loss 0.1846  (423s)
    step  20500  loss 1.6315  (434s)
    step  21000  loss 0.1578  (446s)
    step  21500  loss 1.2370  (457s)
    step  22000  loss 0.1600  (466s)
    step  22500  loss 1.4539  (474s)
    step  23000  loss 1.5980  (484s)
    step  23500  loss 0.1277  (493s)
    step  24000  loss 0.1352  (502s)
    step  24500  loss 0.0003  (510s)
    step  25000  loss 0.0002  (520s)
    step  25500  loss 0.1941  (531s)
    step  26000  loss 0.0001  (544s)
    step  26500  loss 0.0001  (556s)
    step  27000  loss 0.1187  (568s)
    step  27500  loss 0.0002  (580s)
    step  28000  loss 0.8450  (593s)
    step  28500  loss 0.0935  (605s)
    step  29000  loss 1.2602  (617s)
    step  29500  loss 1.2103  (629s)
    step  30000  loss 1.5801  (642s)
    step  30500  loss 1.2308  (654s)
    step  31000  loss 1.5710  (667s)
    step  31500  loss 0.0001  (679s)
    step  32000  loss 1.5719  (692s)
    step  32500  loss 0.8583  (705s)
    step  33000  loss 1.2122  (717s)
    step  33500  loss 1.1932  (729s)
    step  34000  loss 1.2236  (742s)
    step  34500  loss 1.1949  (756s)
    step  35000  loss 0.0002  (771s)
    step  35500  loss 0.0880  (785s)
    step  36000  loss 0.0001  (799s)
    step  36500  loss 1.2001  (813s)
    step  37000  loss 1.4161  (828s)
    step  37500  loss 0.8288  (842s)
    step  38000  loss 0.0003  (856s)
    step  38500  loss 0.0672  (871s)
    step  39000  loss 1.5921  (885s)
    step  39500  loss 0.0001  (899s)
    step  40000  loss 0.0001  (914s)
  [baseline] seed 2 len-gen: w4:0.000  w6:0.000  w8:0.000  w10:0.000  w12:0.000  w16:0.000  w20:0.000

  [memory] seed 0  params=41533
    step      1  loss 2.3119  (0s)
    step    500  loss 1.8647  (19s)
    step   1000  loss 1.9637  (37s)
    step   1500  loss 1.0636  (52s)
    step   2000  loss 0.0073  (69s)
    step   2500  loss 1.8836  (88s)
    step   3000  loss 1.6153  (106s)
    step   3500  loss 1.7384  (125s)
    step   4000  loss 1.5631  (143s)
    step   4500  loss 0.0014  (162s)
    step   5000  loss 1.2482  (180s)
    step   5500  loss 1.7997  (199s)
    step   6000  loss 1.7686  (217s)
    step   6500  loss 1.4724  (236s)
    step   7000  loss 1.6321  (254s)
    step   7500  loss 1.6236  (270s)
    step   8000  loss 1.7406  (286s)
    step   8500  loss 1.7245  (302s)
    step   9000  loss 1.6020  (317s)
    step   9500  loss 1.4217  (333s)
    step  10000  loss 0.4433  (349s)
    step  10500  loss 0.0007  (365s)
    step  11000  loss 1.7055  (381s)
    step  11500  loss 0.0007  (397s)
    step  12000  loss 1.3573  (412s)
    step  12500  loss 0.0012  (428s)
    step  13000  loss 0.0007  (443s)
    step  13500  loss 1.0206  (459s)
    step  14000  loss 1.6484  (475s)
    step  14500  loss 0.9707  (491s)
    step  15000  loss 1.5412  (507s)
    step  15500  loss 1.3167  (522s)
    step  16000  loss 1.6527  (538s)
    step  16500  loss 1.3249  (554s)
    step  17000  loss 0.9717  (570s)
    step  17500  loss 1.3351  (586s)
    step  18000  loss 0.0007  (601s)
    step  18500  loss 1.5071  (617s)
    step  19000  loss 1.4991  (633s)
    step  19500  loss 1.6427  (649s)
    step  20000  loss 0.2217  (664s)
    step  20500  loss 1.6341  (680s)
    step  21000  loss 0.2169  (694s)
    step  21500  loss 1.3267  (706s)
    step  22000  loss 0.2035  (718s)
    step  22500  loss 1.4956  (730s)
    step  23000  loss 1.6239  (742s)
    step  23500  loss 0.1718  (754s)
    step  24000  loss 0.1639  (766s)
    step  24500  loss 0.0008  (778s)
    step  25000  loss 0.0006  (790s)
    step  25500  loss 0.2271  (810s)
    step  26000  loss 0.0004  (832s)
    step  26500  loss 0.0003  (850s)
    step  27000  loss 0.1844  (869s)
    step  27500  loss 0.0005  (887s)
    step  28000  loss 0.8901  (906s)
    step  28500  loss 0.1241  (924s)
    step  29000  loss 1.2791  (943s)
    step  29500  loss 1.2400  (961s)
    step  30000  loss 1.6009  (980s)
    step  30500  loss 1.2395  (998s)
    step  31000  loss 1.5923  (1017s)
    step  31500  loss 0.0002  (1035s)
    step  32000  loss 1.5908  (1054s)
    step  32500  loss 0.8842  (1073s)
    step  33000  loss 1.2381  (1091s)
    step  33500  loss 1.2367  (1110s)
    step  34000  loss 1.2508  (1129s)
    step  34500  loss 1.2219  (1148s)
    step  35000  loss 0.0001  (1166s)
    step  35500  loss 0.1110  (1185s)
    step  36000  loss 0.0004  (1203s)
    step  36500  loss 1.2266  (1222s)
    step  37000  loss 1.4501  (1241s)
    step  37500  loss 0.8715  (1259s)
    step  38000  loss 0.0002  (1278s)
    step  38500  loss 0.1412  (1297s)
    step  39000  loss 1.6057  (1314s)
    step  39500  loss 0.0002  (1333s)
    step  40000  loss 0.0002  (1351s)
  [memory] seed 0 len-gen: w4:0.000  w6:0.000  w8:0.000  w10:0.000  w12:0.000  w16:0.000  w20:0.000

  [memory] seed 1  params=41533
    step      1  loss 2.2906  (0s)
    step    500  loss 1.8798  (19s)
    step   1000  loss 1.9408  (38s)
    step   1500  loss 1.1200  (56s)
    step   2000  loss 0.0082  (74s)
    step   2500  loss 1.8659  (93s)
    step   3000  loss 1.5977  (111s)
    step   3500  loss 1.7333  (130s)
    step   4000  loss 1.5738  (148s)
    step   4500  loss 0.0014  (167s)
    step   5000  loss 1.2560  (186s)
    step   5500  loss 1.8664  (204s)
    step   6000  loss 1.7778  (222s)
    step   6500  loss 1.5000  (241s)
    step   7000  loss 1.6884  (260s)
    step   7500  loss 1.6427  (279s)
    step   8000  loss 1.7390  (297s)
    step   8500  loss 1.7375  (316s)
    step   9000  loss 1.6175  (335s)
    step   9500  loss 1.4500  (353s)
    step  10000  loss 0.5047  (372s)
    step  10500  loss 0.0008  (390s)
    step  11000  loss 1.7251  (409s)
    step  11500  loss 0.0006  (428s)
    step  12000  loss 1.3977  (446s)
    step  12500  loss 0.0006  (464s)
    step  13000  loss 0.0005  (483s)
    step  13500  loss 1.0540  (502s)
    step  14000  loss 1.6669  (521s)
    step  14500  loss 1.0270  (540s)
    step  15000  loss 1.5434  (558s)
    step  15500  loss 1.3229  (576s)
    step  16000  loss 1.6498  (595s)
    step  16500  loss 1.3242  (614s)
    step  17000  loss 0.9924  (633s)
    step  17500  loss 1.3414  (651s)
    step  18000  loss 0.0002  (670s)
    step  18500  loss 1.5241  (688s)
    step  19000  loss 1.4863  (707s)
    step  19500  loss 1.6552  (726s)
    step  20000  loss 0.2998  (744s)
    step  20500  loss 1.6564  (763s)
    step  21000  loss 0.2575  (782s)
    step  21500  loss 1.2864  (800s)
    step  22000  loss 0.2068  (819s)
    step  22500  loss 1.4904  (837s)
    step  23000  loss 1.6252  (855s)
    step  23500  loss 0.2186  (873s)
    step  24000  loss 0.2105  (892s)
    step  24500  loss 0.0002  (910s)
    step  25000  loss 0.0003  (929s)
    step  25500  loss 0.2814  (947s)
    step  26000  loss 0.0004  (967s)
    step  26500  loss 0.0003  (985s)
    step  27000  loss 0.1761  (1004s)
    step  27500  loss 0.0003  (1022s)
    step  28000  loss 0.9286  (1041s)
    step  28500  loss 0.1598  (1059s)
    step  29000  loss 1.2657  (1078s)
    step  29500  loss 1.2432  (1096s)
    step  30000  loss 1.6076  (1115s)
    step  30500  loss 1.2388  (1133s)
    step  31000  loss 1.6028  (1152s)
    step  31500  loss 0.0001  (1170s)
    step  32000  loss 1.6117  (1189s)
    step  32500  loss 0.8972  (1208s)
    step  33000  loss 1.2449  (1226s)
    step  33500  loss 1.2214  (1245s)
    step  34000  loss 1.2348  (1264s)
    step  34500  loss 1.2428  (1283s)
    step  35000  loss 0.0003  (1301s)
    step  35500  loss 0.1206  (1320s)
    step  36000  loss 0.0002  (1338s)
    step  36500  loss 1.2957  (1357s)
    step  37000  loss 1.4622  (1376s)
    step  37500  loss 0.8862  (1394s)
    step  38000  loss 0.0004  (1413s)
    step  38500  loss 0.2112  (1432s)
    step  39000  loss 1.6312  (1450s)
    step  39500  loss 0.0002  (1468s)
    step  40000  loss 0.0003  (1484s)
  [memory] seed 1 len-gen: w4:0.000  w6:0.000  w8:0.000  w10:0.000  w12:0.000  w16:0.000  w20:0.000

  [memory] seed 2  params=41533
    step      1  loss 2.2992  (0s)
    step    500  loss 1.9119  (14s)
    step   1000  loss 1.9821  (26s)
    step   1500  loss 1.1803  (37s)
    step   2000  loss 0.0087  (49s)
    step   2500  loss 1.8666  (61s)
    step   3000  loss 1.6181  (74s)
    step   3500  loss 1.7548  (86s)
    step   4000  loss 1.5968  (98s)
    step   4500  loss 0.0021  (110s)
    step   5000  loss 1.2925  (122s)
    step   5500  loss 1.9380  (134s)
    step   6000  loss 1.8363  (146s)
    step   6500  loss 1.4938  (158s)
    step   7000  loss 1.6888  (171s)
    step   7500  loss 1.6750  (183s)
    step   8000  loss 1.7740  (195s)
    step   8500  loss 1.7500  (208s)
    step   9000  loss 1.6147  (219s)
    step   9500  loss 1.4265  (232s)
    step  10000  loss 0.4586  (244s)
    step  10500  loss 0.0007  (256s)
    step  11000  loss 2.0432  (269s)
    step  11500  loss 0.0010  (281s)
    step  12000  loss 1.4014  (293s)
    step  12500  loss 0.0007  (305s)
    step  13000  loss 0.0011  (317s)
    step  13500  loss 1.0446  (330s)
    step  14000  loss 1.6722  (343s)
    step  14500  loss 1.0256  (355s)
    step  15000  loss 1.5490  (368s)
    step  15500  loss 1.3385  (380s)
    step  16000  loss 1.6541  (392s)
    step  16500  loss 1.3398  (404s)
    step  17000  loss 0.9741  (416s)
    step  17500  loss 1.3081  (429s)
    step  18000  loss 0.0003  (441s)
    step  18500  loss 1.5204  (453s)
    step  19000  loss 1.4892  (465s)
    step  19500  loss 1.6558  (477s)
