
gpu_avida_oe | device=cuda | TARGET-FREE edge-of-chaos | N=12288 P=28 gens=1000

  WATCH: which functions evolve target-free (match=[...]). KNOWN (+,^,shift) = ceiling holds; an unidentified
  structured map = evidenceable-but-unprovable novelty. Then INSPECT runs_pod/avida_oe top organisms.

  gen     0: best=0.748 mean=0.000 edge=0.54 match=['a'] | first_match={'a': 0} [1s]
  gen    10: best=4.116 mean=1.812 edge=1.00 match=['~(a^b)'] | first_match={'a': 0, '~(a^b)': 10} [4s]
  gen    20: best=4.305 mean=2.743 edge=1.00 match=[] nearest=b<<1@0.59 | first_match={'a': 0, '~(a^b)': 10} [8s]
  gen    30: best=4.207 mean=3.075 edge=1.00 match=[] nearest=b<<1@0.59 | first_match={'a': 0, '~(a^b)': 10} [12s]
  gen    40: best=4.291 mean=3.117 edge=1.00 match=[] nearest=b<<1@0.59 | first_match={'a': 0, '~(a^b)': 10} [16s]
  gen    50: best=4.765 mean=3.162 edge=0.98 match=[] nearest=b@0.731 | first_match={'a': 0, '~(a^b)': 10} [20s]
  gen    60: best=4.789 mean=3.047 edge=0.99 match=[] nearest=0xFFFF@0.606 | first_match={'a': 0, '~(a^b)': 10} [23s]
  gen    70: best=4.850 mean=2.973 edge=1.00 match=[] nearest=(a&b)<<1@0.785 | first_match={'a': 0, '~(a^b)': 10} [27s]
  gen    80: best=4.934 mean=3.184 edge=1.00 match=[] nearest=0xFFFF@0.566 | first_match={'a': 0, '~(a^b)': 10} [31s]
  gen    90: best=4.995 mean=3.280 edge=1.00 match=[] nearest=0@0.629 | first_match={'a': 0, '~(a^b)': 10} [35s]
  gen   100: best=5.034 mean=3.319 edge=0.99 match=[] nearest=b<<1@0.664 | first_match={'a': 0, '~(a^b)': 10} [39s]
  gen   110: best=5.038 mean=3.307 edge=0.99 match=[] nearest=a<<1@0.581 | first_match={'a': 0, '~(a^b)': 10} [43s]
  gen   120: best=5.040 mean=3.470 edge=1.00 match=[] nearest=0@0.591 | first_match={'a': 0, '~(a^b)': 10} [47s]
  gen   130: best=5.109 mean=3.491 edge=1.00 match=[] nearest=a<<1@0.545 | first_match={'a': 0, '~(a^b)': 10} [51s]
  gen   140: best=5.161 mean=3.532 edge=1.00 match=[] nearest=0@0.579 | first_match={'a': 0, '~(a^b)': 10} [55s]
  gen   150: best=5.194 mean=3.494 edge=1.00 match=[] nearest=a<<1@0.545 | first_match={'a': 0, '~(a^b)': 10} [59s]
  gen   160: best=5.154 mean=3.575 edge=1.00 match=[] nearest=a<<1@0.545 | first_match={'a': 0, '~(a^b)': 10} [63s]
  gen   170: best=5.194 mean=3.480 edge=1.00 match=[] nearest=a<<1@0.545 | first_match={'a': 0, '~(a^b)': 10} [68s]
  gen   180: best=5.194 mean=3.505 edge=1.00 match=[] nearest=a<<1@0.545 | first_match={'a': 0, '~(a^b)': 10} [72s]
  gen   190: best=5.148 mean=3.550 edge=1.00 match=[] nearest=a<<1@0.545 | first_match={'a': 0, '~(a^b)': 10} [76s]
  gen   200: best=5.199 mean=3.525 edge=1.00 match=[] nearest=0@0.61 | first_match={'a': 0, '~(a^b)': 10} [80s]
  gen   210: best=5.199 mean=3.405 edge=1.00 match=[] nearest=a|~b@0.552 | first_match={'a': 0, '~(a^b)': 10} [84s]
  gen   220: best=5.199 mean=3.496 edge=1.00 match=[] nearest=0@0.61 | first_match={'a': 0, '~(a^b)': 10} [88s]
  gen   230: best=5.148 mean=3.531 edge=1.00 match=[] nearest=0@0.579 | first_match={'a': 0, '~(a^b)': 10} [92s]
  gen   240: best=5.194 mean=3.466 edge=1.00 match=[] nearest=a<<1@0.545 | first_match={'a': 0, '~(a^b)': 10} [96s]
  gen   250: best=5.119 mean=3.556 edge=1.00 match=[] nearest=a<<1@0.545 | first_match={'a': 0, '~(a^b)': 10} [100s]
  gen   260: best=5.199 mean=3.572 edge=1.00 match=[] nearest=0@0.61 | first_match={'a': 0, '~(a^b)': 10} [104s]
  gen   270: best=5.194 mean=3.523 edge=1.00 match=[] nearest=a<<1@0.545 | first_match={'a': 0, '~(a^b)': 10} [108s]
  gen   280: best=5.110 mean=3.565 edge=1.00 match=[] nearest=0@0.579 | first_match={'a': 0, '~(a^b)': 10} [112s]
  gen   290: best=5.137 mean=3.576 edge=1.00 match=[] nearest=a<<1@0.545 | first_match={'a': 0, '~(a^b)': 10} [116s]
  gen   300: best=5.194 mean=3.461 edge=1.00 match=[] nearest=a<<1@0.545 | first_match={'a': 0, '~(a^b)': 10} [120s]
  gen   310: best=5.196 mean=3.552 edge=1.00 match=[] nearest=0@0.579 | first_match={'a': 0, '~(a^b)': 10} [124s]
  gen   320: best=5.109 mean=3.576 edge=1.00 match=[] nearest=0@0.61 | first_match={'a': 0, '~(a^b)': 10} [129s]
  gen   330: best=5.185 mean=3.613 edge=1.00 match=[] nearest=(a+b)^a^b@0.592 | first_match={'a': 0, '~(a^b)': 10} [133s]
  gen   340: best=5.194 mean=3.620 edge=1.00 match=[] nearest=a<<1@0.545 | first_match={'a': 0, '~(a^b)': 10} [137s]
  gen   350: best=5.133 mean=3.586 edge=1.00 match=[] nearest=a<<1@0.545 | first_match={'a': 0, '~(a^b)': 10} [141s]
  gen   360: best=5.196 mean=3.536 edge=1.00 match=[] nearest=0xFFFF@0.579 | first_match={'a': 0, '~(a^b)': 10} [145s]
  gen   370: best=5.171 mean=3.617 edge=1.00 match=[] nearest=(a+b)^a^b@0.592 | first_match={'a': 0, '~(a^b)': 10} [149s]
  gen   380: best=5.199 mean=3.593 edge=1.00 match=[] nearest=0@0.61 | first_match={'a': 0, '~(a^b)': 10} [153s]
  gen   390: best=5.194 mean=3.572 edge=1.00 match=[] nearest=a<<1@0.545 | first_match={'a': 0, '~(a^b)': 10} [157s]
  gen   400: best=5.200 mean=3.445 edge=1.00 match=[] nearest=a<<1@0.562 | first_match={'a': 0, '~(a^b)': 10} [161s]
  gen   410: best=5.088 mean=3.620 edge=1.00 match=[] nearest=a<<1@0.545 | first_match={'a': 0, '~(a^b)': 10} [165s]
  gen   420: best=5.194 mean=3.537 edge=1.00 match=[] nearest=a<<1@0.545 | first_match={'a': 0, '~(a^b)': 10} [169s]
  gen   430: best=5.182 mean=3.596 edge=1.00 match=[] nearest=a<<1@0.545 | first_match={'a': 0, '~(a^b)': 10} [173s]
  gen   440: best=5.090 mean=3.635 edge=0.99 match=[] nearest=a<<1@0.536 | first_match={'a': 0, '~(a^b)': 10} [177s]
  gen   450: best=5.194 mean=3.528 edge=1.00 match=[] nearest=a<<1@0.545 | first_match={'a': 0, '~(a^b)': 10} [181s]
  gen   460: best=5.194 mean=3.528 edge=1.00 match=[] nearest=a<<1@0.545 | first_match={'a': 0, '~(a^b)': 10} [186s]
  gen   470: best=5.194 mean=3.596 edge=1.00 match=[] nearest=a<<1@0.545 | first_match={'a': 0, '~(a^b)': 10} [190s]
  gen   480: best=5.149 mean=3.580 edge=1.00 match=[] nearest=a<<1@0.545 | first_match={'a': 0, '~(a^b)': 10} [194s]
  gen   490: best=5.194 mean=3.605 edge=1.00 match=[] nearest=a<<1@0.545 | first_match={'a': 0, '~(a^b)': 10} [198s]
  gen   500: best=5.092 mean=3.604 edge=1.00 match=[] nearest=b<<1@0.595 | first_match={'a': 0, '~(a^b)': 10} [202s]
  gen   510: best=5.114 mean=3.601 edge=1.00 match=[] nearest=0@0.579 | first_match={'a': 0, '~(a^b)': 10} [206s]
  gen   520: best=5.132 mean=3.620 edge=1.00 match=[] nearest=a|~b@0.552 | first_match={'a': 0, '~(a^b)': 10} [210s]
  gen   530: best=5.133 mean=3.642 edge=1.00 match=[] nearest=a<<1@0.545 | first_match={'a': 0, '~(a^b)': 10} [214s]
  gen   540: best=5.199 mean=3.529 edge=1.00 match=[] nearest=a|~b@0.552 | first_match={'a': 0, '~(a^b)': 10} [218s]
  gen   550: best=5.194 mean=3.617 edge=1.00 match=[] nearest=a<<1@0.545 | first_match={'a': 0, '~(a^b)': 10} [222s]
  gen   560: best=5.094 mean=3.661 edge=1.00 match=[] nearest=a|~b@0.552 | first_match={'a': 0, '~(a^b)': 10} [226s]
  gen   570: best=5.170 mean=3.657 edge=1.00 match=[] nearest=0xFFFF@0.555 | first_match={'a': 0, '~(a^b)': 10} [230s]
  gen   580: best=5.112 mean=3.645 edge=1.00 match=[] nearest=a|~b@0.552 | first_match={'a': 0, '~(a^b)': 10} [234s]
  gen   590: best=5.194 mean=3.637 edge=1.00 match=[] nearest=a<<1@0.545 | first_match={'a': 0, '~(a^b)': 10} [238s]
  gen   600: best=5.062 mean=3.660 edge=1.00 match=[] nearest=0@0.579 | first_match={'a': 0, '~(a^b)': 10} [243s]
  gen   610: best=5.147 mean=3.634 edge=1.00 match=[] nearest=a<<1@0.545 | first_match={'a': 0, '~(a^b)': 10} [247s]
  gen   620: best=5.191 mean=3.695 edge=1.00 match=[] nearest=0@0.579 | first_match={'a': 0, '~(a^b)': 10} [251s]
  gen   630: best=5.124 mean=3.608 edge=1.00 match=[] nearest=a<<1@0.545 | first_match={'a': 0, '~(a^b)': 10} [255s]
  gen   640: best=5.194 mean=3.632 edge=1.00 match=[] nearest=a<<1@0.545 | first_match={'a': 0, '~(a^b)': 10} [259s]
  gen   650: best=5.199 mean=3.608 edge=1.00 match=[] nearest=a|~b@0.552 | first_match={'a': 0, '~(a^b)': 10} [263s]
  gen   660: best=5.092 mean=3.624 edge=0.99 match=[] nearest=a<<1@0.536 | first_match={'a': 0, '~(a^b)': 10} [267s]
  gen   670: best=5.095 mean=3.633 edge=1.00 match=[] nearest=0@0.579 | first_match={'a': 0, '~(a^b)': 10} [271s]
  gen   680: best=5.194 mean=3.656 edge=1.00 match=[] nearest=a<<1@0.545 | first_match={'a': 0, '~(a^b)': 10} [275s]
  gen   690: best=5.088 mean=3.661 edge=1.00 match=[] nearest=a<<1@0.545 | first_match={'a': 0, '~(a^b)': 10} [279s]
  gen   700: best=5.194 mean=3.655 edge=1.00 match=[] nearest=a<<1@0.545 | first_match={'a': 0, '~(a^b)': 10} [283s]
  gen   710: best=5.199 mean=3.663 edge=1.00 match=[] nearest=0@0.61 | first_match={'a': 0, '~(a^b)': 10} [287s]
  gen   720: best=5.199 mean=3.631 edge=1.00 match=[] nearest=a|~b@0.552 | first_match={'a': 0, '~(a^b)': 10} [292s]
  gen   730: best=5.199 mean=3.644 edge=1.00 match=[] nearest=0@0.61 | first_match={'a': 0, '~(a^b)': 10} [296s]
  gen   740: best=5.199 mean=3.527 edge=1.00 match=[] nearest=a|~b@0.552 | first_match={'a': 0, '~(a^b)': 10} [300s]
  gen   750: best=5.199 mean=3.669 edge=1.00 match=[] nearest=0@0.61 | first_match={'a': 0, '~(a^b)': 10} [304s]
  gen   760: best=5.093 mean=3.641 edge=1.00 match=[] nearest=a|~b@0.552 | first_match={'a': 0, '~(a^b)': 10} [308s]
  gen   770: best=5.199 mean=3.631 edge=1.00 match=[] nearest=a|~b@0.552 | first_match={'a': 0, '~(a^b)': 10} [312s]
  gen   780: best=5.199 mean=3.587 edge=1.00 match=[] nearest=a|~b@0.552 | first_match={'a': 0, '~(a^b)': 10} [316s]
  gen   790: best=5.174 mean=3.658 edge=1.00 match=[] nearest=0@0.579 | first_match={'a': 0, '~(a^b)': 10} [320s]
  gen   800: best=5.199 mean=3.613 edge=1.00 match=[] nearest=0@0.61 | first_match={'a': 0, '~(a^b)': 10} [324s]
  gen   810: best=5.199 mean=3.594 edge=1.00 match=[] nearest=a|~b@0.552 | first_match={'a': 0, '~(a^b)': 10} [328s]
  gen   820: best=5.023 mean=3.644 edge=1.00 match=[] nearest=0@0.579 | first_match={'a': 0, '~(a^b)': 10} [333s]
  gen   830: best=5.130 mean=3.667 edge=1.00 match=[] nearest=0@0.61 | first_match={'a': 0, '~(a^b)': 10} [337s]
  gen   840: best=5.199 mean=3.635 edge=1.00 match=[] nearest=a|~b@0.552 | first_match={'a': 0, '~(a^b)': 10} [341s]
  gen   850: best=5.199 mean=3.597 edge=1.00 match=[] nearest=a|~b@0.552 | first_match={'a': 0, '~(a^b)': 10} [345s]
  gen   860: best=5.091 mean=3.661 edge=1.00 match=[] nearest=0@0.579 | first_match={'a': 0, '~(a^b)': 10} [349s]
  gen   870: best=5.199 mean=3.649 edge=1.00 match=[] nearest=0@0.61 | first_match={'a': 0, '~(a^b)': 10} [353s]
  gen   880: best=5.199 mean=3.538 edge=1.00 match=[] nearest=a|~b@0.552 | first_match={'a': 0, '~(a^b)': 10} [357s]
  gen   890: best=5.133 mean=3.660 edge=1.00 match=[] nearest=0@0.579 | first_match={'a': 0, '~(a^b)': 10} [361s]
  gen   900: best=5.199 mean=3.644 edge=1.00 match=[] nearest=0@0.61 | first_match={'a': 0, '~(a^b)': 10} [365s]
  gen   910: best=5.191 mean=3.685 edge=1.00 match=[] nearest=a|~b@0.552 | first_match={'a': 0, '~(a^b)': 10} [369s]
  gen   920: best=5.199 mean=3.564 edge=1.00 match=[] nearest=a|~b@0.552 | first_match={'a': 0, '~(a^b)': 10} [373s]
  gen   930: best=5.075 mean=3.657 edge=1.00 match=[] nearest=0@0.579 | first_match={'a': 0, '~(a^b)': 10} [377s]
  gen   940: best=5.199 mean=3.641 edge=1.00 match=[] nearest=0@0.61 | first_match={'a': 0, '~(a^b)': 10} [382s]
  gen   950: best=5.199 mean=3.661 edge=1.00 match=[] nearest=0@0.61 | first_match={'a': 0, '~(a^b)': 10} [386s]
  gen   960: best=5.199 mean=3.602 edge=1.00 match=[] nearest=a|~b@0.552 | first_match={'a': 0, '~(a^b)': 10} [390s]
  gen   970: best=5.192 mean=3.669 edge=1.00 match=[] nearest=0@0.61 | first_match={'a': 0, '~(a^b)': 10} [394s]
  gen   980: best=5.171 mean=3.682 edge=1.00 match=[] nearest=0@0.579 | first_match={'a': 0, '~(a^b)': 10} [398s]
  gen   990: best=5.149 mean=3.650 edge=1.00 match=[] nearest=a|~b@0.552 | first_match={'a': 0, '~(a^b)': 10} [402s]
  gen  1000: best=5.194 mean=3.608 edge=1.00 match=[] nearest=a<<1@0.545 | first_match={'a': 0, '~(a^b)': 10} [406s]
