LOGICAL-DEPTH BRIDGE on 5-state 2-symbol TURING MACHINES (blank tape) — target-free depth x structure.

  noise baseline: comp_ratio=1.001 -> structure 4c(1-c)=-0.006 (incompressible -> ~0 -> rejected)

  sampled 25000 machines; 10516 passed the non-trivial gate; 135 halted within T_max=2000.
  empirical longest-running (halter or clipped): 2000 steps.

  === TOP 12 by DEPTH x STRUCTURE (target-free) ===
   rank  score  runtime halt   comp   struct   nz   what it builds (final non-blank block; period)
     0   2.57    2000  .   0.093  0.338    65  [111111111111111111111111111111111111111111110000000000000000] period 1
     1   2.51    2000  .   0.091  0.331    45  [101010101010101010101010100101010101010101010101010101010101] period 1
     2   2.51    2000  .   0.091  0.330    65  [101010101010101010101010101010101010101010101011111111111111] period 1
     3   2.51    2000  .   0.091  0.330    44  [101010101010101010101010101010101010101010101010101010101010] aperiodic
     4   2.50    2000  .   0.091  0.329    45  [101010101010101010101010100101010101010101010101010101010101] period 1
     5   2.50    2000  .   0.090  0.329    44  [101010101010101010101010110101010101010101010101010101010101] aperiodic
     6   2.50    2000  .   0.090  0.329    44  [101010101010101010101010110101010101010101010101010101010101] aperiodic
     7   2.50    2000  .   0.090  0.329    44  [101010101010101010101010110101010101010101010101010101010101] aperiodic
     8   2.45    2000  .   0.089  0.323    68  [101010101010101111111111111111111111111111111111111111111111] period 1
     9   2.41    1607  .   0.089  0.326    52  [111000000100111000000100111000000100111000000100111000000100] period 1
    10   2.30    2000  .   0.083  0.303    37  [101010101010101010101010101010101010101010101010101010010101] period 1
    11   2.30    1953  .   0.083  0.304   151  [101111111111111111111111111111111111111111111111111111111111] period 1

  === DEEPEST HALTERS (Busy-Beaver-like: long finite computation from a blank tape) ===
   runtime  comp   struct   nz   final non-blank block (what it computed)
       22   0.092  0.335     3  [111]
       21   0.107  0.384     4  [111001]
       21   0.100  0.361     4  [11011]
       16   0.106  0.380     4  [1111]
       16   0.097  0.350     2  [1001]
       15   0.106  0.380     5  [1110101]
       15   0.096  0.348     4  [1111]
       14   0.101  0.363     4  [1111]

  the LONGEST-RUNNING machine (2000 steps): structure=0.329 comp=0.090
  -> depth alone != top score: the signal prefers deep-AND-structured over max-runtime (which may be chaotic).

  READ: if the top machines run long AND build structured tapes (counters/periodic engines/nested patterns) while
  noise is rejected and the mere longest-runner isn't the winner, the DEPTH x STRUCTURE signal surfaces 'deep
  computation' un-targeted — a THIRD bridge-signal family, on the iterative-program space the moonshot needs.
  Ceiling honest: small TMs, surfaces KNOWN computational motifs, novelty not claimed.
