  [runs_pod/phase2/pcf_n6/stage1_survivors.npz] family=n6 candidates=60,776
    chunk 10/108  hits 0  [253s]
    chunk 20/108  hits 0  [485s]
    chunk 30/108  hits 0  [497s]
    chunk 40/108  hits 1  [721s]
    chunk 50/108  hits 1  [727s]
    chunk 60/108  hits 1  [935s]
    chunk 70/108  hits 1  [958s]
    chunk 80/108  hits 2  [1149s]
    chunk 90/108  hits 2  [1190s]
    chunk 100/108  hits 2  [1373s]
    chunk 108/108  hits 2  [1386s]
  [runs_pod/phase2/pcf_n6big/stage1_survivors.npz] family=n6 candidates=120,000
    chunk 10/108  hits 2  [1823s]
    chunk 20/108  hits 2  [2264s]
    chunk 30/108  hits 2  [2273s]
    chunk 40/108  hits 3  [2691s]
    chunk 50/108  hits 3  [2700s]
    chunk 60/108  hits 3  [3097s]
    chunk 70/108  hits 3  [3142s]
    chunk 80/108  hits 3  [3518s]
    chunk 90/108  hits 3  [3591s]
    chunk 100/108  hits 3  [3960s]
    chunk 108/108  hits 3  [3978s]
  [runs_pod/phase2/pcf_n6/stage1_blindsample.npz] family=n6 candidates=50,000
    chunk 10/108  hits 3  [4155s]
    chunk 20/108  hits 3  [4330s]
    chunk 30/108  hits 3  [4335s]
    chunk 40/108  hits 3  [4512s]
    chunk 50/108  hits 3  [4523s]
    chunk 60/108  hits 3  [4699s]
    chunk 70/108  hits 3  [4707s]
    chunk 80/108  hits 3  [4879s]
    chunk 90/108  hits 3  [4888s]
    chunk 100/108  hits 3  [5056s]
    chunk 108/108  hits 3  [5061s]
  [runs_pod/phase2/pcf_p4/stage1_survivors.npz] family=p4 candidates=59,351
    chunk 10/108  hits 3  [5277s]
    chunk 20/108  hits 3  [5482s]
    chunk 30/108  hits 3  [5485s]
    chunk 40/108  hits 3  [5687s]
    chunk 50/108  hits 3  [5693s]
    chunk 60/108  hits 3  [5899s]
    chunk 70/108  hits 3  [5917s]
    chunk 80/108  hits 3  [6126s]
    chunk 90/108  hits 3  [6155s]
    chunk 100/108  hits 3  [6355s]
    chunk 108/108  hits 3  [6364s]
  [runs_pod/phase2/pcf_main/stage1_survivors.npz] family=poly candidates=120,000
    chunk 10/108  hits 6  [6789s]
    chunk 20/108  hits 7  [7209s]
    chunk 30/108  hits 8  [7220s]
    chunk 40/108  hits 10  [7639s]
    chunk 50/108  hits 11  [7645s]
    chunk 60/108  hits 11  [8060s]
    chunk 70/108  hits 11  [8075s]
    chunk 80/108  hits 12  [8490s]
    chunk 90/108  hits 14  [8513s]
    chunk 100/108  hits 16  [8967s]
    chunk 108/108  hits 17  [8974s]

  QUADMINE done: 17 raw hits, 17 verified at 220 digits
  by constant: {'zeta3': 3, 'e': 6, 'log2': 2, 'sqrt2': 1, 'pi': 3, 'phi': 1, 'log3': 1}
  by kind:     {'mobius': 14, 'quad': 3}
  KNOWN forms among verified: 3; quad-relation hits: 3
  verified hits with NO known-form tag: 14 (tag absence != novelty — literature-check each)
    [quad] e        A=[-6, 1, 2] B=[2, 3, 1] v=-14.38905609893065022723 rel=[-7, 0, -1, -1, 0, 0] h=7
    [mobius] e        A=[-5, -1, 0] B=[3, 1, 0] v=-5.601472316963880390129 rel=[57, -21, -87, 32] h=87
    [mobius] log2     A=[-6, -3, 0] B=[0, -2, -2] v=-5.487455221665184381244 rel=[2, 0, 17, -24] h=24
    [mobius] sqrt2    A=[-4, -2, 0] B=[0, 3, 1] v=-4.567223249782448655088 rel=[3, 3, 3, -1] h=3
    [quad] e        A=[-4, -1, 0] B=[0, -2, 0] v=-3.523188311911529776238 rel=[0, 0, 4, 1, 0, 1] h=4
    [mobius] pi       A=[-2, -3, 0] B=[3, 1, -2] v=-2.439900846488442624089 rel=[-8, -3, -4, -1] h=8
    [mobius] e        A=[-2, -1, 0] B=[1, 1, 0] v=-2.549646778303844882226 rel=[2, -1, -3, 1] h=3
    [quad] e        A=[-2, 3, 2] B=[2, 3, 1] v=-0.476811688088470223761 rel=[4, 0, 0, 1, 0, 1] h=4
    [mobius] phi      A=[3, 3, 0] B=[0, -1, -1] v=2.6180339887498948482045 rel=[0, 1, 1, -1] h=1
    [mobius] pi       A=[5, 3, 0] B=[0, -3, -2] v=4.2111824896280692148573 rel=[-6, 0, -8, 3] h=8
    [mobius] e        A=[5, 1, 0] B=[-1, -1, 0] v=4.6387004871961597835669 rel=[-2, 1, 8, -3] h=8
    [mobius] log2     A=[6, 3, 0] B=[0, 0, -2] v=5.7574427718892082771910 rel=[-12, 0, -131, 192] h=192
    [mobius] log3     A=[6, 4, 0] B=[-1, -2, -1] v=5.5703619878735803900990 rel=[0, -1, -2, 2] h=2
    [mobius] pi       A=[6, 3, 0] B=[6, -1, -2] v=6.3475733587784756986985 rel=[-96, 0, -32, 15] h=96
  wrote runs/quadmine/quadmine_hits.json + quadmine_summary.json
