
gpu_avida_loop | device=cuda | maxit=4 (reachable depth ~P*maxit=96) N=6144 gens=600

  HEADLINE: top_named_sim as a function of reachable depth. DROP with depth -> named region is
  shallow (depth was the gate). FLAT-HIGH -> naming-density extends deep (recognition is the ceiling).

  gen     0: best=3.46 edge=0.79 top_named_sim=1.000 named_in_top5=3 | ['2a+2b'] | fm=['2a+2b', 'b-a', 'a<<2', '4a'] [1s]
  gen    10: best=4.89 edge=1.00 top_named_sim=0.532 named_in_top5=0 | ~~(a|b)@0.532 | fm=['2a+2b', 'b-a', 'a<<2', '4a'] [6s]
  gen    20: best=5.09 edge=1.00 top_named_sim=0.588 named_in_top5=0 | ~(a+b)<<2@0.588 | fm=['2a+2b', 'b-a', 'a<<2', '4a'] [11s]
  gen    30: best=5.08 edge=1.00 top_named_sim=0.588 named_in_top5=0 | ~(a+b)<<2@0.588 | fm=['2a+2b', 'b-a', 'a<<2', '4a'] [16s]
  gen    40: best=5.20 edge=1.00 top_named_sim=0.607 named_in_top5=0 | ~0xFFFF@0.607 | fm=['2a+2b', 'b-a', 'a<<2', '4a'] [21s]
  gen    50: best=5.20 edge=1.00 top_named_sim=0.607 named_in_top5=0 | ~0xFFFF@0.607 | fm=['2a+2b', 'b-a', 'a<<2', '4a'] [26s]
  gen    60: best=5.17 edge=0.99 top_named_sim=0.573 named_in_top5=0 | ~a|b@0.573 | fm=['2a+2b', 'b-a', 'a<<2', '4a'] [31s]
  gen    70: best=5.10 edge=1.00 top_named_sim=0.607 named_in_top5=0 | ~0xFFFF@0.607 | fm=['2a+2b', 'b-a', 'a<<2', '4a'] [36s]
  gen    80: best=5.08 edge=1.00 top_named_sim=0.588 named_in_top5=0 | ~(a+b)<<2@0.588 | fm=['2a+2b', 'b-a', 'a<<2', '4a'] [41s]
  gen    90: best=5.12 edge=0.99 top_named_sim=0.604 named_in_top5=0 | ~0xFFFF@0.604 | fm=['2a+2b', 'b-a', 'a<<2', '4a'] [47s]
  gen   100: best=5.19 edge=1.00 top_named_sim=0.562 named_in_top5=0 | ~0xFFFF@0.562 | fm=['2a+2b', 'b-a', 'a<<2', '4a'] [52s]
  gen   110: best=5.19 edge=1.00 top_named_sim=0.580 named_in_top5=0 | ~0@0.58 | fm=['2a+2b', 'b-a', 'a<<2', '4a'] [57s]
  gen   120: best=5.15 edge=1.00 top_named_sim=0.625 named_in_top5=0 | ~(a+b)<<2@0.625 | fm=['2a+2b', 'b-a', 'a<<2', '4a'] [62s]
  gen   130: best=5.20 edge=1.00 top_named_sim=0.561 named_in_top5=0 | ~0xFFFF@0.561 | fm=['2a+2b', 'b-a', 'a<<2', '4a'] [67s]
  gen   140: best=5.19 edge=1.00 top_named_sim=0.616 named_in_top5=0 | ~0@0.616 | fm=['2a+2b', 'b-a', 'a<<2', '4a'] [72s]
  gen   150: best=5.20 edge=1.00 top_named_sim=0.561 named_in_top5=0 | ~0xFFFF@0.561 | fm=['2a+2b', 'b-a', 'a<<2', '4a'] [77s]
  gen   160: best=5.20 edge=1.00 top_named_sim=0.561 named_in_top5=0 | ~0xFFFF@0.561 | fm=['2a+2b', 'b-a', 'a<<2', '4a'] [82s]
  gen   170: best=5.20 edge=1.00 top_named_sim=0.607 named_in_top5=0 | ~0@0.607 | fm=['2a+2b', 'b-a', 'a<<2', '4a'] [87s]
  gen   180: best=5.18 edge=1.00 top_named_sim=0.616 named_in_top5=0 | ~0xFFFF@0.616 | fm=['2a+2b', 'b-a', 'a<<2', '4a'] [92s]
  gen   190: best=5.20 edge=1.00 top_named_sim=0.561 named_in_top5=0 | ~0xFFFF@0.561 | fm=['2a+2b', 'b-a', 'a<<2', '4a'] [98s]
  gen   200: best=5.19 edge=1.00 top_named_sim=0.588 named_in_top5=0 | ~(a+b)<<2@0.588 | fm=['2a+2b', 'b-a', 'a<<2', '4a'] [103s]
  gen   210: best=5.20 edge=1.00 top_named_sim=0.607 named_in_top5=0 | ~0@0.607 | fm=['2a+2b', 'b-a', 'a<<2', '4a'] [108s]
  gen   220: best=5.20 edge=1.00 top_named_sim=0.607 named_in_top5=0 | ~0@0.607 | fm=['2a+2b', 'b-a', 'a<<2', '4a'] [113s]
  gen   230: best=5.20 edge=1.00 top_named_sim=0.607 named_in_top5=0 | ~0@0.607 | fm=['2a+2b', 'b-a', 'a<<2', '4a'] [118s]
  gen   240: best=5.19 edge=1.00 top_named_sim=0.616 named_in_top5=0 | ~0xFFFF@0.616 | fm=['2a+2b', 'b-a', 'a<<2', '4a'] [123s]
  gen   250: best=5.20 edge=1.00 top_named_sim=0.607 named_in_top5=0 | ~0@0.607 | fm=['2a+2b', 'b-a', 'a<<2', '4a'] [129s]
  gen   260: best=5.16 edge=1.00 top_named_sim=0.580 named_in_top5=0 | ~0@0.58 | fm=['2a+2b', 'b-a', 'a<<2', '4a'] [134s]
  gen   270: best=5.20 edge=1.00 top_named_sim=0.575 named_in_top5=0 | ~a|b@0.575 | fm=['2a+2b', 'b-a', 'a<<2', '4a'] [139s]
  gen   280: best=5.20 edge=1.00 top_named_sim=0.584 named_in_top5=0 | ~~a|b@0.584 | fm=['2a+2b', 'b-a', 'a<<2', '4a'] [144s]
  gen   290: best=5.20 edge=1.00 top_named_sim=0.584 named_in_top5=0 | ~~a|b@0.584 | fm=['2a+2b', 'b-a', 'a<<2', '4a'] [149s]
  gen   300: best=5.19 edge=1.00 top_named_sim=0.616 named_in_top5=0 | ~0@0.616 | fm=['2a+2b', 'b-a', 'a<<2', '4a'] [154s]
  gen   310: best=5.20 edge=1.00 top_named_sim=0.607 named_in_top5=0 | ~0xFFFF@0.607 | fm=['2a+2b', 'b-a', 'a<<2', '4a'] [159s]
  gen   320: best=5.20 edge=1.00 top_named_sim=0.602 named_in_top5=0 | ~(a^b)<<2@0.602 | fm=['2a+2b', 'b-a', 'a<<2', '4a'] [165s]
  gen   330: best=5.20 edge=1.00 top_named_sim=0.607 named_in_top5=0 | ~0@0.607 | fm=['2a+2b', 'b-a', 'a<<2', '4a'] [170s]
  gen   340: best=5.19 edge=1.00 top_named_sim=0.616 named_in_top5=0 | ~0xFFFF@0.616 | fm=['2a+2b', 'b-a', 'a<<2', '4a'] [175s]
  gen   350: best=5.20 edge=1.00 top_named_sim=0.577 named_in_top5=0 | ~(a+b)<<2@0.577 | fm=['2a+2b', 'b-a', 'a<<2', '4a'] [180s]
  gen   360: best=5.20 edge=1.00 top_named_sim=0.585 named_in_top5=0 | ~~(a|b)@0.585 | fm=['2a+2b', 'b-a', 'a<<2', '4a'] [185s]
  gen   370: best=5.20 edge=1.00 top_named_sim=0.575 named_in_top5=0 | ~a|b@0.575 | fm=['2a+2b', 'b-a', 'a<<2', '4a'] [190s]
  gen   380: best=5.20 edge=1.00 top_named_sim=0.584 named_in_top5=0 | ~~a|b@0.584 | fm=['2a+2b', 'b-a', 'a<<2', '4a'] [195s]
  gen   390: best=5.19 edge=1.00 top_named_sim=0.616 named_in_top5=0 | ~0@0.616 | fm=['2a+2b', 'b-a', 'a<<2', '4a'] [200s]
  gen   400: best=5.19 edge=1.00 top_named_sim=0.588 named_in_top5=0 | ~(a+b)<<2@0.588 | fm=['2a+2b', 'b-a', 'a<<2', '4a'] [205s]
  gen   410: best=5.20 edge=1.00 top_named_sim=0.577 named_in_top5=0 | ~(a+b)<<2@0.577 | fm=['2a+2b', 'b-a', 'a<<2', '4a'] [211s]
  gen   420: best=5.20 edge=1.00 top_named_sim=0.577 named_in_top5=0 | ~(a+b)<<2@0.577 | fm=['2a+2b', 'b-a', 'a<<2', '4a'] [216s]
  gen   430: best=5.20 edge=1.00 top_named_sim=0.577 named_in_top5=0 | ~(a+b)<<2@0.577 | fm=['2a+2b', 'b-a', 'a<<2', '4a'] [221s]
  gen   440: best=5.20 edge=1.00 top_named_sim=0.607 named_in_top5=0 | ~0xFFFF@0.607 | fm=['2a+2b', 'b-a', 'a<<2', '4a'] [226s]
  gen   450: best=5.19 edge=1.00 top_named_sim=0.602 named_in_top5=0 | ~(a^b)<<2@0.602 | fm=['2a+2b', 'b-a', 'a<<2', '4a'] [231s]
  gen   460: best=5.19 edge=1.00 top_named_sim=0.618 named_in_top5=0 | ~(a+b)^a^b@0.618 | fm=['2a+2b', 'b-a', 'a<<2', '4a'] [236s]
  gen   470: best=5.20 edge=1.00 top_named_sim=0.577 named_in_top5=0 | ~(a+b)<<2@0.577 | fm=['2a+2b', 'b-a', 'a<<2', '4a'] [241s]
  gen   480: best=5.20 edge=1.00 top_named_sim=0.607 named_in_top5=0 | ~0xFFFF@0.607 | fm=['2a+2b', 'b-a', 'a<<2', '4a'] [246s]
  gen   490: best=5.20 edge=1.00 top_named_sim=0.607 named_in_top5=0 | ~0@0.607 | fm=['2a+2b', 'b-a', 'a<<2', '4a'] [251s]
  gen   500: best=5.17 edge=1.00 top_named_sim=0.580 named_in_top5=0 | ~0@0.58 | fm=['2a+2b', 'b-a', 'a<<2', '4a'] [257s]
  gen   510: best=5.20 edge=1.00 top_named_sim=0.585 named_in_top5=0 | ~~(a|b)@0.585 | fm=['2a+2b', 'b-a', 'a<<2', '4a'] [262s]
  gen   520: best=5.20 edge=1.00 top_named_sim=0.607 named_in_top5=0 | ~0@0.607 | fm=['2a+2b', 'b-a', 'a<<2', '4a'] [267s]
  gen   530: best=5.20 edge=1.00 top_named_sim=0.607 named_in_top5=0 | ~0@0.607 | fm=['2a+2b', 'b-a', 'a<<2', '4a'] [272s]
  gen   540: best=5.20 edge=1.00 top_named_sim=0.602 named_in_top5=0 | ~(a^b)<<2@0.602 | fm=['2a+2b', 'b-a', 'a<<2', '4a'] [277s]
  gen   550: best=5.19 edge=1.00 top_named_sim=0.616 named_in_top5=0 | ~0@0.616 | fm=['2a+2b', 'b-a', 'a<<2', '4a'] [282s]
  gen   560: best=5.20 edge=1.00 top_named_sim=0.607 named_in_top5=0 | ~0xFFFF@0.607 | fm=['2a+2b', 'b-a', 'a<<2', '4a'] [287s]
  gen   570: best=5.20 edge=1.00 top_named_sim=0.602 named_in_top5=0 | ~(a^b)<<2@0.602 | fm=['2a+2b', 'b-a', 'a<<2', '4a'] [292s]
  gen   580: best=5.20 edge=1.00 top_named_sim=0.602 named_in_top5=0 | ~(a^b)<<2@0.602 | fm=['2a+2b', 'b-a', 'a<<2', '4a'] [297s]
  gen   590: best=5.20 edge=1.00 top_named_sim=0.607 named_in_top5=0 | ~0xFFFF@0.607 | fm=['2a+2b', 'b-a', 'a<<2', '4a'] [303s]
  gen   600: best=5.20 edge=1.00 top_named_sim=0.607 named_in_top5=0 | ~0@0.607 | fm=['2a+2b', 'b-a', 'a<<2', '4a'] [308s]
