
gpu_avida_loop | device=cuda | maxit=16 (reachable depth ~P*maxit=384) N=6144 gens=600

  HEADLINE: top_named_sim as a function of reachable depth. DROP with depth -> named region is
  shallow (depth was the gate). FLAT-HIGH -> naming-density extends deep (recognition is the ceiling).

  gen     0: best=4.13 edge=1.00 top_named_sim=0.950 named_in_top5=2 | ~a^b@0.95 | fm=['b-a', 'a-b'] [2s]
  gen    10: best=5.09 edge=0.99 top_named_sim=0.624 named_in_top5=0 | ~0xFFFF@0.624 | fm=['b-a', 'a-b'] [14s]
  gen    20: best=5.11 edge=1.00 top_named_sim=0.663 named_in_top5=0 | ~a&~b@0.663 | fm=['b-a', 'a-b'] [25s]
  gen    30: best=5.16 edge=0.99 top_named_sim=0.673 named_in_top5=0 | ~a+b@0.673 | fm=['b-a', 'a-b'] [37s]
  gen    40: best=5.11 edge=1.00 top_named_sim=0.575 named_in_top5=0 | ~a-b@0.575 | fm=['b-a', 'a-b'] [49s]
  gen    50: best=5.14 edge=0.98 top_named_sim=0.596 named_in_top5=0 | ~(a^b)<<2@0.596 | fm=['b-a', 'a-b'] [61s]
  gen    60: best=5.17 edge=1.00 top_named_sim=0.646 named_in_top5=0 | ~(a^b)<<2@0.646 | fm=['b-a', 'a-b'] [73s]
  gen    70: best=5.17 edge=0.99 top_named_sim=0.777 named_in_top5=0 | ~~(a^b)@0.777 | fm=['b-a', 'a-b'] [84s]
  gen    80: best=5.18 edge=0.99 top_named_sim=0.777 named_in_top5=0 | ~~(a^b)@0.777 | fm=['b-a', 'a-b'] [96s]
  gen    90: best=5.18 edge=0.99 top_named_sim=0.562 named_in_top5=0 | ~-(a+b)@0.562 | fm=['b-a', 'a-b'] [108s]
  gen   100: best=5.19 edge=1.00 top_named_sim=0.894 named_in_top5=0 | ~~(a^b)@0.894 | fm=['b-a', 'a-b'] [119s]
  gen   110: best=5.18 edge=0.99 top_named_sim=0.777 named_in_top5=0 | ~~(a^b)@0.777 | fm=['b-a', 'a-b'] [131s]
  gen   120: best=5.17 edge=1.00 top_named_sim=0.561 named_in_top5=0 | ~a+b@0.561 | fm=['b-a', 'a-b'] [143s]
  gen   130: best=5.20 edge=1.00 top_named_sim=0.561 named_in_top5=0 | ~(a^b)>>1@0.561 | fm=['b-a', 'a-b'] [154s]
  gen   140: best=5.20 edge=1.00 top_named_sim=0.761 named_in_top5=0 | ~(a^b)>>1@0.761 | fm=['b-a', 'a-b'] [166s]
  gen   150: best=5.20 edge=1.00 top_named_sim=0.536 named_in_top5=0 | ~~(a|b)@0.536 | fm=['b-a', 'a-b'] [177s]
  gen   160: best=5.20 edge=1.00 top_named_sim=0.546 named_in_top5=0 | ~a<<3@0.546 | fm=['b-a', 'a-b'] [189s]
  gen   170: best=5.20 edge=1.00 top_named_sim=0.769 named_in_top5=0 | ~~(a^b)@0.769 | fm=['b-a', 'a-b'] [200s]
  gen   180: best=5.20 edge=1.00 top_named_sim=0.769 named_in_top5=0 | ~~(a^b)@0.769 | fm=['b-a', 'a-b'] [211s]
  gen   190: best=5.20 edge=1.00 top_named_sim=0.546 named_in_top5=0 | ~~b@0.546 | fm=['b-a', 'a-b'] [223s]
  gen   200: best=5.20 edge=1.00 top_named_sim=0.769 named_in_top5=0 | ~~(a^b)@0.769 | fm=['b-a', 'a-b'] [234s]
  gen   210: best=5.20 edge=1.00 top_named_sim=0.769 named_in_top5=0 | ~~(a^b)@0.769 | fm=['b-a', 'a-b'] [246s]
  gen   220: best=5.20 edge=1.00 top_named_sim=0.558 named_in_top5=0 | ~a-b-1@0.558 | fm=['b-a', 'a-b'] [257s]
  gen   230: best=5.20 edge=1.00 top_named_sim=0.769 named_in_top5=0 | ~~(a^b)@0.769 | fm=['b-a', 'a-b'] [268s]
  gen   240: best=5.20 edge=1.00 top_named_sim=0.769 named_in_top5=0 | ~~(a^b)@0.769 | fm=['b-a', 'a-b'] [279s]
  gen   250: best=5.20 edge=1.00 top_named_sim=0.769 named_in_top5=0 | ~~(a^b)@0.769 | fm=['b-a', 'a-b'] [291s]
  gen   260: best=5.20 edge=1.00 top_named_sim=0.635 named_in_top5=0 | ~~(a^b)@0.635 | fm=['b-a', 'a-b'] [302s]
  gen   270: best=5.20 edge=1.00 top_named_sim=0.693 named_in_top5=0 | ~(a^b)<<1@0.693 | fm=['b-a', 'a-b'] [313s]
  gen   280: best=5.20 edge=1.00 top_named_sim=0.769 named_in_top5=0 | ~~(a^b)@0.769 | fm=['b-a', 'a-b'] [324s]
  gen   290: best=5.20 edge=1.00 top_named_sim=0.769 named_in_top5=0 | ~~(a^b)@0.769 | fm=['b-a', 'a-b'] [336s]
  gen   300: best=5.20 edge=1.00 top_named_sim=0.769 named_in_top5=0 | ~~(a^b)@0.769 | fm=['b-a', 'a-b'] [347s]
  gen   310: best=5.20 edge=1.00 top_named_sim=0.769 named_in_top5=0 | ~~(a^b)@0.769 | fm=['b-a', 'a-b'] [358s]
  gen   320: best=5.20 edge=1.00 top_named_sim=0.612 named_in_top5=0 | ~(a^b)>>1@0.612 | fm=['b-a', 'a-b'] [369s]
  gen   330: best=5.20 edge=1.00 top_named_sim=0.569 named_in_top5=0 | ~2a-b@0.569 | fm=['b-a', 'a-b'] [381s]
  gen   340: best=5.20 edge=1.00 top_named_sim=0.769 named_in_top5=0 | ~~(a^b)@0.769 | fm=['b-a', 'a-b'] [392s]
  gen   350: best=5.20 edge=1.00 top_named_sim=0.769 named_in_top5=0 | ~~(a^b)@0.769 | fm=['b-a', 'a-b'] [403s]
  gen   360: best=5.20 edge=1.00 top_named_sim=0.769 named_in_top5=0 | ~~(a^b)@0.769 | fm=['b-a', 'a-b'] [414s]
  gen   370: best=5.20 edge=1.00 top_named_sim=0.546 named_in_top5=0 | ~~a|b@0.546 | fm=['b-a', 'a-b'] [426s]
  gen   380: best=5.20 edge=1.00 top_named_sim=0.769 named_in_top5=0 | ~~(a^b)@0.769 | fm=['b-a', 'a-b'] [437s]
  gen   390: best=5.20 edge=1.00 top_named_sim=0.562 named_in_top5=0 | ~(a&b)<<1@0.562 | fm=['b-a', 'a-b'] [448s]
  gen   400: best=5.20 edge=1.00 top_named_sim=0.832 named_in_top5=0 | ~(a^b)>>1@0.832 | fm=['b-a', 'a-b'] [459s]
  gen   410: best=5.20 edge=1.00 top_named_sim=0.562 named_in_top5=0 | ~(a&b)<<1@0.562 | fm=['b-a', 'a-b'] [470s]
  gen   420: best=5.20 edge=1.00 top_named_sim=0.575 named_in_top5=0 | ~(a&b)<<1@0.575 | fm=['b-a', 'a-b'] [482s]
  gen   430: best=5.20 edge=1.00 top_named_sim=0.539 named_in_top5=0 | ~a+(a&b)@0.539 | fm=['b-a', 'a-b'] [493s]
  gen   440: best=5.20 edge=1.00 top_named_sim=0.539 named_in_top5=0 | ~a+(a&b)@0.539 | fm=['b-a', 'a-b'] [504s]
  gen   450: best=5.20 edge=1.00 top_named_sim=0.593 named_in_top5=0 | ~(a^b)<<1@0.593 | fm=['b-a', 'a-b'] [515s]
  gen   460: best=5.20 edge=1.00 top_named_sim=0.544 named_in_top5=0 | ~a+1@0.544 | fm=['b-a', 'a-b'] [526s]
  gen   470: best=5.20 edge=1.00 top_named_sim=0.585 named_in_top5=0 | ~a|~b@0.585 | fm=['b-a', 'a-b'] [537s]
  gen   480: best=5.20 edge=1.00 top_named_sim=0.559 named_in_top5=0 | ~~a|b@0.559 | fm=['b-a', 'a-b'] [548s]
  gen   490: best=5.20 edge=1.00 top_named_sim=0.534 named_in_top5=0 | ~(a+b)>>1@0.534 | fm=['b-a', 'a-b'] [560s]
  gen   500: best=5.20 edge=1.00 top_named_sim=0.554 named_in_top5=0 | ~~a|b@0.554 | fm=['b-a', 'a-b'] [571s]
  gen   510: best=5.20 edge=1.00 top_named_sim=0.536 named_in_top5=0 | ~~(a|b)@0.536 | fm=['b-a', 'a-b'] [582s]
  gen   520: best=5.20 edge=1.00 top_named_sim=0.545 named_in_top5=0 | ~~(a|b)@0.545 | fm=['b-a', 'a-b'] [593s]
  gen   530: best=5.20 edge=1.00 top_named_sim=0.559 named_in_top5=0 | ~~a|b@0.559 | fm=['b-a', 'a-b'] [604s]
  gen   540: best=5.20 edge=1.00 top_named_sim=0.688 named_in_top5=0 | ~0xFFFF@0.688 | fm=['b-a', 'a-b'] [615s]
  gen   550: best=5.20 edge=1.00 top_named_sim=0.540 named_in_top5=0 | ~~a|b@0.54 | fm=['b-a', 'a-b'] [626s]
  gen   560: best=5.20 edge=1.00 top_named_sim=0.769 named_in_top5=0 | ~a^b@0.769 | fm=['b-a', 'a-b'] [637s]
  gen   570: best=5.20 edge=1.00 top_named_sim=0.540 named_in_top5=0 | ~~a|b@0.54 | fm=['b-a', 'a-b'] [648s]
  gen   580: best=5.20 edge=1.00 top_named_sim=0.546 named_in_top5=0 | ~a<<3@0.546 | fm=['b-a', 'a-b'] [659s]
  gen   590: best=5.20 edge=1.00 top_named_sim=0.769 named_in_top5=0 | ~~(a^b)@0.769 | fm=['b-a', 'a-b'] [670s]
  gen   600: best=5.20 edge=1.00 top_named_sim=0.540 named_in_top5=0 | ~~a|b@0.54 | fm=['b-a', 'a-b'] [681s]
