  STAGE 2 (CPU PSLQ, 60 procs): verifying 60,777 survivors against the constant battery
    chunk 1/240  hits so far 0  [137s]
    chunk 2/240  hits so far 0  [138s]
    chunk 3/240  hits so far 0  [138s]
    chunk 4/240  hits so far 0  [138s]
    chunk 5/240  hits so far 0  [138s]
    chunk 6/240  hits so far 0  [139s]
    chunk 7/240  hits so far 0  [139s]
    chunk 8/240  hits so far 0  [139s]
    chunk 9/240  hits so far 1  [139s]
    chunk 10/240  hits so far 1  [139s]
    chunk 11/240  hits so far 1  [140s]
    chunk 12/240  hits so far 1  [140s]
    chunk 13/240  hits so far 1  [140s]
    chunk 14/240  hits so far 1  [140s]
    chunk 15/240  hits so far 1  [141s]
    chunk 16/240  hits so far 1  [141s]
    chunk 17/240  hits so far 1  [141s]
    chunk 18/240  hits so far 1  [141s]
    chunk 19/240  hits so far 1  [141s]
    chunk 20/240  hits so far 1  [141s]
    chunk 21/240  hits so far 1  [141s]
    chunk 22/240  hits so far 1  [142s]
    chunk 23/240  hits so far 1  [142s]
    chunk 24/240  hits so far 1  [142s]
    chunk 25/240  hits so far 1  [142s]
    chunk 26/240  hits so far 1  [142s]
    chunk 27/240  hits so far 1  [143s]
    chunk 28/240  hits so far 1  [143s]
    chunk 29/240  hits so far 1  [143s]
    chunk 30/240  hits so far 1  [143s]
    chunk 31/240  hits so far 1  [144s]
    chunk 32/240  hits so far 1  [144s]
    chunk 33/240  hits so far 1  [144s]
    chunk 34/240  hits so far 1  [144s]
    chunk 35/240  hits so far 1  [144s]
    chunk 36/240  hits so far 1  [146s]
    chunk 37/240  hits so far 1  [146s]
    chunk 38/240  hits so far 1  [146s]
    chunk 39/240  hits so far 1  [146s]
    chunk 40/240  hits so far 1  [146s]
    chunk 41/240  hits so far 1  [147s]
    chunk 42/240  hits so far 1  [147s]
    chunk 43/240  hits so far 1  [147s]
    chunk 44/240  hits so far 1  [148s]
    chunk 45/240  hits so far 1  [148s]
    chunk 46/240  hits so far 1  [148s]
    chunk 47/240  hits so far 1  [148s]
    chunk 48/240  hits so far 1  [148s]
    chunk 49/240  hits so far 1  [148s]
    chunk 50/240  hits so far 1  [148s]
    chunk 51/240  hits so far 1  [149s]
    chunk 52/240  hits so far 1  [150s]
    chunk 53/240  hits so far 1  [150s]
    chunk 54/240  hits so far 1  [150s]
    chunk 55/240  hits so far 1  [150s]
    chunk 56/240  hits so far 1  [151s]
    chunk 57/240  hits so far 1  [151s]
    chunk 58/240  hits so far 1  [153s]
    chunk 59/240  hits so far 1  [153s]
    chunk 60/240  hits so far 1  [155s]
    chunk 61/240  hits so far 1  [270s]
    chunk 62/240  hits so far 1  [274s]
    chunk 63/240  hits so far 1  [274s]
    chunk 64/240  hits so far 1  [274s]
    chunk 65/240  hits so far 1  [274s]
    chunk 66/240  hits so far 1  [274s]
    chunk 67/240  hits so far 1  [275s]
    chunk 68/240  hits so far 1  [276s]
    chunk 69/240  hits so far 1  [276s]
    chunk 70/240  hits so far 1  [276s]
    chunk 71/240  hits so far 1  [277s]
    chunk 72/240  hits so far 1  [277s]
    chunk 73/240  hits so far 1  [279s]
    chunk 74/240  hits so far 1  [279s]
    chunk 75/240  hits so far 1  [279s]
    chunk 76/240  hits so far 1  [279s]
    chunk 77/240  hits so far 1  [279s]
    chunk 78/240  hits so far 2  [280s]
    chunk 79/240  hits so far 2  [280s]
    chunk 80/240  hits so far 2  [280s]
    chunk 81/240  hits so far 2  [280s]
    chunk 82/240  hits so far 2  [280s]
    chunk 83/240  hits so far 2  [281s]
    chunk 84/240  hits so far 2  [281s]
    chunk 85/240  hits so far 2  [281s]
    chunk 86/240  hits so far 2  [281s]
    chunk 87/240  hits so far 2  [281s]
    chunk 88/240  hits so far 2  [281s]
    chunk 89/240  hits so far 2  [281s]
    chunk 90/240  hits so far 2  [282s]
    chunk 91/240  hits so far 2  [282s]
    chunk 92/240  hits so far 2  [282s]
    chunk 93/240  hits so far 2  [282s]
    chunk 94/240  hits so far 2  [282s]
    chunk 95/240  hits so far 2  [282s]
    chunk 96/240  hits so far 2  [282s]
    chunk 97/240  hits so far 2  [282s]
    chunk 98/240  hits so far 2  [282s]
    chunk 99/240  hits so far 2  [283s]
    chunk 100/240  hits so far 2  [283s]
    chunk 101/240  hits so far 2  [283s]
    chunk 102/240  hits so far 2  [283s]
    chunk 103/240  hits so far 2  [284s]
    chunk 104/240  hits so far 2  [284s]
    chunk 105/240  hits so far 2  [284s]
    chunk 106/240  hits so far 2  [284s]
    chunk 107/240  hits so far 2  [284s]
    chunk 108/240  hits so far 2  [285s]
    chunk 109/240  hits so far 2  [285s]
    chunk 110/240  hits so far 2  [285s]
    chunk 111/240  hits so far 2  [285s]
    chunk 112/240  hits so far 2  [285s]
    chunk 113/240  hits so far 2  [286s]
    chunk 114/240  hits so far 2  [287s]
    chunk 115/240  hits so far 2  [287s]
    chunk 116/240  hits so far 2  [287s]
    chunk 117/240  hits so far 2  [287s]
    chunk 118/240  hits so far 2  [288s]
    chunk 119/240  hits so far 2  [292s]
    chunk 120/240  hits so far 2  [296s]
    chunk 121/240  hits so far 2  [399s]
    chunk 122/240  hits so far 2  [400s]
    chunk 123/240  hits so far 2  [402s]
    chunk 124/240  hits so far 2  [402s]
    chunk 125/240  hits so far 2  [403s]
    chunk 126/240  hits so far 2  [405s]
    chunk 127/240  hits so far 2  [405s]
    chunk 128/240  hits so far 2  [406s]
    chunk 129/240  hits so far 2  [407s]
    chunk 130/240  hits so far 2  [407s]
    chunk 131/240  hits so far 2  [407s]
    chunk 132/240  hits so far 2  [407s]
    chunk 133/240  hits so far 2  [407s]
    chunk 134/240  hits so far 2  [408s]
    chunk 135/240  hits so far 2  [410s]
    chunk 136/240  hits so far 2  [410s]
    chunk 137/240  hits so far 2  [411s]
    chunk 138/240  hits so far 2  [411s]
    chunk 139/240  hits so far 2  [413s]
    chunk 140/240  hits so far 2  [413s]
    chunk 141/240  hits so far 2  [414s]
    chunk 142/240  hits so far 2  [414s]
    chunk 143/240  hits so far 2  [414s]
    chunk 144/240  hits so far 2  [414s]
    chunk 145/240  hits so far 2  [415s]
    chunk 146/240  hits so far 2  [415s]
    chunk 147/240  hits so far 2  [416s]
    chunk 148/240  hits so far 2  [416s]
    chunk 149/240  hits so far 2  [417s]
    chunk 150/240  hits so far 2  [418s]
    chunk 151/240  hits so far 2  [418s]
    chunk 152/240  hits so far 2  [419s]
    chunk 153/240  hits so far 2  [419s]
    chunk 154/240  hits so far 2  [419s]
    chunk 155/240  hits so far 2  [420s]
    chunk 156/240  hits so far 2  [420s]
    chunk 157/240  hits so far 3  [420s]
    chunk 158/240  hits so far 3  [420s]
    chunk 159/240  hits so far 3  [421s]
    chunk 160/240  hits so far 3  [421s]
    chunk 161/240  hits so far 3  [421s]
    chunk 162/240  hits so far 3  [421s]
    chunk 163/240  hits so far 3  [422s]
    chunk 164/240  hits so far 3  [422s]
    chunk 165/240  hits so far 3  [422s]
    chunk 166/240  hits so far 3  [422s]
    chunk 167/240  hits so far 3  [423s]
    chunk 168/240  hits so far 3  [424s]
    chunk 169/240  hits so far 3  [424s]
    chunk 170/240  hits so far 3  [424s]
    chunk 171/240  hits so far 3  [425s]
    chunk 172/240  hits so far 3  [425s]
    chunk 173/240  hits so far 3  [426s]
    chunk 174/240  hits so far 3  [428s]
    chunk 175/240  hits so far 3  [429s]
    chunk 176/240  hits so far 3  [429s]
    chunk 177/240  hits so far 3  [429s]
    chunk 178/240  hits so far 3  [432s]
    chunk 179/240  hits so far 3  [435s]
    chunk 180/240  hits so far 3  [439s]
    chunk 181/240  hits so far 3  [479s]
    chunk 182/240  hits so far 3  [530s]
    chunk 183/240  hits so far 3  [536s]
    chunk 184/240  hits so far 3  [536s]
    chunk 185/240  hits so far 3  [538s]
    chunk 186/240  hits so far 3  [539s]
    chunk 187/240  hits so far 3  [540s]
    chunk 188/240  hits so far 3  [540s]
    chunk 189/240  hits so far 3  [541s]
    chunk 190/240  hits so far 3  [542s]
    chunk 191/240  hits so far 3  [543s]
    chunk 192/240  hits so far 3  [543s]
    chunk 193/240  hits so far 3  [544s]
    chunk 194/240  hits so far 3  [544s]
    chunk 195/240  hits so far 3  [544s]
    chunk 196/240  hits so far 3  [545s]
    chunk 197/240  hits so far 3  [546s]
    chunk 198/240  hits so far 3  [548s]
    chunk 199/240  hits so far 3  [549s]
    chunk 200/240  hits so far 3  [549s]
    chunk 201/240  hits so far 3  [549s]
    chunk 202/240  hits so far 3  [550s]
    chunk 203/240  hits so far 3  [550s]
    chunk 204/240  hits so far 3  [550s]
    chunk 205/240  hits so far 3  [550s]
    chunk 206/240  hits so far 3  [551s]
    chunk 207/240  hits so far 3  [551s]
    chunk 208/240  hits so far 3  [551s]
    chunk 209/240  hits so far 3  [552s]
    chunk 210/240  hits so far 3  [553s]
    chunk 211/240  hits so far 3  [553s]
    chunk 212/240  hits so far 3  [553s]
    chunk 213/240  hits so far 3  [553s]
    chunk 214/240  hits so far 3  [554s]
    chunk 215/240  hits so far 3  [554s]
    chunk 216/240  hits so far 3  [554s]
    chunk 217/240  hits so far 3  [554s]
    chunk 218/240  hits so far 3  [555s]
    chunk 219/240  hits so far 3  [555s]
    chunk 220/240  hits so far 3  [555s]
    chunk 221/240  hits so far 3  [555s]
    chunk 222/240  hits so far 3  [555s]
    chunk 223/240  hits so far 3  [555s]
    chunk 224/240  hits so far 3  [555s]
    chunk 225/240  hits so far 3  [555s]
    chunk 226/240  hits so far 3  [555s]
    chunk 227/240  hits so far 3  [556s]
    chunk 228/240  hits so far 3  [556s]
    chunk 229/240  hits so far 3  [556s]
    chunk 230/240  hits so far 3  [556s]
    chunk 231/240  hits so far 3  [556s]
    chunk 232/240  hits so far 3  [556s]
    chunk 233/240  hits so far 3  [556s]
    chunk 234/240  hits so far 3  [556s]
    chunk 235/240  hits so far 3  [556s]
    chunk 236/240  hits so far 3  [556s]
    chunk 237/240  hits so far 3  [556s]
    chunk 238/240  hits so far 3  [556s]
    chunk 239/240  hits so far 3  [556s]
    chunk 240/240  hits so far 3  [557s]

  STAGE 2 done: 3 constant-specific Mobius identities (rational trap filtered) [557s]
  POSITIVE CONTROL (Apery 6/zeta(3) recovered): OK
  per-constant: zeta3:3
  TAIL constants (catalan/zeta3/gamma) hits: catalan:0, zeta3:3, gamma:0  <- any nonzero is notable (NOT claimed novel without a literature check)
    [TAIL] zeta3    A=[5, 27, 51, 34] B=[0, 0, 0] v=4.9914442354842448120987 rel=[-6, 0, 0, 1] height=6
    [TAIL] zeta3    A=[-1, -5, -9, -6] B=[0, 0, 0] v=-0.950751282949379964209 rel=[-8, 0, 0, -7] height=8
    [TAIL] zeta3    A=[1, 5, 9, 6] B=[0, 0, 0] v=0.9507512829493799642092 rel=[-8, 0, 0, 7] height=8
  wrote runs/pcf_n6/stage2_hits.json + stage2_summary.json
