  STAGE 2 (CPU PSLQ, 60 procs): verifying 50,001 survivors against the constant battery
    chunk 1/240  hits so far 0  [103s]
    chunk 2/240  hits so far 0  [103s]
    chunk 3/240  hits so far 0  [104s]
    chunk 4/240  hits so far 0  [104s]
    chunk 5/240  hits so far 0  [104s]
    chunk 6/240  hits so far 0  [104s]
    chunk 7/240  hits so far 0  [105s]
    chunk 8/240  hits so far 0  [105s]
    chunk 9/240  hits so far 0  [105s]
    chunk 10/240  hits so far 0  [105s]
    chunk 11/240  hits so far 0  [105s]
    chunk 12/240  hits so far 0  [106s]
    chunk 13/240  hits so far 0  [106s]
    chunk 14/240  hits so far 0  [106s]
    chunk 15/240  hits so far 0  [106s]
    chunk 16/240  hits so far 0  [106s]
    chunk 17/240  hits so far 0  [106s]
    chunk 18/240  hits so far 0  [107s]
    chunk 19/240  hits so far 0  [107s]
    chunk 20/240  hits so far 0  [107s]
    chunk 21/240  hits so far 0  [107s]
    chunk 22/240  hits so far 0  [108s]
    chunk 23/240  hits so far 0  [108s]
    chunk 24/240  hits so far 0  [108s]
    chunk 25/240  hits so far 0  [108s]
    chunk 26/240  hits so far 0  [108s]
    chunk 27/240  hits so far 0  [108s]
    chunk 28/240  hits so far 0  [108s]
    chunk 29/240  hits so far 0  [108s]
    chunk 30/240  hits so far 0  [108s]
    chunk 31/240  hits so far 0  [108s]
    chunk 32/240  hits so far 0  [108s]
    chunk 33/240  hits so far 0  [108s]
    chunk 34/240  hits so far 0  [108s]
    chunk 35/240  hits so far 0  [108s]
    chunk 36/240  hits so far 0  [108s]
    chunk 37/240  hits so far 0  [109s]
    chunk 38/240  hits so far 0  [109s]
    chunk 39/240  hits so far 0  [109s]
    chunk 40/240  hits so far 0  [109s]
    chunk 41/240  hits so far 0  [109s]
    chunk 42/240  hits so far 0  [109s]
    chunk 43/240  hits so far 0  [109s]
    chunk 44/240  hits so far 0  [109s]
    chunk 45/240  hits so far 0  [109s]
    chunk 46/240  hits so far 0  [109s]
    chunk 47/240  hits so far 0  [110s]
    chunk 48/240  hits so far 0  [110s]
    chunk 49/240  hits so far 0  [110s]
    chunk 50/240  hits so far 0  [110s]
    chunk 51/240  hits so far 0  [110s]
    chunk 52/240  hits so far 0  [111s]
    chunk 53/240  hits so far 0  [111s]
    chunk 54/240  hits so far 0  [112s]
    chunk 55/240  hits so far 0  [112s]
    chunk 56/240  hits so far 0  [112s]
    chunk 57/240  hits so far 0  [112s]
    chunk 58/240  hits so far 0  [112s]
    chunk 59/240  hits so far 0  [113s]
    chunk 60/240  hits so far 1  [117s]
    chunk 61/240  hits so far 1  [210s]
    chunk 62/240  hits so far 1  [210s]
    chunk 63/240  hits so far 1  [211s]
    chunk 64/240  hits so far 1  [212s]
    chunk 65/240  hits so far 1  [213s]
    chunk 66/240  hits so far 1  [213s]
    chunk 67/240  hits so far 1  [214s]
    chunk 68/240  hits so far 1  [214s]
    chunk 69/240  hits so far 1  [214s]
    chunk 70/240  hits so far 1  [214s]
    chunk 71/240  hits so far 1  [214s]
    chunk 72/240  hits so far 1  [215s]
    chunk 73/240  hits so far 1  [215s]
    chunk 74/240  hits so far 1  [215s]
    chunk 75/240  hits so far 1  [215s]
    chunk 76/240  hits so far 1  [215s]
    chunk 77/240  hits so far 1  [215s]
    chunk 78/240  hits so far 1  [215s]
    chunk 79/240  hits so far 1  [215s]
    chunk 80/240  hits so far 1  [216s]
    chunk 81/240  hits so far 1  [216s]
    chunk 82/240  hits so far 1  [216s]
    chunk 83/240  hits so far 1  [216s]
    chunk 84/240  hits so far 1  [216s]
    chunk 85/240  hits so far 1  [216s]
    chunk 86/240  hits so far 1  [216s]
    chunk 87/240  hits so far 1  [216s]
    chunk 88/240  hits so far 1  [217s]
    chunk 89/240  hits so far 1  [217s]
    chunk 90/240  hits so far 1  [217s]
    chunk 91/240  hits so far 1  [217s]
    chunk 92/240  hits so far 1  [217s]
    chunk 93/240  hits so far 1  [217s]
    chunk 94/240  hits so far 1  [217s]
    chunk 95/240  hits so far 1  [217s]
    chunk 96/240  hits so far 1  [218s]
    chunk 97/240  hits so far 1  [218s]
    chunk 98/240  hits so far 1  [218s]
    chunk 99/240  hits so far 1  [219s]
    chunk 100/240  hits so far 1  [219s]
    chunk 101/240  hits so far 1  [220s]
    chunk 102/240  hits so far 1  [220s]
    chunk 103/240  hits so far 1  [220s]
    chunk 104/240  hits so far 1  [220s]
    chunk 105/240  hits so far 1  [220s]
    chunk 106/240  hits so far 1  [220s]
    chunk 107/240  hits so far 1  [220s]
    chunk 108/240  hits so far 1  [221s]
    chunk 109/240  hits so far 1  [221s]
    chunk 110/240  hits so far 1  [221s]
    chunk 111/240  hits so far 1  [223s]
    chunk 112/240  hits so far 1  [223s]
    chunk 113/240  hits so far 1  [223s]
    chunk 114/240  hits so far 1  [224s]
    chunk 115/240  hits so far 1  [224s]
    chunk 116/240  hits so far 1  [224s]
    chunk 117/240  hits so far 1  [224s]
    chunk 118/240  hits so far 1  [224s]
    chunk 119/240  hits so far 1  [226s]
    chunk 120/240  hits so far 1  [228s]
    chunk 121/240  hits so far 1  [326s]
    chunk 122/240  hits so far 1  [326s]
    chunk 123/240  hits so far 1  [327s]
    chunk 124/240  hits so far 1  [327s]
    chunk 125/240  hits so far 1  [327s]
    chunk 126/240  hits so far 1  [327s]
    chunk 127/240  hits so far 1  [327s]
    chunk 128/240  hits so far 1  [328s]
    chunk 129/240  hits so far 1  [328s]
    chunk 130/240  hits so far 1  [329s]
    chunk 131/240  hits so far 1  [329s]
    chunk 132/240  hits so far 1  [329s]
    chunk 133/240  hits so far 1  [329s]
    chunk 134/240  hits so far 1  [329s]
    chunk 135/240  hits so far 1  [330s]
    chunk 136/240  hits so far 1  [330s]
    chunk 137/240  hits so far 1  [331s]
    chunk 138/240  hits so far 1  [331s]
    chunk 139/240  hits so far 1  [331s]
    chunk 140/240  hits so far 1  [332s]
    chunk 141/240  hits so far 1  [332s]
    chunk 142/240  hits so far 1  [332s]
    chunk 143/240  hits so far 1  [332s]
    chunk 144/240  hits so far 1  [332s]
    chunk 145/240  hits so far 1  [333s]
    chunk 146/240  hits so far 1  [333s]
    chunk 147/240  hits so far 1  [334s]
    chunk 148/240  hits so far 1  [334s]
    chunk 149/240  hits so far 1  [336s]
    chunk 150/240  hits so far 1  [336s]
    chunk 151/240  hits so far 1  [336s]
    chunk 152/240  hits so far 1  [337s]
    chunk 153/240  hits so far 1  [337s]
    chunk 154/240  hits so far 1  [337s]
    chunk 155/240  hits so far 1  [337s]
    chunk 156/240  hits so far 1  [338s]
    chunk 157/240  hits so far 1  [338s]
    chunk 158/240  hits so far 1  [338s]
    chunk 159/240  hits so far 1  [339s]
    chunk 160/240  hits so far 1  [339s]
    chunk 161/240  hits so far 1  [340s]
    chunk 162/240  hits so far 1  [340s]
    chunk 163/240  hits so far 1  [341s]
    chunk 164/240  hits so far 1  [341s]
    chunk 165/240  hits so far 1  [341s]
    chunk 166/240  hits so far 1  [341s]
    chunk 167/240  hits so far 1  [341s]
    chunk 168/240  hits so far 1  [343s]
    chunk 169/240  hits so far 1  [343s]
    chunk 170/240  hits so far 1  [343s]
    chunk 171/240  hits so far 1  [344s]
    chunk 172/240  hits so far 1  [344s]
    chunk 173/240  hits so far 1  [345s]
    chunk 174/240  hits so far 1  [346s]
    chunk 175/240  hits so far 1  [348s]
    chunk 176/240  hits so far 1  [350s]
    chunk 177/240  hits so far 1  [350s]
    chunk 178/240  hits so far 1  [351s]
    chunk 179/240  hits so far 1  [351s]
    chunk 180/240  hits so far 1  [359s]
    chunk 181/240  hits so far 1  [396s]
    chunk 182/240  hits so far 1  [453s]
    chunk 183/240  hits so far 1  [455s]
    chunk 184/240  hits so far 1  [457s]
    chunk 185/240  hits so far 1  [457s]
    chunk 186/240  hits so far 1  [457s]
    chunk 187/240  hits so far 1  [458s]
    chunk 188/240  hits so far 1  [458s]
    chunk 189/240  hits so far 1  [458s]
    chunk 190/240  hits so far 1  [459s]
    chunk 191/240  hits so far 1  [459s]
    chunk 192/240  hits so far 1  [460s]
    chunk 193/240  hits so far 1  [461s]
    chunk 194/240  hits so far 1  [462s]
    chunk 195/240  hits so far 1  [463s]
    chunk 196/240  hits so far 1  [464s]
    chunk 197/240  hits so far 1  [467s]
    chunk 198/240  hits so far 1  [469s]
    chunk 199/240  hits so far 1  [471s]
    chunk 200/240  hits so far 1  [476s]
    chunk 201/240  hits so far 1  [477s]
    chunk 202/240  hits so far 1  [478s]
    chunk 203/240  hits so far 1  [479s]
    chunk 204/240  hits so far 1  [479s]
    chunk 205/240  hits so far 1  [481s]
    chunk 206/240  hits so far 1  [482s]
    chunk 207/240  hits so far 1  [482s]
    chunk 208/240  hits so far 1  [482s]
    chunk 209/240  hits so far 1  [483s]
    chunk 210/240  hits so far 1  [483s]
    chunk 211/240  hits so far 1  [483s]
    chunk 212/240  hits so far 1  [484s]
    chunk 213/240  hits so far 1  [484s]
    chunk 214/240  hits so far 1  [484s]
    chunk 215/240  hits so far 1  [484s]
    chunk 216/240  hits so far 1  [484s]
    chunk 217/240  hits so far 1  [484s]
    chunk 218/240  hits so far 1  [485s]
    chunk 219/240  hits so far 1  [485s]
    chunk 220/240  hits so far 1  [485s]
    chunk 221/240  hits so far 1  [485s]
    chunk 222/240  hits so far 1  [485s]
    chunk 223/240  hits so far 1  [485s]
    chunk 224/240  hits so far 1  [485s]
    chunk 225/240  hits so far 1  [485s]
    chunk 226/240  hits so far 1  [485s]
    chunk 227/240  hits so far 1  [486s]
    chunk 228/240  hits so far 1  [486s]
    chunk 229/240  hits so far 1  [486s]
    chunk 230/240  hits so far 1  [486s]
    chunk 231/240  hits so far 1  [486s]
    chunk 232/240  hits so far 1  [486s]
    chunk 233/240  hits so far 1  [486s]
    chunk 234/240  hits so far 1  [486s]
    chunk 235/240  hits so far 1  [486s]
    chunk 236/240  hits so far 1  [486s]
    chunk 237/240  hits so far 1  [486s]
    chunk 238/240  hits so far 1  [486s]
    chunk 239/240  hits so far 1  [486s]
    chunk 240/240  hits so far 1  [487s]

  STAGE 2 done: 1 constant-specific Mobius identities (rational trap filtered) [487s]
  POSITIVE CONTROL (Apery 6/zeta(3) recovered): OK
  per-constant: zeta3:1
  TAIL constants (catalan/zeta3/gamma) hits: catalan:0, zeta3:1, gamma:0  <- any nonzero is notable (NOT claimed novel without a literature check)
    [TAIL] zeta3    A=[5, 27, 51, 34] B=[0, 0, 0] v=4.9914442354842448120987 rel=[-6, 0, 0, 1] height=6
  wrote runs/pcf_n6big_blind/stage2_hits.json + stage2_summary.json
